# JRE version: OpenJDK Runtime Environment Temurin-21.0.6+7 (21.0.6+7) (build 21.0.6+7-LTS)
# Java VM: OpenJDK 64-Bit Server VM Temurin-21.0.6+7 (21.0.6+7-LTS, mixed mode, sharing, tiered, compressed oops, compressed class ptrs, parallel gc, windows-amd64)
GC Precious Log:
 CardTable entry size: 512
 CPUs: 8 total, 8 available
 Memory: 7955M
 Large Page Support: Disabled
 NUMA Support: Disabled
 Compressed Oops: Enabled (32-bit)
 Alignments: Space 512K, Generation 512K, Heap 2M
 Heap Min Capacity: 100M
 Heap Initial Capacity: 100M
 Heap Max Capacity: 1G
 Pre-touch: Disabled
 Parallel Workers: 8
Heap:
 PSYoungGen      total 22528K, used 11274K [0x00000000eab00000, 0x00000000ec280000, 0x0000000100000000)
  eden space 20480K, 55% used [0x00000000eab00000,0x00000000eb602a40,0x00000000ebf00000)
  from space 2048K, 0% used [0x00000000ebf00000,0x00000000ebf00000,0x00000000ec100000)
  to   space 1024K, 0% used [0x00000000ec180000,0x00000000ec180000,0x00000000ec280000)
 ParOldGen       total 68608K, used 34180K [0x00000000c0000000, 0x00000000c4300000, 0x00000000eab00000)
  object space 68608K, 49% used [0x00000000c0000000,0x00000000c2161120,0x00000000c4300000)
 Metaspace       used 35496K, committed 36352K, reserved 1114112K
  class space    used 3485K, committed 3840K, reserved 1048576K
GC Heap History (20 events):
Event: 18.602 GC heap before
{Heap before GC invocations=12 (full 1):
 PSYoungGen      total 25088K, used 24875K [0x00000000eab00000, 0x00000000ec800000, 0x0000000100000000)
  eden space 23040K, 100% used [0x00000000eab00000,0x00000000ec180000,0x00000000ec180000)
  from space 2048K, 89% used [0x00000000ec600000,0x00000000ec7cae98,0x00000000ec800000)
  to   space 2560K, 0% used [0x00000000ec300000,0x00000000ec300000,0x00000000ec580000)
 ParOldGen       total 68608K, used 18183K [0x00000000c0000000, 0x00000000c4300000, 0x00000000eab00000)
  object space 68608K, 26% used [0x00000000c0000000,0x00000000c11c1d88,0x00000000c4300000)
 Metaspace       used 31696K, committed 32640K, reserved 1114112K
  class space    used 3076K, committed 3456K, reserved 1048576K
}
Event: 18.607 GC heap after
{Heap after GC invocations=12 (full 1):
 PSYoungGen      total 25088K, used 2080K [0x00000000eab00000, 0x00000000ec680000, 0x0000000100000000)
  eden space 22528K, 0% used [0x00000000eab00000,0x00000000eab00000,0x00000000ec100000)
  from space 2560K, 81% used [0x00000000ec300000,0x00000000ec508030,0x00000000ec580000)
  to   space 1024K, 0% used [0x00000000ec580000,0x00000000ec580000,0x00000000ec680000)
 ParOldGen       total 68608K, used 19669K [0x00000000c0000000, 0x00000000c4300000, 0x00000000eab00000)
  object space 68608K, 28% used [0x00000000c0000000,0x00000000c1335490,0x00000000c4300000)
 Metaspace       used 31696K, committed 32640K, reserved 1114112K
  class space    used 3076K, committed 3456K, reserved 1048576K
}
Event: 18.966 GC heap before
{Heap before GC invocations=13 (full 1):
 PSYoungGen      total 25088K, used 24608K [0x00000000eab00000, 0x00000000ec680000, 0x0000000100000000)
  eden space 22528K, 100% used [0x00000000eab00000,0x00000000ec100000,0x00000000ec100000)
  from space 2560K, 81% used [0x00000000ec300000,0x00000000ec508030,0x00000000ec580000)
  to   space 1024K, 0% used [0x00000000ec580000,0x00000000ec580000,0x00000000ec680000)
 ParOldGen       total 68608K, used 19669K [0x00000000c0000000, 0x00000000c4300000, 0x00000000eab00000)
  object space 68608K, 28% used [0x00000000c0000000,0x00000000c1335490,0x00000000c4300000)
 Metaspace       used 31706K, committed 32640K, reserved 1114112K
  class space    used 3076K, committed 3456K, reserved 1048576K
}
Event: 18.972 GC heap after
{Heap after GC invocations=13 (full 1):
 PSYoungGen      total 23040K, used 992K [0x00000000eab00000, 0x00000000ec980000, 0x0000000100000000)
  eden space 22016K, 0% used [0x00000000eab00000,0x00000000eab00000,0x00000000ec080000)
  from space 1024K, 96% used [0x00000000ec580000,0x00000000ec678010,0x00000000ec680000)
  to   space 4608K, 0% used [0x00000000ec080000,0x00000000ec080000,0x00000000ec500000)
 ParOldGen       total 68608K, used 22607K [0x00000000c0000000, 0x00000000c4300000, 0x00000000eab00000)
  object space 68608K, 32% used [0x00000000c0000000,0x00000000c1613e00,0x00000000c4300000)
 Metaspace       used 31706K, committed 32640K, reserved 1114112K
  class space    used 3076K, committed 3456K, reserved 1048576K
}
Event: 19.324 GC heap before
{Heap before GC invocations=14 (full 1):
 PSYoungGen      total 23040K, used 23008K [0x00000000eab00000, 0x00000000ec980000, 0x0000000100000000)
  eden space 22016K, 100% used [0x00000000eab00000,0x00000000ec080000,0x00000000ec080000)
  from space 1024K, 96% used [0x00000000ec580000,0x00000000ec678010,0x00000000ec680000)
  to   space 4608K, 0% used [0x00000000ec080000,0x00000000ec080000,0x00000000ec500000)
 ParOldGen       total 68608K, used 22607K [0x00000000c0000000, 0x00000000c4300000, 0x00000000eab00000)
  object space 68608K, 32% used [0x00000000c0000000,0x00000000c1613e00,0x00000000c4300000)
 Metaspace       used 32158K, committed 33024K, reserved 1114112K
  class space    used 3149K, committed 3520K, reserved 1048576K
}
Event: 19.332 GC heap after
{Heap after GC invocations=14 (full 1):
 PSYoungGen      total 25088K, used 2818K [0x00000000eab00000, 0x00000000ec780000, 0x0000000100000000)
  eden space 22016K, 0% used [0x00000000eab00000,0x00000000eab00000,0x00000000ec080000)
  from space 3072K, 91% used [0x00000000ec080000,0x00000000ec3408a0,0x00000000ec380000)
  to   space 3584K, 0% used [0x00000000ec400000,0x00000000ec400000,0x00000000ec780000)
 ParOldGen       total 68608K, used 23575K [0x00000000c0000000, 0x00000000c4300000, 0x00000000eab00000)
  object space 68608K, 34% used [0x00000000c0000000,0x00000000c1705e00,0x00000000c4300000)
 Metaspace       used 32158K, committed 33024K, reserved 1114112K
  class space    used 3149K, committed 3520K, reserved 1048576K
}
Event: 19.474 GC heap before
{Heap before GC invocations=15 (full 1):
 PSYoungGen      total 25088K, used 24834K [0x00000000eab00000, 0x00000000ec780000, 0x0000000100000000)
  eden space 22016K, 100% used [0x00000000eab00000,0x00000000ec080000,0x00000000ec080000)
  from space 3072K, 91% used [0x00000000ec080000,0x00000000ec3408a0,0x00000000ec380000)
  to   space 3584K, 0% used [0x00000000ec400000,0x00000000ec400000,0x00000000ec780000)
 ParOldGen       total 68608K, used 23575K [0x00000000c0000000, 0x00000000c4300000, 0x00000000eab00000)
  object space 68608K, 34% used [0x00000000c0000000,0x00000000c1705e00,0x00000000c4300000)
 Metaspace       used 32187K, committed 33088K, reserved 1114112K
  class space    used 3150K, committed 3520K, reserved 1048576K
}
Event: 19.482 GC heap after
{Heap after GC invocations=15 (full 1):
 PSYoungGen      total 24576K, used 2240K [0x00000000eab00000, 0x00000000ec680000, 0x0000000100000000)
  eden space 22016K, 0% used [0x00000000eab00000,0x00000000eab00000,0x00000000ec080000)
  from space 2560K, 87% used [0x00000000ec400000,0x00000000ec630000,0x00000000ec680000)
  to   space 2560K, 0% used [0x00000000ec180000,0x00000000ec180000,0x00000000ec400000)
 ParOldGen       total 68608K, used 26190K [0x00000000c0000000, 0x00000000c4300000, 0x00000000eab00000)
  object space 68608K, 38% used [0x00000000c0000000,0x00000000c1993a30,0x00000000c4300000)
 Metaspace       used 32187K, committed 33088K, reserved 1114112K
  class space    used 3150K, committed 3520K, reserved 1048576K
}
Event: 19.661 GC heap before
{Heap before GC invocations=16 (full 1):
 PSYoungGen      total 24576K, used 24256K [0x00000000eab00000, 0x00000000ec680000, 0x0000000100000000)
  eden space 22016K, 100% used [0x00000000eab00000,0x00000000ec080000,0x00000000ec080000)
  from space 2560K, 87% used [0x00000000ec400000,0x00000000ec630000,0x00000000ec680000)
  to   space 2560K, 0% used [0x00000000ec180000,0x00000000ec180000,0x00000000ec400000)
 ParOldGen       total 68608K, used 26190K [0x00000000c0000000, 0x00000000c4300000, 0x00000000eab00000)
  object space 68608K, 38% used [0x00000000c0000000,0x00000000c1993a30,0x00000000c4300000)
 Metaspace       used 32211K, committed 33088K, reserved 1114112K
  class space    used 3150K, committed 3520K, reserved 1048576K
}
Event: 19.668 GC heap after
{Heap after GC invocations=16 (full 1):
 PSYoungGen      total 24576K, used 2212K [0x00000000eab00000, 0x00000000ec580000, 0x0000000100000000)
  eden space 22016K, 0% used [0x00000000eab00000,0x00000000eab00000,0x00000000ec080000)
  from space 2560K, 86% used [0x00000000ec180000,0x00000000ec3a9000,0x00000000ec400000)
  to   space 1536K, 0% used [0x00000000ec400000,0x00000000ec400000,0x00000000ec580000)
 ParOldGen       total 68608K, used 28246K [0x00000000c0000000, 0x00000000c4300000, 0x00000000eab00000)
  object space 68608K, 41% used [0x00000000c0000000,0x00000000c1b95a30,0x00000000c4300000)
 Metaspace       used 32211K, committed 33088K, reserved 1114112K
  class space    used 3150K, committed 3520K, reserved 1048576K
}
Event: 19.826 GC heap before
{Heap before GC invocations=17 (full 1):
 PSYoungGen      total 24576K, used 24228K [0x00000000eab00000, 0x00000000ec580000, 0x0000000100000000)
  eden space 22016K, 100% used [0x00000000eab00000,0x00000000ec080000,0x00000000ec080000)
  from space 2560K, 86% used [0x00000000ec180000,0x00000000ec3a9000,0x00000000ec400000)
  to   space 1536K, 0% used [0x00000000ec400000,0x00000000ec400000,0x00000000ec580000)
 ParOldGen       total 68608K, used 28246K [0x00000000c0000000, 0x00000000c4300000, 0x00000000eab00000)
  object space 68608K, 41% used [0x00000000c0000000,0x00000000c1b95a30,0x00000000c4300000)
 Metaspace       used 32325K, committed 33216K, reserved 1114112K
  class space    used 3152K, committed 3520K, reserved 1048576K
}
Event: 19.834 GC heap after
{Heap after GC invocations=17 (full 1):
 PSYoungGen      total 22016K, used 1504K [0x00000000eab00000, 0x00000000eca80000, 0x0000000100000000)
  eden space 20480K, 0% used [0x00000000eab00000,0x00000000eab00000,0x00000000ebf00000)
  from space 1536K, 97% used [0x00000000ec400000,0x00000000ec578010,0x00000000ec580000)
  to   space 5120K, 0% used [0x00000000ebf00000,0x00000000ebf00000,0x00000000ec400000)
 ParOldGen       total 68608K, used 31060K [0x00000000c0000000, 0x00000000c4300000, 0x00000000eab00000)
  object space 68608K, 45% used [0x00000000c0000000,0x00000000c1e550a8,0x00000000c4300000)
 Metaspace       used 32325K, committed 33216K, reserved 1114112K
  class space    used 3152K, committed 3520K, reserved 1048576K
}
Event: 19.951 GC heap before
{Heap before GC invocations=18 (full 1):
 PSYoungGen      total 22016K, used 21984K [0x00000000eab00000, 0x00000000eca80000, 0x0000000100000000)
  eden space 20480K, 100% used [0x00000000eab00000,0x00000000ebf00000,0x00000000ebf00000)
  from space 1536K, 97% used [0x00000000ec400000,0x00000000ec578010,0x00000000ec580000)
  to   space 5120K, 0% used [0x00000000ebf00000,0x00000000ebf00000,0x00000000ec400000)
 ParOldGen       total 68608K, used 31060K [0x00000000c0000000, 0x00000000c4300000, 0x00000000eab00000)
  object space 68608K, 45% used [0x00000000c0000000,0x00000000c1e550a8,0x00000000c4300000)
 Metaspace       used 32370K, committed 33280K, reserved 1114112K
  class space    used 3152K, committed 3520K, reserved 1048576K
}
Event: 19.962 GC heap after
{Heap after GC invocations=18 (full 1):
 PSYoungGen      total 22528K, used 1912K [0x00000000eab00000, 0x00000000ec500000, 0x0000000100000000)
  eden space 20480K, 0% used [0x00000000eab00000,0x00000000eab00000,0x00000000ebf00000)
  from space 2048K, 93% used [0x00000000ebf00000,0x00000000ec0de200,0x00000000ec100000)
  to   space 3072K, 0% used [0x00000000ec200000,0x00000000ec200000,0x00000000ec500000)
 ParOldGen       total 68608K, used 32580K [0x00000000c0000000, 0x00000000c4300000, 0x00000000eab00000)
  object space 68608K, 47% used [0x00000000c0000000,0x00000000c1fd10b8,0x00000000c4300000)
 Metaspace       used 32370K, committed 33280K, reserved 1114112K
  class space    used 3152K, committed 3520K, reserved 1048576K
}
Event: 21.600 GC heap before
{Heap before GC invocations=19 (full 1):
 PSYoungGen      total 22528K, used 22383K [0x00000000eab00000, 0x00000000ec500000, 0x0000000100000000)
  eden space 20480K, 99% used [0x00000000eab00000,0x00000000ebefdb30,0x00000000ebf00000)
  from space 2048K, 93% used [0x00000000ebf00000,0x00000000ec0de200,0x00000000ec100000)
  to   space 3072K, 0% used [0x00000000ec200000,0x00000000ec200000,0x00000000ec500000)
 ParOldGen       total 68608K, used 32580K [0x00000000c0000000, 0x00000000c4300000, 0x00000000eab00000)
  object space 68608K, 47% used [0x00000000c0000000,0x00000000c1fd10b8,0x00000000c4300000)
 Metaspace       used 34248K, committed 35136K, reserved 1114112K
  class space    used 3352K, committed 3712K, reserved 1048576K
}
Event: 21.605 GC heap after
{Heap after GC invocations=19 (full 1):
 PSYoungGen      total 22528K, used 1574K [0x00000000eab00000, 0x00000000ec400000, 0x0000000100000000)
  eden space 20480K, 0% used [0x00000000eab00000,0x00000000eab00000,0x00000000ebf00000)
  from space 2048K, 76% used [0x00000000ec200000,0x00000000ec3898b8,0x00000000ec400000)
  to   space 2048K, 0% used [0x00000000ebf00000,0x00000000ebf00000,0x00000000ec100000)
 ParOldGen       total 68608K, used 34404K [0x00000000c0000000, 0x00000000c4300000, 0x00000000eab00000)
  object space 68608K, 50% used [0x00000000c0000000,0x00000000c21992b8,0x00000000c4300000)
 Metaspace       used 34248K, committed 35136K, reserved 1114112K
  class space    used 3352K, committed 3712K, reserved 1048576K
}
Event: 24.158 GC heap before
{Heap before GC invocations=20 (full 1):
 PSYoungGen      total 22528K, used 14439K [0x00000000eab00000, 0x00000000ec400000, 0x0000000100000000)
  eden space 20480K, 62% used [0x00000000eab00000,0x00000000eb7904e0,0x00000000ebf00000)
  from space 2048K, 76% used [0x00000000ec200000,0x00000000ec3898b8,0x00000000ec400000)
  to   space 2048K, 0% used [0x00000000ebf00000,0x00000000ebf00000,0x00000000ec100000)
 ParOldGen       total 68608K, used 34404K [0x00000000c0000000, 0x00000000c4300000, 0x00000000eab00000)
  object space 68608K, 50% used [0x00000000c0000000,0x00000000c21992b8,0x00000000c4300000)
 Metaspace       used 34955K, committed 35840K, reserved 1114112K
  class space    used 3449K, committed 3840K, reserved 1048576K
}
Event: 24.166 GC heap after
{Heap after GC invocations=20 (full 1):
 PSYoungGen      total 22528K, used 448K [0x00000000eab00000, 0x00000000ec280000, 0x0000000100000000)
  eden space 20480K, 0% used [0x00000000eab00000,0x00000000eab00000,0x00000000ebf00000)
  from space 2048K, 21% used [0x00000000ebf00000,0x00000000ebf70010,0x00000000ec100000)
  to   space 1024K, 0% used [0x00000000ec180000,0x00000000ec180000,0x00000000ec280000)
 ParOldGen       total 68608K, used 35748K [0x00000000c0000000, 0x00000000c4300000, 0x00000000eab00000)
  object space 68608K, 52% used [0x00000000c0000000,0x00000000c22e9378,0x00000000c4300000)
 Metaspace       used 34955K, committed 35840K, reserved 1114112K
  class space    used 3449K, committed 3840K, reserved 1048576K
}
Event: 24.166 GC heap before
{Heap before GC invocations=21 (full 2):
 PSYoungGen      total 22528K, used 448K [0x00000000eab00000, 0x00000000ec280000, 0x0000000100000000)
  eden space 20480K, 0% used [0x00000000eab00000,0x00000000eab00000,0x00000000ebf00000)
  from space 2048K, 21% used [0x00000000ebf00000,0x00000000ebf70010,0x00000000ec100000)
  to   space 1024K, 0% used [0x00000000ec180000,0x00000000ec180000,0x00000000ec280000)
 ParOldGen       total 68608K, used 35748K [0x00000000c0000000, 0x00000000c4300000, 0x00000000eab00000)
  object space 68608K, 52% used [0x00000000c0000000,0x00000000c22e9378,0x00000000c4300000)
 Metaspace       used 34955K, committed 35840K, reserved 1114112K
  class space    used 3449K, committed 3840K, reserved 1048576K
}
Event: 24.292 GC heap after
{Heap after GC invocations=21 (full 2):
 PSYoungGen      total 22528K, used 0K [0x00000000eab00000, 0x00000000ec280000, 0x0000000100000000)
  eden space 20480K, 0% used [0x00000000eab00000,0x00000000eab00000,0x00000000ebf00000)
  from space 2048K, 0% used [0x00000000ebf00000,0x00000000ebf00000,0x00000000ec100000)
  to   space 1024K, 0% used [0x00000000ec180000,0x00000000ec180000,0x00000000ec280000)
 ParOldGen       total 68608K, used 34180K [0x00000000c0000000, 0x00000000c4300000, 0x00000000eab00000)
  object space 68608K, 49% used [0x00000000c0000000,0x00000000c2161120,0x00000000c4300000)
 Metaspace       used 34869K, committed 35840K, reserved 1114112K
  class space    used 3425K, committed 3840K, reserved 1048576K
}

