# JRE version: OpenJDK Runtime Environment Temurin-21.0.6+7 (21.0.6+7) (build 21.0.6+7-LTS)
# Java VM: OpenJDK 64-Bit Server VM Temurin-21.0.6+7 (21.0.6+7-LTS, mixed mode, sharing, tiered, compressed oops, compressed class ptrs, parallel gc, windows-amd64)
GC Precious Log:
 CardTable entry size: 512
 CPUs: 8 total, 8 available
 Memory: 7955M
 Large Page Support: Disabled
 NUMA Support: Disabled
 Compressed Oops: Enabled (32-bit)
 Alignments: Space 512K, Generation 512K, Heap 2M
 Heap Min Capacity: 100M
 Heap Initial Capacity: 100M
 Heap Max Capacity: 1G
 Pre-touch: Disabled
 Parallel Workers: 8
Heap:
 PSYoungGen      total 8704K, used 8254K [0x00000000eab00000, 0x00000000eb580000, 0x0000000100000000)
  eden space 6656K, 100% used [0x00000000eab00000,0x00000000eb180000,0x00000000eb180000)
  from space 2048K, 78% used [0x00000000eb380000,0x00000000eb50faa8,0x00000000eb580000)
  to   space 2048K, 81% used [0x00000000eb180000,0x00000000eb31f1e8,0x00000000eb380000)
 ParOldGen       total 132608K, used 132402K [0x00000000c0000000, 0x00000000c8180000, 0x00000000eab00000)
  object space 132608K, 99% used [0x00000000c0000000,0x00000000c814c9a8,0x00000000c8180000)
 Metaspace       used 45239K, committed 46400K, reserved 1114112K
  class space    used 4703K, committed 5248K, reserved 1048576K
GC Heap History (20 events):
Event: 16.600 GC heap after
{Heap after GC invocations=53 (full 2):
 PSYoungGen      total 9728K, used 2010K [0x00000000eab00000, 0x00000000eb700000, 0x0000000100000000)
  eden space 7680K, 0% used [0x00000000eab00000,0x00000000eab00000,0x00000000eb280000)
  from space 2048K, 98% used [0x00000000eb380000,0x00000000eb576ac8,0x00000000eb580000)
  to   space 1536K, 0% used [0x00000000eb580000,0x00000000eb580000,0x00000000eb700000)
 ParOldGen       total 117248K, used 117103K [0x00000000c0000000, 0x00000000c7280000, 0x00000000eab00000)
  object space 117248K, 99% used [0x00000000c0000000,0x00000000c725bd20,0x00000000c7280000)
 Metaspace       used 45239K, committed 46400K, reserved 1114112K
  class space    used 4703K, committed 5248K, reserved 1048576K
}
Event: 16.641 GC heap before
{Heap before GC invocations=54 (full 2):
 PSYoungGen      total 9728K, used 9690K [0x00000000eab00000, 0x00000000eb700000, 0x0000000100000000)
  eden space 7680K, 100% used [0x00000000eab00000,0x00000000eb280000,0x00000000eb280000)
  from space 2048K, 98% used [0x00000000eb380000,0x00000000eb576ac8,0x00000000eb580000)
  to   space 1536K, 0% used [0x00000000eb580000,0x00000000eb580000,0x00000000eb700000)
 ParOldGen       total 117248K, used 117103K [0x00000000c0000000, 0x00000000c7280000, 0x00000000eab00000)
  object space 117248K, 99% used [0x00000000c0000000,0x00000000c725bd20,0x00000000c7280000)
 Metaspace       used 45239K, committed 46400K, reserved 1114112K
  class space    used 4703K, committed 5248K, reserved 1048576K
}
Event: 16.643 GC heap after
{Heap after GC invocations=54 (full 2):
 PSYoungGen      total 8192K, used 1532K [0x00000000eab00000, 0x00000000eba80000, 0x0000000100000000)
  eden space 6656K, 0% used [0x00000000eab00000,0x00000000eab00000,0x00000000eb180000)
  from space 1536K, 99% used [0x00000000eb580000,0x00000000eb6ff140,0x00000000eb700000)
  to   space 4096K, 0% used [0x00000000eb180000,0x00000000eb180000,0x00000000eb580000)
 ParOldGen       total 119296K, used 119205K [0x00000000c0000000, 0x00000000c7480000, 0x00000000eab00000)
  object space 119296K, 99% used [0x00000000c0000000,0x00000000c7469410,0x00000000c7480000)
 Metaspace       used 45239K, committed 46400K, reserved 1114112K
  class space    used 4703K, committed 5248K, reserved 1048576K
}
Event: 16.676 GC heap before
{Heap before GC invocations=55 (full 2):
 PSYoungGen      total 8192K, used 8188K [0x00000000eab00000, 0x00000000eba80000, 0x0000000100000000)
  eden space 6656K, 100% used [0x00000000eab00000,0x00000000eb180000,0x00000000eb180000)
  from space 1536K, 99% used [0x00000000eb580000,0x00000000eb6ff140,0x00000000eb700000)
  to   space 4096K, 0% used [0x00000000eb180000,0x00000000eb180000,0x00000000eb580000)
 ParOldGen       total 119296K, used 119205K [0x00000000c0000000, 0x00000000c7480000, 0x00000000eab00000)
  object space 119296K, 99% used [0x00000000c0000000,0x00000000c7469410,0x00000000c7480000)
 Metaspace       used 45239K, committed 46400K, reserved 1114112K
  class space    used 4703K, committed 5248K, reserved 1048576K
}
Event: 16.679 GC heap after
{Heap after GC invocations=55 (full 2):
 PSYoungGen      total 8704K, used 1734K [0x00000000eab00000, 0x00000000eb680000, 0x0000000100000000)
  eden space 6656K, 0% used [0x00000000eab00000,0x00000000eab00000,0x00000000eb180000)
  from space 2048K, 84% used [0x00000000eb180000,0x00000000eb331898,0x00000000eb380000)
  to   space 2560K, 0% used [0x00000000eb400000,0x00000000eb400000,0x00000000eb680000)
 ParOldGen       total 120832K, used 120678K [0x00000000c0000000, 0x00000000c7600000, 0x00000000eab00000)
  object space 120832K, 99% used [0x00000000c0000000,0x00000000c75d98d8,0x00000000c7600000)
 Metaspace       used 45239K, committed 46400K, reserved 1114112K
  class space    used 4703K, committed 5248K, reserved 1048576K
}
Event: 16.713 GC heap before
{Heap before GC invocations=56 (full 2):
 PSYoungGen      total 8704K, used 8316K [0x00000000eab00000, 0x00000000eb680000, 0x0000000100000000)
  eden space 6656K, 98% used [0x00000000eab00000,0x00000000eb16db00,0x00000000eb180000)
  from space 2048K, 84% used [0x00000000eb180000,0x00000000eb331898,0x00000000eb380000)
  to   space 2560K, 0% used [0x00000000eb400000,0x00000000eb400000,0x00000000eb680000)
 ParOldGen       total 120832K, used 120678K [0x00000000c0000000, 0x00000000c7600000, 0x00000000eab00000)
  object space 120832K, 99% used [0x00000000c0000000,0x00000000c75d98d8,0x00000000c7600000)
 Metaspace       used 45239K, committed 46400K, reserved 1114112K
  class space    used 4703K, committed 5248K, reserved 1048576K
}
Event: 16.716 GC heap after
{Heap after GC invocations=56 (full 2):
 PSYoungGen      total 8704K, used 1758K [0x00000000eab00000, 0x00000000eb600000, 0x0000000100000000)
  eden space 6656K, 0% used [0x00000000eab00000,0x00000000eab00000,0x00000000eb180000)
  from space 2048K, 85% used [0x00000000eb400000,0x00000000eb5b7800,0x00000000eb600000)
  to   space 2048K, 0% used [0x00000000eb180000,0x00000000eb180000,0x00000000eb380000)
 ParOldGen       total 122368K, used 122301K [0x00000000c0000000, 0x00000000c7780000, 0x00000000eab00000)
  object space 122368K, 99% used [0x00000000c0000000,0x00000000c776f6b8,0x00000000c7780000)
 Metaspace       used 45239K, committed 46400K, reserved 1114112K
  class space    used 4703K, committed 5248K, reserved 1048576K
}
Event: 16.752 GC heap before
{Heap before GC invocations=57 (full 2):
 PSYoungGen      total 8704K, used 8414K [0x00000000eab00000, 0x00000000eb600000, 0x0000000100000000)
  eden space 6656K, 100% used [0x00000000eab00000,0x00000000eb180000,0x00000000eb180000)
  from space 2048K, 85% used [0x00000000eb400000,0x00000000eb5b7800,0x00000000eb600000)
  to   space 2048K, 0% used [0x00000000eb180000,0x00000000eb180000,0x00000000eb380000)
 ParOldGen       total 122368K, used 122301K [0x00000000c0000000, 0x00000000c7780000, 0x00000000eab00000)
  object space 122368K, 99% used [0x00000000c0000000,0x00000000c776f6b8,0x00000000c7780000)
 Metaspace       used 45239K, committed 46400K, reserved 1114112K
  class space    used 4703K, committed 5248K, reserved 1048576K
}
Event: 16.755 GC heap after
{Heap after GC invocations=57 (full 2):
 PSYoungGen      total 8704K, used 1787K [0x00000000eab00000, 0x00000000eb580000, 0x0000000100000000)
  eden space 6656K, 0% used [0x00000000eab00000,0x00000000eab00000,0x00000000eb180000)
  from space 2048K, 87% used [0x00000000eb180000,0x00000000eb33ee70,0x00000000eb380000)
  to   space 2048K, 0% used [0x00000000eb380000,0x00000000eb380000,0x00000000eb580000)
 ParOldGen       total 123904K, used 123902K [0x00000000c0000000, 0x00000000c7900000, 0x00000000eab00000)
  object space 123904K, 99% used [0x00000000c0000000,0x00000000c78ffad0,0x00000000c7900000)
 Metaspace       used 45239K, committed 46400K, reserved 1114112K
  class space    used 4703K, committed 5248K, reserved 1048576K
}
Event: 16.784 GC heap before
{Heap before GC invocations=58 (full 2):
 PSYoungGen      total 8704K, used 8443K [0x00000000eab00000, 0x00000000eb580000, 0x0000000100000000)
  eden space 6656K, 100% used [0x00000000eab00000,0x00000000eb180000,0x00000000eb180000)
  from space 2048K, 87% used [0x00000000eb180000,0x00000000eb33ee70,0x00000000eb380000)
  to   space 2048K, 0% used [0x00000000eb380000,0x00000000eb380000,0x00000000eb580000)
 ParOldGen       total 123904K, used 123902K [0x00000000c0000000, 0x00000000c7900000, 0x00000000eab00000)
  object space 123904K, 99% used [0x00000000c0000000,0x00000000c78ffad0,0x00000000c7900000)
 Metaspace       used 45239K, committed 46400K, reserved 1114112K
  class space    used 4703K, committed 5248K, reserved 1048576K
}
Event: 16.787 GC heap after
{Heap after GC invocations=58 (full 2):
 PSYoungGen      total 8704K, used 1670K [0x00000000eab00000, 0x00000000eb580000, 0x0000000100000000)
  eden space 6656K, 0% used [0x00000000eab00000,0x00000000eab00000,0x00000000eb180000)
  from space 2048K, 81% used [0x00000000eb380000,0x00000000eb521828,0x00000000eb580000)
  to   space 2048K, 0% used [0x00000000eb180000,0x00000000eb180000,0x00000000eb380000)
 ParOldGen       total 125952K, used 125524K [0x00000000c0000000, 0x00000000c7b00000, 0x00000000eab00000)
  object space 125952K, 99% used [0x00000000c0000000,0x00000000c7a951f8,0x00000000c7b00000)
 Metaspace       used 45239K, committed 46400K, reserved 1114112K
  class space    used 4703K, committed 5248K, reserved 1048576K
}
Event: 16.828 GC heap before
{Heap before GC invocations=59 (full 2):
 PSYoungGen      total 8704K, used 8326K [0x00000000eab00000, 0x00000000eb580000, 0x0000000100000000)
  eden space 6656K, 100% used [0x00000000eab00000,0x00000000eb180000,0x00000000eb180000)
  from space 2048K, 81% used [0x00000000eb380000,0x00000000eb521828,0x00000000eb580000)
  to   space 2048K, 0% used [0x00000000eb180000,0x00000000eb180000,0x00000000eb380000)
 ParOldGen       total 125952K, used 125524K [0x00000000c0000000, 0x00000000c7b00000, 0x00000000eab00000)
  object space 125952K, 99% used [0x00000000c0000000,0x00000000c7a951f8,0x00000000c7b00000)
 Metaspace       used 45239K, committed 46400K, reserved 1114112K
  class space    used 4703K, committed 5248K, reserved 1048576K
}
Event: 16.831 GC heap after
{Heap after GC invocations=59 (full 2):
 PSYoungGen      total 8704K, used 1741K [0x00000000eab00000, 0x00000000eb580000, 0x0000000100000000)
  eden space 6656K, 0% used [0x00000000eab00000,0x00000000eab00000,0x00000000eb180000)
  from space 2048K, 85% used [0x00000000eb180000,0x00000000eb333690,0x00000000eb380000)
  to   space 2048K, 0% used [0x00000000eb380000,0x00000000eb380000,0x00000000eb580000)
 ParOldGen       total 127488K, used 127072K [0x00000000c0000000, 0x00000000c7c80000, 0x00000000eab00000)
  object space 127488K, 99% used [0x00000000c0000000,0x00000000c7c18098,0x00000000c7c80000)
 Metaspace       used 45239K, committed 46400K, reserved 1114112K
  class space    used 4703K, committed 5248K, reserved 1048576K
}
Event: 16.869 GC heap before
{Heap before GC invocations=60 (full 2):
 PSYoungGen      total 8704K, used 8397K [0x00000000eab00000, 0x00000000eb580000, 0x0000000100000000)
  eden space 6656K, 100% used [0x00000000eab00000,0x00000000eb180000,0x00000000eb180000)
  from space 2048K, 85% used [0x00000000eb180000,0x00000000eb333690,0x00000000eb380000)
  to   space 2048K, 0% used [0x00000000eb380000,0x00000000eb380000,0x00000000eb580000)
 ParOldGen       total 127488K, used 127072K [0x00000000c0000000, 0x00000000c7c80000, 0x00000000eab00000)
  object space 127488K, 99% used [0x00000000c0000000,0x00000000c7c18098,0x00000000c7c80000)
 Metaspace       used 45239K, committed 46400K, reserved 1114112K
  class space    used 4703K, committed 5248K, reserved 1048576K
}
Event: 16.872 GC heap after
{Heap after GC invocations=60 (full 2):
 PSYoungGen      total 8704K, used 1658K [0x00000000eab00000, 0x00000000eb580000, 0x0000000100000000)
  eden space 6656K, 0% used [0x00000000eab00000,0x00000000eab00000,0x00000000eb180000)
  from space 2048K, 80% used [0x00000000eb380000,0x00000000eb51e980,0x00000000eb580000)
  to   space 2048K, 0% used [0x00000000eb180000,0x00000000eb180000,0x00000000eb380000)
 ParOldGen       total 129024K, used 128632K [0x00000000c0000000, 0x00000000c7e00000, 0x00000000eab00000)
  object space 129024K, 99% used [0x00000000c0000000,0x00000000c7d9e3c8,0x00000000c7e00000)
 Metaspace       used 45239K, committed 46400K, reserved 1114112K
  class space    used 4703K, committed 5248K, reserved 1048576K
}
Event: 16.912 GC heap before
{Heap before GC invocations=61 (full 2):
 PSYoungGen      total 8704K, used 8314K [0x00000000eab00000, 0x00000000eb580000, 0x0000000100000000)
  eden space 6656K, 100% used [0x00000000eab00000,0x00000000eb180000,0x00000000eb180000)
  from space 2048K, 80% used [0x00000000eb380000,0x00000000eb51e980,0x00000000eb580000)
  to   space 2048K, 0% used [0x00000000eb180000,0x00000000eb180000,0x00000000eb380000)
 ParOldGen       total 129024K, used 128632K [0x00000000c0000000, 0x00000000c7e00000, 0x00000000eab00000)
  object space 129024K, 99% used [0x00000000c0000000,0x00000000c7d9e3c8,0x00000000c7e00000)
 Metaspace       used 45239K, committed 46400K, reserved 1114112K
  class space    used 4703K, committed 5248K, reserved 1048576K
}
Event: 16.915 GC heap after
{Heap after GC invocations=61 (full 2):
 PSYoungGen      total 8704K, used 1695K [0x00000000eab00000, 0x00000000eb580000, 0x0000000100000000)
  eden space 6656K, 0% used [0x00000000eab00000,0x00000000eab00000,0x00000000eb180000)
  from space 2048K, 82% used [0x00000000eb180000,0x00000000eb327ee8,0x00000000eb380000)
  to   space 2048K, 0% used [0x00000000eb380000,0x00000000eb380000,0x00000000eb580000)
 ParOldGen       total 130560K, used 130074K [0x00000000c0000000, 0x00000000c7f80000, 0x00000000eab00000)
  object space 130560K, 99% used [0x00000000c0000000,0x00000000c7f069e0,0x00000000c7f80000)
 Metaspace       used 45239K, committed 46400K, reserved 1114112K
  class space    used 4703K, committed 5248K, reserved 1048576K
}
Event: 16.968 GC heap before
{Heap before GC invocations=62 (full 2):
 PSYoungGen      total 8704K, used 8351K [0x00000000eab00000, 0x00000000eb580000, 0x0000000100000000)
  eden space 6656K, 99% used [0x00000000eab00000,0x00000000eb17ffd0,0x00000000eb180000)
  from space 2048K, 82% used [0x00000000eb180000,0x00000000eb327ee8,0x00000000eb380000)
  to   space 2048K, 0% used [0x00000000eb380000,0x00000000eb380000,0x00000000eb580000)
 ParOldGen       total 130560K, used 130074K [0x00000000c0000000, 0x00000000c7f80000, 0x00000000eab00000)
  object space 130560K, 99% used [0x00000000c0000000,0x00000000c7f069e0,0x00000000c7f80000)
 Metaspace       used 45239K, committed 46400K, reserved 1114112K
  class space    used 4703K, committed 5248K, reserved 1048576K
}
Event: 16.972 GC heap after
{Heap after GC invocations=62 (full 2):
 PSYoungGen      total 8704K, used 1598K [0x00000000eab00000, 0x00000000eb580000, 0x0000000100000000)
  eden space 6656K, 0% used [0x00000000eab00000,0x00000000eab00000,0x00000000eb180000)
  from space 2048K, 78% used [0x00000000eb380000,0x00000000eb50faa8,0x00000000eb580000)
  to   space 2048K, 0% used [0x00000000eb180000,0x00000000eb180000,0x00000000eb380000)
 ParOldGen       total 132096K, used 131604K [0x00000000c0000000, 0x00000000c8100000, 0x00000000eab00000)
  object space 132096K, 99% used [0x00000000c0000000,0x00000000c8085078,0x00000000c8100000)
 Metaspace       used 45239K, committed 46400K, reserved 1114112K
  class space    used 4703K, committed 5248K, reserved 1048576K
}
Event: 17.011 GC heap before
{Heap before GC invocations=63 (full 2):
 PSYoungGen      total 8704K, used 8254K [0x00000000eab00000, 0x00000000eb580000, 0x0000000100000000)
  eden space 6656K, 100% used [0x00000000eab00000,0x00000000eb180000,0x00000000eb180000)
  from space 2048K, 78% used [0x00000000eb380000,0x00000000eb50faa8,0x00000000eb580000)
  to   space 2048K, 0% used [0x00000000eb180000,0x00000000eb180000,0x00000000eb380000)
 ParOldGen       total 132096K, used 131604K [0x00000000c0000000, 0x00000000c8100000, 0x00000000eab00000)
  object space 132096K, 99% used [0x00000000c0000000,0x00000000c8085078,0x00000000c8100000)
 Metaspace       used 45239K, committed 46400K, reserved 1114112K
  class space    used 4703K, committed 5248K, reserved 1048576K
}

