# JRE version: OpenJDK Runtime Environment Temurin-21.0.6+7 (21.0.6+7) (build 21.0.6+7-LTS)
# Java VM: OpenJDK 64-Bit Server VM Temurin-21.0.6+7 (21.0.6+7-LTS, mixed mode, sharing, tiered, compressed oops, compressed class ptrs, parallel gc, windows-amd64)
GC Precious Log:
 CardTable entry size: 512
 CPUs: 8 total, 8 available
 Memory: 7955M
 Large Page Support: Disabled
 NUMA Support: Disabled
 Compressed Oops: Enabled (32-bit)
 Alignments: Space 512K, Generation 512K, Heap 2M
 Heap Min Capacity: 100M
 Heap Initial Capacity: 100M
 Heap Max Capacity: 1G
 Pre-touch: Disabled
 Parallel Workers: 8
Heap:
 PSYoungGen      total 4096K, used 1654K [0x00000000eab00000, 0x00000000eb000000, 0x0000000100000000)
  eden space 3072K, 28% used [0x00000000eab00000,0x00000000eabdcab0,0x00000000eae00000)
  from space 1024K, 75% used [0x00000000eaf00000,0x00000000eafc1120,0x00000000eb000000)
  to   space 1024K, 0% used [0x00000000eae00000,0x00000000eae00000,0x00000000eaf00000)
 ParOldGen       total 245760K, used 230993K [0x00000000c0000000, 0x00000000cf000000, 0x00000000eab00000)
  object space 245760K, 93% used [0x00000000c0000000,0x00000000ce194670,0x00000000cf000000)
 Metaspace       used 61928K, committed 63360K, reserved 1114112K
  class space    used 6185K, committed 6784K, reserved 1048576K
GC Heap History (20 events):
Event: 16.890 GC heap before
{Heap before GC invocations=346 (full 4):
 PSYoungGen      total 4096K, used 3847K [0x00000000eab00000, 0x00000000eb000000, 0x0000000100000000)
  eden space 3072K, 100% used [0x00000000eab00000,0x00000000eae00000,0x00000000eae00000)
  from space 1024K, 75% used [0x00000000eae00000,0x00000000eaec1e20,0x00000000eaf00000)
  to   space 1024K, 0% used [0x00000000eaf00000,0x00000000eaf00000,0x00000000eb000000)
 ParOldGen       total 245760K, used 223749K [0x00000000c0000000, 0x00000000cf000000, 0x00000000eab00000)
  object space 245760K, 91% used [0x00000000c0000000,0x00000000cda81700,0x00000000cf000000)
 Metaspace       used 61863K, committed 63296K, reserved 1114112K
  class space    used 6185K, committed 6784K, reserved 1048576K
}
Event: 16.892 GC heap after
{Heap after GC invocations=346 (full 4):
 PSYoungGen      total 4096K, used 707K [0x00000000eab00000, 0x00000000eb000000, 0x0000000100000000)
  eden space 3072K, 0% used [0x00000000eab00000,0x00000000eab00000,0x00000000eae00000)
  from space 1024K, 69% used [0x00000000eaf00000,0x00000000eafb0d58,0x00000000eb000000)
  to   space 1024K, 0% used [0x00000000eae00000,0x00000000eae00000,0x00000000eaf00000)
 ParOldGen       total 245760K, used 224424K [0x00000000c0000000, 0x00000000cf000000, 0x00000000eab00000)
  object space 245760K, 91% used [0x00000000c0000000,0x00000000cdb2a198,0x00000000cf000000)
 Metaspace       used 61863K, committed 63296K, reserved 1114112K
  class space    used 6185K, committed 6784K, reserved 1048576K
}
Event: 16.906 GC heap before
{Heap before GC invocations=347 (full 4):
 PSYoungGen      total 4096K, used 3779K [0x00000000eab00000, 0x00000000eb000000, 0x0000000100000000)
  eden space 3072K, 100% used [0x00000000eab00000,0x00000000eae00000,0x00000000eae00000)
  from space 1024K, 69% used [0x00000000eaf00000,0x00000000eafb0d58,0x00000000eb000000)
  to   space 1024K, 0% used [0x00000000eae00000,0x00000000eae00000,0x00000000eaf00000)
 ParOldGen       total 245760K, used 224424K [0x00000000c0000000, 0x00000000cf000000, 0x00000000eab00000)
  object space 245760K, 91% used [0x00000000c0000000,0x00000000cdb2a198,0x00000000cf000000)
 Metaspace       used 61866K, committed 63296K, reserved 1114112K
  class space    used 6185K, committed 6784K, reserved 1048576K
}
Event: 16.908 GC heap after
{Heap after GC invocations=347 (full 4):
 PSYoungGen      total 4096K, used 800K [0x00000000eab00000, 0x00000000eb000000, 0x0000000100000000)
  eden space 3072K, 0% used [0x00000000eab00000,0x00000000eab00000,0x00000000eae00000)
  from space 1024K, 78% used [0x00000000eae00000,0x00000000eaec8000,0x00000000eaf00000)
  to   space 1024K, 0% used [0x00000000eaf00000,0x00000000eaf00000,0x00000000eb000000)
 ParOldGen       total 245760K, used 225009K [0x00000000c0000000, 0x00000000cf000000, 0x00000000eab00000)
  object space 245760K, 91% used [0x00000000c0000000,0x00000000cdbbc798,0x00000000cf000000)
 Metaspace       used 61866K, committed 63296K, reserved 1114112K
  class space    used 6185K, committed 6784K, reserved 1048576K
}
Event: 16.921 GC heap before
{Heap before GC invocations=348 (full 4):
 PSYoungGen      total 4096K, used 3872K [0x00000000eab00000, 0x00000000eb000000, 0x0000000100000000)
  eden space 3072K, 100% used [0x00000000eab00000,0x00000000eae00000,0x00000000eae00000)
  from space 1024K, 78% used [0x00000000eae00000,0x00000000eaec8000,0x00000000eaf00000)
  to   space 1024K, 0% used [0x00000000eaf00000,0x00000000eaf00000,0x00000000eb000000)
 ParOldGen       total 245760K, used 225009K [0x00000000c0000000, 0x00000000cf000000, 0x00000000eab00000)
  object space 245760K, 91% used [0x00000000c0000000,0x00000000cdbbc798,0x00000000cf000000)
 Metaspace       used 61869K, committed 63296K, reserved 1114112K
  class space    used 6185K, committed 6784K, reserved 1048576K
}
Event: 16.923 GC heap after
{Heap after GC invocations=348 (full 4):
 PSYoungGen      total 4096K, used 889K [0x00000000eab00000, 0x00000000eb000000, 0x0000000100000000)
  eden space 3072K, 0% used [0x00000000eab00000,0x00000000eab00000,0x00000000eae00000)
  from space 1024K, 86% used [0x00000000eaf00000,0x00000000eafde508,0x00000000eb000000)
  to   space 1024K, 0% used [0x00000000eae00000,0x00000000eae00000,0x00000000eaf00000)
 ParOldGen       total 245760K, used 225569K [0x00000000c0000000, 0x00000000cf000000, 0x00000000eab00000)
  object space 245760K, 91% used [0x00000000c0000000,0x00000000cdc485b8,0x00000000cf000000)
 Metaspace       used 61869K, committed 63296K, reserved 1114112K
  class space    used 6185K, committed 6784K, reserved 1048576K
}
Event: 16.931 GC heap before
{Heap before GC invocations=349 (full 4):
 PSYoungGen      total 4096K, used 3961K [0x00000000eab00000, 0x00000000eb000000, 0x0000000100000000)
  eden space 3072K, 100% used [0x00000000eab00000,0x00000000eae00000,0x00000000eae00000)
  from space 1024K, 86% used [0x00000000eaf00000,0x00000000eafde508,0x00000000eb000000)
  to   space 1024K, 0% used [0x00000000eae00000,0x00000000eae00000,0x00000000eaf00000)
 ParOldGen       total 245760K, used 225569K [0x00000000c0000000, 0x00000000cf000000, 0x00000000eab00000)
  object space 245760K, 91% used [0x00000000c0000000,0x00000000cdc485b8,0x00000000cf000000)
 Metaspace       used 61870K, committed 63296K, reserved 1114112K
  class space    used 6185K, committed 6784K, reserved 1048576K
}
Event: 16.935 GC heap after
{Heap after GC invocations=349 (full 4):
 PSYoungGen      total 4096K, used 928K [0x00000000eab00000, 0x00000000eb000000, 0x0000000100000000)
  eden space 3072K, 0% used [0x00000000eab00000,0x00000000eab00000,0x00000000eae00000)
  from space 1024K, 90% used [0x00000000eae00000,0x00000000eaee8000,0x00000000eaf00000)
  to   space 1024K, 0% used [0x00000000eaf00000,0x00000000eaf00000,0x00000000eb000000)
 ParOldGen       total 245760K, used 226330K [0x00000000c0000000, 0x00000000cf000000, 0x00000000eab00000)
  object space 245760K, 92% used [0x00000000c0000000,0x00000000cdd06a98,0x00000000cf000000)
 Metaspace       used 61870K, committed 63296K, reserved 1114112K
  class space    used 6185K, committed 6784K, reserved 1048576K
}
Event: 16.944 GC heap before
{Heap before GC invocations=350 (full 4):
 PSYoungGen      total 4096K, used 4000K [0x00000000eab00000, 0x00000000eb000000, 0x0000000100000000)
  eden space 3072K, 100% used [0x00000000eab00000,0x00000000eae00000,0x00000000eae00000)
  from space 1024K, 90% used [0x00000000eae00000,0x00000000eaee8000,0x00000000eaf00000)
  to   space 1024K, 0% used [0x00000000eaf00000,0x00000000eaf00000,0x00000000eb000000)
 ParOldGen       total 245760K, used 226330K [0x00000000c0000000, 0x00000000cf000000, 0x00000000eab00000)
  object space 245760K, 92% used [0x00000000c0000000,0x00000000cdd06a98,0x00000000cf000000)
 Metaspace       used 61870K, committed 63296K, reserved 1114112K
  class space    used 6185K, committed 6784K, reserved 1048576K
}
Event: 16.946 GC heap after
{Heap after GC invocations=350 (full 4):
 PSYoungGen      total 4096K, used 832K [0x00000000eab00000, 0x00000000eb000000, 0x0000000100000000)
  eden space 3072K, 0% used [0x00000000eab00000,0x00000000eab00000,0x00000000eae00000)
  from space 1024K, 81% used [0x00000000eaf00000,0x00000000eafd0020,0x00000000eb000000)
  to   space 1024K, 0% used [0x00000000eae00000,0x00000000eae00000,0x00000000eaf00000)
 ParOldGen       total 245760K, used 227163K [0x00000000c0000000, 0x00000000cf000000, 0x00000000eab00000)
  object space 245760K, 92% used [0x00000000c0000000,0x00000000cddd6dd0,0x00000000cf000000)
 Metaspace       used 61870K, committed 63296K, reserved 1114112K
  class space    used 6185K, committed 6784K, reserved 1048576K
}
Event: 16.958 GC heap before
{Heap before GC invocations=351 (full 4):
 PSYoungGen      total 4096K, used 3904K [0x00000000eab00000, 0x00000000eb000000, 0x0000000100000000)
  eden space 3072K, 100% used [0x00000000eab00000,0x00000000eae00000,0x00000000eae00000)
  from space 1024K, 81% used [0x00000000eaf00000,0x00000000eafd0020,0x00000000eb000000)
  to   space 1024K, 0% used [0x00000000eae00000,0x00000000eae00000,0x00000000eaf00000)
 ParOldGen       total 245760K, used 227163K [0x00000000c0000000, 0x00000000cf000000, 0x00000000eab00000)
  object space 245760K, 92% used [0x00000000c0000000,0x00000000cddd6dd0,0x00000000cf000000)
 Metaspace       used 61872K, committed 63296K, reserved 1114112K
  class space    used 6185K, committed 6784K, reserved 1048576K
}
Event: 16.959 GC heap after
{Heap after GC invocations=351 (full 4):
 PSYoungGen      total 4096K, used 768K [0x00000000eab00000, 0x00000000eb000000, 0x0000000100000000)
  eden space 3072K, 0% used [0x00000000eab00000,0x00000000eab00000,0x00000000eae00000)
  from space 1024K, 75% used [0x00000000eae00000,0x00000000eaec0280,0x00000000eaf00000)
  to   space 1024K, 0% used [0x00000000eaf00000,0x00000000eaf00000,0x00000000eb000000)
 ParOldGen       total 245760K, used 227761K [0x00000000c0000000, 0x00000000cf000000, 0x00000000eab00000)
  object space 245760K, 92% used [0x00000000c0000000,0x00000000cde6c528,0x00000000cf000000)
 Metaspace       used 61872K, committed 63296K, reserved 1114112K
  class space    used 6185K, committed 6784K, reserved 1048576K
}
Event: 16.969 GC heap before
{Heap before GC invocations=352 (full 4):
 PSYoungGen      total 4096K, used 3840K [0x00000000eab00000, 0x00000000eb000000, 0x0000000100000000)
  eden space 3072K, 100% used [0x00000000eab00000,0x00000000eae00000,0x00000000eae00000)
  from space 1024K, 75% used [0x00000000eae00000,0x00000000eaec0280,0x00000000eaf00000)
  to   space 1024K, 0% used [0x00000000eaf00000,0x00000000eaf00000,0x00000000eb000000)
 ParOldGen       total 245760K, used 227761K [0x00000000c0000000, 0x00000000cf000000, 0x00000000eab00000)
  object space 245760K, 92% used [0x00000000c0000000,0x00000000cde6c528,0x00000000cf000000)
 Metaspace       used 61875K, committed 63296K, reserved 1114112K
  class space    used 6185K, committed 6784K, reserved 1048576K
}
Event: 16.971 GC heap after
{Heap after GC invocations=352 (full 4):
 PSYoungGen      total 4096K, used 771K [0x00000000eab00000, 0x00000000eb000000, 0x0000000100000000)
  eden space 3072K, 0% used [0x00000000eab00000,0x00000000eab00000,0x00000000eae00000)
  from space 1024K, 75% used [0x00000000eaf00000,0x00000000eafc0c98,0x00000000eb000000)
  to   space 1024K, 0% used [0x00000000eae00000,0x00000000eae00000,0x00000000eaf00000)
 ParOldGen       total 245760K, used 228339K [0x00000000c0000000, 0x00000000cf000000, 0x00000000eab00000)
  object space 245760K, 92% used [0x00000000c0000000,0x00000000cdefcd90,0x00000000cf000000)
 Metaspace       used 61875K, committed 63296K, reserved 1114112K
  class space    used 6185K, committed 6784K, reserved 1048576K
}
Event: 16.979 GC heap before
{Heap before GC invocations=353 (full 4):
 PSYoungGen      total 4096K, used 3843K [0x00000000eab00000, 0x00000000eb000000, 0x0000000100000000)
  eden space 3072K, 100% used [0x00000000eab00000,0x00000000eae00000,0x00000000eae00000)
  from space 1024K, 75% used [0x00000000eaf00000,0x00000000eafc0c98,0x00000000eb000000)
  to   space 1024K, 0% used [0x00000000eae00000,0x00000000eae00000,0x00000000eaf00000)
 ParOldGen       total 245760K, used 228339K [0x00000000c0000000, 0x00000000cf000000, 0x00000000eab00000)
  object space 245760K, 92% used [0x00000000c0000000,0x00000000cdefcd90,0x00000000cf000000)
 Metaspace       used 61885K, committed 63296K, reserved 1114112K
  class space    used 6185K, committed 6784K, reserved 1048576K
}
Event: 16.980 GC heap after
{Heap after GC invocations=353 (full 4):
 PSYoungGen      total 4096K, used 768K [0x00000000eab00000, 0x00000000eb000000, 0x0000000100000000)
  eden space 3072K, 0% used [0x00000000eab00000,0x00000000eab00000,0x00000000eae00000)
  from space 1024K, 75% used [0x00000000eae00000,0x00000000eaec0000,0x00000000eaf00000)
  to   space 1024K, 0% used [0x00000000eaf00000,0x00000000eaf00000,0x00000000eb000000)
 ParOldGen       total 245760K, used 228946K [0x00000000c0000000, 0x00000000cf000000, 0x00000000eab00000)
  object space 245760K, 93% used [0x00000000c0000000,0x00000000cdf94bf8,0x00000000cf000000)
 Metaspace       used 61885K, committed 63296K, reserved 1114112K
  class space    used 6185K, committed 6784K, reserved 1048576K
}
Event: 16.994 GC heap before
{Heap before GC invocations=354 (full 4):
 PSYoungGen      total 4096K, used 3840K [0x00000000eab00000, 0x00000000eb000000, 0x0000000100000000)
  eden space 3072K, 100% used [0x00000000eab00000,0x00000000eae00000,0x00000000eae00000)
  from space 1024K, 75% used [0x00000000eae00000,0x00000000eaec0000,0x00000000eaf00000)
  to   space 1024K, 0% used [0x00000000eaf00000,0x00000000eaf00000,0x00000000eb000000)
 ParOldGen       total 245760K, used 228946K [0x00000000c0000000, 0x00000000cf000000, 0x00000000eab00000)
  object space 245760K, 93% used [0x00000000c0000000,0x00000000cdf94bf8,0x00000000cf000000)
 Metaspace       used 61918K, committed 63360K, reserved 1114112K
  class space    used 6185K, committed 6784K, reserved 1048576K
}
Event: 16.996 GC heap after
{Heap after GC invocations=354 (full 4):
 PSYoungGen      total 4096K, used 822K [0x00000000eab00000, 0x00000000eb000000, 0x0000000100000000)
  eden space 3072K, 0% used [0x00000000eab00000,0x00000000eab00000,0x00000000eae00000)
  from space 1024K, 80% used [0x00000000eaf00000,0x00000000eafcda58,0x00000000eb000000)
  to   space 1024K, 0% used [0x00000000eae00000,0x00000000eae00000,0x00000000eaf00000)
 ParOldGen       total 245760K, used 229537K [0x00000000c0000000, 0x00000000cf000000, 0x00000000eab00000)
  object space 245760K, 93% used [0x00000000c0000000,0x00000000ce028550,0x00000000cf000000)
 Metaspace       used 61918K, committed 63360K, reserved 1114112K
  class space    used 6185K, committed 6784K, reserved 1048576K
}
Event: 17.011 GC heap before
{Heap before GC invocations=355 (full 4):
 PSYoungGen      total 4096K, used 3894K [0x00000000eab00000, 0x00000000eb000000, 0x0000000100000000)
  eden space 3072K, 99% used [0x00000000eab00000,0x00000000eadffff0,0x00000000eae00000)
  from space 1024K, 80% used [0x00000000eaf00000,0x00000000eafcda58,0x00000000eb000000)
  to   space 1024K, 0% used [0x00000000eae00000,0x00000000eae00000,0x00000000eaf00000)
 ParOldGen       total 245760K, used 229537K [0x00000000c0000000, 0x00000000cf000000, 0x00000000eab00000)
  object space 245760K, 93% used [0x00000000c0000000,0x00000000ce028550,0x00000000cf000000)
 Metaspace       used 61923K, committed 63360K, reserved 1114112K
  class space    used 6185K, committed 6784K, reserved 1048576K
}
Event: 17.013 GC heap after
{Heap after GC invocations=355 (full 4):
 PSYoungGen      total 4096K, used 1003K [0x00000000eab00000, 0x00000000eb000000, 0x0000000100000000)
  eden space 3072K, 0% used [0x00000000eab00000,0x00000000eab00000,0x00000000eae00000)
  from space 1024K, 98% used [0x00000000eae00000,0x00000000eaefae20,0x00000000eaf00000)
  to   space 1024K, 0% used [0x00000000eaf00000,0x00000000eaf00000,0x00000000eb000000)
 ParOldGen       total 245760K, used 230198K [0x00000000c0000000, 0x00000000cf000000, 0x00000000eab00000)
  object space 245760K, 93% used [0x00000000c0000000,0x00000000ce0cdb90,0x00000000cf000000)
 Metaspace       used 61923K, committed 63360K, reserved 1114112K
  class space    used 6185K, committed 6784K, reserved 1048576K
}

