# JRE version: OpenJDK Runtime Environment Temurin-21.0.6+7 (21.0.6+7) (build 21.0.6+7-LTS)
# Java VM: OpenJDK 64-Bit Server VM Temurin-21.0.6+7 (21.0.6+7-LTS, mixed mode, sharing, tiered, compressed oops, compressed class ptrs, parallel gc, windows-amd64)
GC Precious Log:
 CardTable entry size: 512
 CPUs: 8 total, 8 available
 Memory: 7955M
 Large Page Support: Disabled
 NUMA Support: Disabled
 Compressed Oops: Enabled (32-bit)
 Alignments: Space 512K, Generation 512K, Heap 2M
 Heap Min Capacity: 100M
 Heap Initial Capacity: 100M
 Heap Max Capacity: 1G
 Pre-touch: Disabled
 Parallel Workers: 8
Heap:
 PSYoungGen      total 12800K, used 6894K [0x00000000eab00000, 0x00000000ebb80000, 0x0000000100000000)
  eden space 10752K, 48% used [0x00000000eab00000,0x00000000eb021b60,0x00000000eb580000)
  from space 2048K, 80% used [0x00000000eb580000,0x00000000eb719d38,0x00000000eb780000)
  to   space 3072K, 0% used [0x00000000eb880000,0x00000000eb880000,0x00000000ebb80000)
 ParOldGen       total 75776K, used 75574K [0x00000000c0000000, 0x00000000c4a00000, 0x00000000eab00000)
  object space 75776K, 99% used [0x00000000c0000000,0x00000000c49cda20,0x00000000c4a00000)
 Metaspace       used 51651K, committed 52864K, reserved 1114112K
  class space    used 5452K, committed 5952K, reserved 1048576K
GC Heap History (20 events):
Event: 7.813 GC heap before
{Heap before GC invocations=30 (full 2):
 PSYoungGen      total 25088K, used 24686K [0x00000000eab00000, 0x00000000ec700000, 0x0000000100000000)
  eden space 21504K, 100% used [0x00000000eab00000,0x00000000ec000000,0x00000000ec000000)
  from space 3584K, 88% used [0x00000000ec080000,0x00000000ec39b868,0x00000000ec400000)
  to   space 3072K, 0% used [0x00000000ec400000,0x00000000ec400000,0x00000000ec700000)
 ParOldGen       total 68608K, used 47117K [0x00000000c0000000, 0x00000000c4300000, 0x00000000eab00000)
  object space 68608K, 68% used [0x00000000c0000000,0x00000000c2e03440,0x00000000c4300000)
 Metaspace       used 46800K, committed 48000K, reserved 1114112K
  class space    used 4870K, committed 5376K, reserved 1048576K
}
Event: 7.821 GC heap after
{Heap after GC invocations=30 (full 2):
 PSYoungGen      total 16384K, used 3040K [0x00000000eab00000, 0x00000000ed800000, 0x0000000100000000)
  eden space 13312K, 0% used [0x00000000eab00000,0x00000000eab00000,0x00000000eb800000)
  from space 3072K, 98% used [0x00000000ec400000,0x00000000ec6f8010,0x00000000ec700000)
  to   space 12288K, 0% used [0x00000000eb800000,0x00000000eb800000,0x00000000ec400000)
 ParOldGen       total 68608K, used 54672K [0x00000000c0000000, 0x00000000c4300000, 0x00000000eab00000)
  object space 68608K, 79% used [0x00000000c0000000,0x00000000c3564268,0x00000000c4300000)
 Metaspace       used 46800K, committed 48000K, reserved 1114112K
  class space    used 4870K, committed 5376K, reserved 1048576K
}
Event: 7.943 GC heap before
{Heap before GC invocations=31 (full 2):
 PSYoungGen      total 16384K, used 16352K [0x00000000eab00000, 0x00000000ed800000, 0x0000000100000000)
  eden space 13312K, 100% used [0x00000000eab00000,0x00000000eb800000,0x00000000eb800000)
  from space 3072K, 98% used [0x00000000ec400000,0x00000000ec6f8010,0x00000000ec700000)
  to   space 12288K, 0% used [0x00000000eb800000,0x00000000eb800000,0x00000000ec400000)
 ParOldGen       total 68608K, used 54672K [0x00000000c0000000, 0x00000000c4300000, 0x00000000eab00000)
  object space 68608K, 79% used [0x00000000c0000000,0x00000000c3564268,0x00000000c4300000)
 Metaspace       used 47358K, committed 48576K, reserved 1114112K
  class space    used 4936K, committed 5440K, reserved 1048576K
}
Event: 7.947 GC heap after
{Heap after GC invocations=31 (full 2):
 PSYoungGen      total 15872K, used 2314K [0x00000000eab00000, 0x00000000ec480000, 0x0000000100000000)
  eden space 13312K, 0% used [0x00000000eab00000,0x00000000eab00000,0x00000000eb800000)
  from space 2560K, 90% used [0x00000000eb800000,0x00000000eba42af8,0x00000000eba80000)
  to   space 5632K, 0% used [0x00000000ebf00000,0x00000000ebf00000,0x00000000ec480000)
 ParOldGen       total 68608K, used 57697K [0x00000000c0000000, 0x00000000c4300000, 0x00000000eab00000)
  object space 68608K, 84% used [0x00000000c0000000,0x00000000c3858520,0x00000000c4300000)
 Metaspace       used 47358K, committed 48576K, reserved 1114112K
  class space    used 4936K, committed 5440K, reserved 1048576K
}
Event: 8.032 GC heap before
{Heap before GC invocations=32 (full 2):
 PSYoungGen      total 15872K, used 15626K [0x00000000eab00000, 0x00000000ec480000, 0x0000000100000000)
  eden space 13312K, 100% used [0x00000000eab00000,0x00000000eb800000,0x00000000eb800000)
  from space 2560K, 90% used [0x00000000eb800000,0x00000000eba42af8,0x00000000eba80000)
  to   space 5632K, 0% used [0x00000000ebf00000,0x00000000ebf00000,0x00000000ec480000)
 ParOldGen       total 68608K, used 57697K [0x00000000c0000000, 0x00000000c4300000, 0x00000000eab00000)
  object space 68608K, 84% used [0x00000000c0000000,0x00000000c3858520,0x00000000c4300000)
 Metaspace       used 47758K, committed 49024K, reserved 1114112K
  class space    used 4998K, committed 5504K, reserved 1048576K
}
Event: 8.036 GC heap after
{Heap after GC invocations=32 (full 2):
 PSYoungGen      total 16384K, used 2914K [0x00000000eab00000, 0x00000000ec200000, 0x0000000100000000)
  eden space 13312K, 0% used [0x00000000eab00000,0x00000000eab00000,0x00000000eb800000)
  from space 3072K, 94% used [0x00000000ebf00000,0x00000000ec1d8b70,0x00000000ec200000)
  to   space 3584K, 0% used [0x00000000ebb00000,0x00000000ebb00000,0x00000000ebe80000)
 ParOldGen       total 68608K, used 59848K [0x00000000c0000000, 0x00000000c4300000, 0x00000000eab00000)
  object space 68608K, 87% used [0x00000000c0000000,0x00000000c3a72358,0x00000000c4300000)
 Metaspace       used 47758K, committed 49024K, reserved 1114112K
  class space    used 4998K, committed 5504K, reserved 1048576K
}
Event: 8.102 GC heap before
{Heap before GC invocations=33 (full 2):
 PSYoungGen      total 16384K, used 16226K [0x00000000eab00000, 0x00000000ec200000, 0x0000000100000000)
  eden space 13312K, 100% used [0x00000000eab00000,0x00000000eb800000,0x00000000eb800000)
  from space 3072K, 94% used [0x00000000ebf00000,0x00000000ec1d8b70,0x00000000ec200000)
  to   space 3584K, 0% used [0x00000000ebb00000,0x00000000ebb00000,0x00000000ebe80000)
 ParOldGen       total 68608K, used 59848K [0x00000000c0000000, 0x00000000c4300000, 0x00000000eab00000)
  object space 68608K, 87% used [0x00000000c0000000,0x00000000c3a72358,0x00000000c4300000)
 Metaspace       used 48280K, committed 49536K, reserved 1114112K
  class space    used 5059K, committed 5568K, reserved 1048576K
}
Event: 8.107 GC heap after
{Heap after GC invocations=33 (full 2):
 PSYoungGen      total 15872K, used 2161K [0x00000000eab00000, 0x00000000ebf80000, 0x0000000100000000)
  eden space 13312K, 0% used [0x00000000eab00000,0x00000000eab00000,0x00000000eb800000)
  from space 2560K, 84% used [0x00000000ebb00000,0x00000000ebd1c420,0x00000000ebd80000)
  to   space 2048K, 0% used [0x00000000ebd80000,0x00000000ebd80000,0x00000000ebf80000)
 ParOldGen       total 68608K, used 62583K [0x00000000c0000000, 0x00000000c4300000, 0x00000000eab00000)
  object space 68608K, 91% used [0x00000000c0000000,0x00000000c3d1dc68,0x00000000c4300000)
 Metaspace       used 48280K, committed 49536K, reserved 1114112K
  class space    used 5059K, committed 5568K, reserved 1048576K
}
Event: 8.219 GC heap before
{Heap before GC invocations=34 (full 2):
 PSYoungGen      total 15872K, used 15473K [0x00000000eab00000, 0x00000000ebf80000, 0x0000000100000000)
  eden space 13312K, 100% used [0x00000000eab00000,0x00000000eb800000,0x00000000eb800000)
  from space 2560K, 84% used [0x00000000ebb00000,0x00000000ebd1c420,0x00000000ebd80000)
  to   space 2048K, 0% used [0x00000000ebd80000,0x00000000ebd80000,0x00000000ebf80000)
 ParOldGen       total 68608K, used 62583K [0x00000000c0000000, 0x00000000c4300000, 0x00000000eab00000)
  object space 68608K, 91% used [0x00000000c0000000,0x00000000c3d1dc68,0x00000000c4300000)
 Metaspace       used 48918K, committed 50176K, reserved 1114112K
  class space    used 5132K, committed 5696K, reserved 1048576K
}
Event: 8.226 GC heap after
{Heap after GC invocations=34 (full 2):
 PSYoungGen      total 15360K, used 2029K [0x00000000eab00000, 0x00000000ec200000, 0x0000000100000000)
  eden space 13312K, 0% used [0x00000000eab00000,0x00000000eab00000,0x00000000eb800000)
  from space 2048K, 99% used [0x00000000ebd80000,0x00000000ebf7b440,0x00000000ebf80000)
  to   space 5120K, 0% used [0x00000000eb800000,0x00000000eb800000,0x00000000ebd00000)
 ParOldGen       total 68608K, used 65134K [0x00000000c0000000, 0x00000000c4300000, 0x00000000eab00000)
  object space 68608K, 94% used [0x00000000c0000000,0x00000000c3f9b800,0x00000000c4300000)
 Metaspace       used 48918K, committed 50176K, reserved 1114112K
  class space    used 5132K, committed 5696K, reserved 1048576K
}
Event: 8.364 GC heap before
{Heap before GC invocations=35 (full 2):
 PSYoungGen      total 15360K, used 15341K [0x00000000eab00000, 0x00000000ec200000, 0x0000000100000000)
  eden space 13312K, 100% used [0x00000000eab00000,0x00000000eb800000,0x00000000eb800000)
  from space 2048K, 99% used [0x00000000ebd80000,0x00000000ebf7b440,0x00000000ebf80000)
  to   space 5120K, 0% used [0x00000000eb800000,0x00000000eb800000,0x00000000ebd00000)
 ParOldGen       total 68608K, used 65134K [0x00000000c0000000, 0x00000000c4300000, 0x00000000eab00000)
  object space 68608K, 94% used [0x00000000c0000000,0x00000000c3f9b800,0x00000000c4300000)
 Metaspace       used 49946K, committed 51200K, reserved 1114112K
  class space    used 5220K, committed 5760K, reserved 1048576K
}
Event: 8.367 GC heap after
{Heap after GC invocations=35 (full 2):
 PSYoungGen      total 15360K, used 1974K [0x00000000eab00000, 0x00000000ebe00000, 0x0000000100000000)
  eden space 13312K, 0% used [0x00000000eab00000,0x00000000eab00000,0x00000000eb800000)
  from space 2048K, 96% used [0x00000000eb800000,0x00000000eb9edb88,0x00000000eba00000)
  to   space 3072K, 0% used [0x00000000ebb00000,0x00000000ebb00000,0x00000000ebe00000)
 ParOldGen       total 68608K, used 67024K [0x00000000c0000000, 0x00000000c4300000, 0x00000000eab00000)
  object space 68608K, 97% used [0x00000000c0000000,0x00000000c41740a8,0x00000000c4300000)
 Metaspace       used 49946K, committed 51200K, reserved 1114112K
  class space    used 5220K, committed 5760K, reserved 1048576K
}
Event: 8.456 GC heap before
{Heap before GC invocations=36 (full 2):
 PSYoungGen      total 15360K, used 15286K [0x00000000eab00000, 0x00000000ebe00000, 0x0000000100000000)
  eden space 13312K, 100% used [0x00000000eab00000,0x00000000eb800000,0x00000000eb800000)
  from space 2048K, 96% used [0x00000000eb800000,0x00000000eb9edb88,0x00000000eba00000)
  to   space 3072K, 0% used [0x00000000ebb00000,0x00000000ebb00000,0x00000000ebe00000)
 ParOldGen       total 68608K, used 67024K [0x00000000c0000000, 0x00000000c4300000, 0x00000000eab00000)
  object space 68608K, 97% used [0x00000000c0000000,0x00000000c41740a8,0x00000000c4300000)
 Metaspace       used 50644K, committed 51904K, reserved 1114112K
  class space    used 5311K, committed 5824K, reserved 1048576K
}
Event: 8.459 GC heap after
{Heap after GC invocations=36 (full 2):
 PSYoungGen      total 15872K, used 2281K [0x00000000eab00000, 0x00000000ebd80000, 0x0000000100000000)
  eden space 13312K, 0% used [0x00000000eab00000,0x00000000eab00000,0x00000000eb800000)
  from space 2560K, 89% used [0x00000000ebb00000,0x00000000ebd3a578,0x00000000ebd80000)
  to   space 2560K, 0% used [0x00000000eb880000,0x00000000eb880000,0x00000000ebb00000)
 ParOldGen       total 69120K, used 68730K [0x00000000c0000000, 0x00000000c4380000, 0x00000000eab00000)
  object space 69120K, 99% used [0x00000000c0000000,0x00000000c431e8e0,0x00000000c4380000)
 Metaspace       used 50644K, committed 51904K, reserved 1114112K
  class space    used 5311K, committed 5824K, reserved 1048576K
}
Event: 8.656 GC heap before
{Heap before GC invocations=37 (full 2):
 PSYoungGen      total 15872K, used 15593K [0x00000000eab00000, 0x00000000ebd80000, 0x0000000100000000)
  eden space 13312K, 100% used [0x00000000eab00000,0x00000000eb800000,0x00000000eb800000)
  from space 2560K, 89% used [0x00000000ebb00000,0x00000000ebd3a578,0x00000000ebd80000)
  to   space 2560K, 0% used [0x00000000eb880000,0x00000000eb880000,0x00000000ebb00000)
 ParOldGen       total 69120K, used 68730K [0x00000000c0000000, 0x00000000c4380000, 0x00000000eab00000)
  object space 69120K, 99% used [0x00000000c0000000,0x00000000c431e8e0,0x00000000c4380000)
 Metaspace       used 51207K, committed 52416K, reserved 1114112K
  class space    used 5375K, committed 5888K, reserved 1048576K
}
Event: 8.659 GC heap after
{Heap after GC invocations=37 (full 2):
 PSYoungGen      total 15872K, used 2422K [0x00000000eab00000, 0x00000000ebd00000, 0x0000000100000000)
  eden space 13312K, 0% used [0x00000000eab00000,0x00000000eab00000,0x00000000eb800000)
  from space 2560K, 94% used [0x00000000eb880000,0x00000000ebadd9d8,0x00000000ebb00000)
  to   space 2048K, 0% used [0x00000000ebb00000,0x00000000ebb00000,0x00000000ebd00000)
 ParOldGen       total 71168K, used 70832K [0x00000000c0000000, 0x00000000c4580000, 0x00000000eab00000)
  object space 71168K, 99% used [0x00000000c0000000,0x00000000c452c008,0x00000000c4580000)
 Metaspace       used 51207K, committed 52416K, reserved 1114112K
  class space    used 5375K, committed 5888K, reserved 1048576K
}
Event: 9.029 GC heap before
{Heap before GC invocations=38 (full 2):
 PSYoungGen      total 15872K, used 15734K [0x00000000eab00000, 0x00000000ebd00000, 0x0000000100000000)
  eden space 13312K, 100% used [0x00000000eab00000,0x00000000eb800000,0x00000000eb800000)
  from space 2560K, 94% used [0x00000000eb880000,0x00000000ebadd9d8,0x00000000ebb00000)
  to   space 2048K, 0% used [0x00000000ebb00000,0x00000000ebb00000,0x00000000ebd00000)
 ParOldGen       total 71168K, used 70832K [0x00000000c0000000, 0x00000000c4580000, 0x00000000eab00000)
  object space 71168K, 99% used [0x00000000c0000000,0x00000000c452c008,0x00000000c4580000)
 Metaspace       used 51485K, committed 52736K, reserved 1114112K
  class space    used 5414K, committed 5952K, reserved 1048576K
}
Event: 9.033 GC heap after
{Heap after GC invocations=38 (full 2):
 PSYoungGen      total 12800K, used 2045K [0x00000000eab00000, 0x00000000ec300000, 0x0000000100000000)
  eden space 10752K, 0% used [0x00000000eab00000,0x00000000eab00000,0x00000000eb580000)
  from space 2048K, 99% used [0x00000000ebb00000,0x00000000ebcff630,0x00000000ebd00000)
  to   space 5632K, 0% used [0x00000000eb580000,0x00000000eb580000,0x00000000ebb00000)
 ParOldGen       total 73728K, used 73531K [0x00000000c0000000, 0x00000000c4800000, 0x00000000eab00000)
  object space 73728K, 99% used [0x00000000c0000000,0x00000000c47ced40,0x00000000c4800000)
 Metaspace       used 51485K, committed 52736K, reserved 1114112K
  class space    used 5414K, committed 5952K, reserved 1048576K
}
Event: 9.211 GC heap before
{Heap before GC invocations=39 (full 2):
 PSYoungGen      total 12800K, used 12797K [0x00000000eab00000, 0x00000000ec300000, 0x0000000100000000)
  eden space 10752K, 100% used [0x00000000eab00000,0x00000000eb580000,0x00000000eb580000)
  from space 2048K, 99% used [0x00000000ebb00000,0x00000000ebcff630,0x00000000ebd00000)
  to   space 5632K, 0% used [0x00000000eb580000,0x00000000eb580000,0x00000000ebb00000)
 ParOldGen       total 73728K, used 73531K [0x00000000c0000000, 0x00000000c4800000, 0x00000000eab00000)
  object space 73728K, 99% used [0x00000000c0000000,0x00000000c47ced40,0x00000000c4800000)
 Metaspace       used 51617K, committed 52864K, reserved 1114112K
  class space    used 5437K, committed 5952K, reserved 1048576K
}
Event: 9.214 GC heap after
{Heap after GC invocations=39 (full 2):
 PSYoungGen      total 12800K, used 1639K [0x00000000eab00000, 0x00000000ebb80000, 0x0000000100000000)
  eden space 10752K, 0% used [0x00000000eab00000,0x00000000eab00000,0x00000000eb580000)
  from space 2048K, 80% used [0x00000000eb580000,0x00000000eb719d38,0x00000000eb780000)
  to   space 3072K, 0% used [0x00000000eb880000,0x00000000eb880000,0x00000000ebb80000)
 ParOldGen       total 75776K, used 75574K [0x00000000c0000000, 0x00000000c4a00000, 0x00000000eab00000)
  object space 75776K, 99% used [0x00000000c0000000,0x00000000c49cda20,0x00000000c4a00000)
 Metaspace       used 51617K, committed 52864K, reserved 1114112K
  class space    used 5437K, committed 5952K, reserved 1048576K
}

