# JRE version: OpenJDK Runtime Environment Temurin-21.0.6+7 (21.0.6+7) (build 21.0.6+7-LTS)
# Java VM: OpenJDK 64-Bit Server VM Temurin-21.0.6+7 (21.0.6+7-LTS, mixed mode, sharing, tiered, compressed oops, compressed class ptrs, parallel gc, windows-amd64)
GC Precious Log:
 CardTable entry size: 512
 CPUs: 8 total, 8 available
 Memory: 7955M
 Large Page Support: Disabled
 NUMA Support: Disabled
 Compressed Oops: Enabled (32-bit)
 Alignments: Space 512K, Generation 512K, Heap 2M
 Heap Min Capacity: 100M
 Heap Initial Capacity: 100M
 Heap Max Capacity: 1G
 Pre-touch: Disabled
 Parallel Workers: 8
Heap:
 PSYoungGen      total 4096K, used 3841K [0x00000000eab00000, 0x00000000eb000000, 0x0000000100000000)
  eden space 3072K, 100% used [0x00000000eab00000,0x00000000eae00000,0x00000000eae00000)
  from space 1024K, 75% used [0x00000000eae00000,0x00000000eaec0478,0x00000000eaf00000)
  to   space 1024K, 69% used [0x00000000eaf00000,0x00000000eafb27a8,0x00000000eb000000)
 ParOldGen       total 304128K, used 304065K [0x00000000c0000000, 0x00000000d2900000, 0x00000000eab00000)
  object space 304128K, 99% used [0x00000000c0000000,0x00000000d28f06c8,0x00000000d2900000)
 Metaspace       used 64751K, committed 66240K, reserved 1114112K
  class space    used 6442K, committed 7104K, reserved 1048576K
GC Heap History (20 events):
Event: 24.282 GC heap after
{Heap after GC invocations=358 (full 3):
 PSYoungGen      total 4096K, used 736K [0x00000000eab00000, 0x00000000eb000000, 0x0000000100000000)
  eden space 3072K, 0% used [0x00000000eab00000,0x00000000eab00000,0x00000000eae00000)
  from space 1024K, 71% used [0x00000000eae00000,0x00000000eaeb8000,0x00000000eaf00000)
  to   space 1024K, 0% used [0x00000000eaf00000,0x00000000eaf00000,0x00000000eb000000)
 ParOldGen       total 298496K, used 298374K [0x00000000c0000000, 0x00000000d2380000, 0x00000000eab00000)
  object space 298496K, 99% used [0x00000000c0000000,0x00000000d2361a28,0x00000000d2380000)
 Metaspace       used 64746K, committed 66176K, reserved 1114112K
  class space    used 6442K, committed 7104K, reserved 1048576K
}
Event: 24.291 GC heap before
{Heap before GC invocations=359 (full 3):
 PSYoungGen      total 4096K, used 3808K [0x00000000eab00000, 0x00000000eb000000, 0x0000000100000000)
  eden space 3072K, 100% used [0x00000000eab00000,0x00000000eae00000,0x00000000eae00000)
  from space 1024K, 71% used [0x00000000eae00000,0x00000000eaeb8000,0x00000000eaf00000)
  to   space 1024K, 0% used [0x00000000eaf00000,0x00000000eaf00000,0x00000000eb000000)
 ParOldGen       total 298496K, used 298374K [0x00000000c0000000, 0x00000000d2380000, 0x00000000eab00000)
  object space 298496K, 99% used [0x00000000c0000000,0x00000000d2361a28,0x00000000d2380000)
 Metaspace       used 64749K, committed 66240K, reserved 1114112K
  class space    used 6442K, committed 7104K, reserved 1048576K
}
Event: 24.294 GC heap after
{Heap after GC invocations=359 (full 3):
 PSYoungGen      total 4096K, used 797K [0x00000000eab00000, 0x00000000eb000000, 0x0000000100000000)
  eden space 3072K, 0% used [0x00000000eab00000,0x00000000eab00000,0x00000000eae00000)
  from space 1024K, 77% used [0x00000000eaf00000,0x00000000eafc7670,0x00000000eb000000)
  to   space 1024K, 0% used [0x00000000eae00000,0x00000000eae00000,0x00000000eaf00000)
 ParOldGen       total 299520K, used 299022K [0x00000000c0000000, 0x00000000d2480000, 0x00000000eab00000)
  object space 299520K, 99% used [0x00000000c0000000,0x00000000d2403a10,0x00000000d2480000)
 Metaspace       used 64749K, committed 66240K, reserved 1114112K
  class space    used 6442K, committed 7104K, reserved 1048576K
}
Event: 24.308 GC heap before
{Heap before GC invocations=360 (full 3):
 PSYoungGen      total 4096K, used 3869K [0x00000000eab00000, 0x00000000eb000000, 0x0000000100000000)
  eden space 3072K, 100% used [0x00000000eab00000,0x00000000eae00000,0x00000000eae00000)
  from space 1024K, 77% used [0x00000000eaf00000,0x00000000eafc7670,0x00000000eb000000)
  to   space 1024K, 0% used [0x00000000eae00000,0x00000000eae00000,0x00000000eaf00000)
 ParOldGen       total 299520K, used 299022K [0x00000000c0000000, 0x00000000d2480000, 0x00000000eab00000)
  object space 299520K, 99% used [0x00000000c0000000,0x00000000d2403a10,0x00000000d2480000)
 Metaspace       used 64749K, committed 66240K, reserved 1114112K
  class space    used 6442K, committed 7104K, reserved 1048576K
}
Event: 24.310 GC heap after
{Heap after GC invocations=360 (full 3):
 PSYoungGen      total 4096K, used 800K [0x00000000eab00000, 0x00000000eb000000, 0x0000000100000000)
  eden space 3072K, 0% used [0x00000000eab00000,0x00000000eab00000,0x00000000eae00000)
  from space 1024K, 78% used [0x00000000eae00000,0x00000000eaec8000,0x00000000eaf00000)
  to   space 1024K, 0% used [0x00000000eaf00000,0x00000000eaf00000,0x00000000eb000000)
 ParOldGen       total 300032K, used 299650K [0x00000000c0000000, 0x00000000d2500000, 0x00000000eab00000)
  object space 300032K, 99% used [0x00000000c0000000,0x00000000d24a09c8,0x00000000d2500000)
 Metaspace       used 64749K, committed 66240K, reserved 1114112K
  class space    used 6442K, committed 7104K, reserved 1048576K
}
Event: 24.323 GC heap before
{Heap before GC invocations=361 (full 3):
 PSYoungGen      total 4096K, used 3872K [0x00000000eab00000, 0x00000000eb000000, 0x0000000100000000)
  eden space 3072K, 100% used [0x00000000eab00000,0x00000000eae00000,0x00000000eae00000)
  from space 1024K, 78% used [0x00000000eae00000,0x00000000eaec8000,0x00000000eaf00000)
  to   space 1024K, 0% used [0x00000000eaf00000,0x00000000eaf00000,0x00000000eb000000)
 ParOldGen       total 300032K, used 299650K [0x00000000c0000000, 0x00000000d2500000, 0x00000000eab00000)
  object space 300032K, 99% used [0x00000000c0000000,0x00000000d24a09c8,0x00000000d2500000)
 Metaspace       used 64750K, committed 66240K, reserved 1114112K
  class space    used 6442K, committed 7104K, reserved 1048576K
}
Event: 24.326 GC heap after
{Heap after GC invocations=361 (full 3):
 PSYoungGen      total 4096K, used 736K [0x00000000eab00000, 0x00000000eb000000, 0x0000000100000000)
  eden space 3072K, 0% used [0x00000000eab00000,0x00000000eab00000,0x00000000eae00000)
  from space 1024K, 71% used [0x00000000eaf00000,0x00000000eafb8000,0x00000000eb000000)
  to   space 1024K, 0% used [0x00000000eae00000,0x00000000eae00000,0x00000000eaf00000)
 ParOldGen       total 300544K, used 300300K [0x00000000c0000000, 0x00000000d2580000, 0x00000000eab00000)
  object space 300544K, 99% used [0x00000000c0000000,0x00000000d2543350,0x00000000d2580000)
 Metaspace       used 64750K, committed 66240K, reserved 1114112K
  class space    used 6442K, committed 7104K, reserved 1048576K
}
Event: 24.340 GC heap before
{Heap before GC invocations=362 (full 3):
 PSYoungGen      total 4096K, used 3808K [0x00000000eab00000, 0x00000000eb000000, 0x0000000100000000)
  eden space 3072K, 100% used [0x00000000eab00000,0x00000000eae00000,0x00000000eae00000)
  from space 1024K, 71% used [0x00000000eaf00000,0x00000000eafb8000,0x00000000eb000000)
  to   space 1024K, 0% used [0x00000000eae00000,0x00000000eae00000,0x00000000eaf00000)
 ParOldGen       total 300544K, used 300300K [0x00000000c0000000, 0x00000000d2580000, 0x00000000eab00000)
  object space 300544K, 99% used [0x00000000c0000000,0x00000000d2543350,0x00000000d2580000)
 Metaspace       used 64750K, committed 66240K, reserved 1114112K
  class space    used 6442K, committed 7104K, reserved 1048576K
}
Event: 24.342 GC heap after
{Heap after GC invocations=362 (full 3):
 PSYoungGen      total 4096K, used 736K [0x00000000eab00000, 0x00000000eb000000, 0x0000000100000000)
  eden space 3072K, 0% used [0x00000000eab00000,0x00000000eab00000,0x00000000eae00000)
  from space 1024K, 71% used [0x00000000eae00000,0x00000000eaeb8000,0x00000000eaf00000)
  to   space 1024K, 0% used [0x00000000eaf00000,0x00000000eaf00000,0x00000000eb000000)
 ParOldGen       total 301056K, used 300945K [0x00000000c0000000, 0x00000000d2600000, 0x00000000eab00000)
  object space 301056K, 99% used [0x00000000c0000000,0x00000000d25e46d8,0x00000000d2600000)
 Metaspace       used 64750K, committed 66240K, reserved 1114112K
  class space    used 6442K, committed 7104K, reserved 1048576K
}
Event: 24.353 GC heap before
{Heap before GC invocations=363 (full 3):
 PSYoungGen      total 4096K, used 3808K [0x00000000eab00000, 0x00000000eb000000, 0x0000000100000000)
  eden space 3072K, 100% used [0x00000000eab00000,0x00000000eae00000,0x00000000eae00000)
  from space 1024K, 71% used [0x00000000eae00000,0x00000000eaeb8000,0x00000000eaf00000)
  to   space 1024K, 0% used [0x00000000eaf00000,0x00000000eaf00000,0x00000000eb000000)
 ParOldGen       total 301056K, used 300945K [0x00000000c0000000, 0x00000000d2600000, 0x00000000eab00000)
  object space 301056K, 99% used [0x00000000c0000000,0x00000000d25e46d8,0x00000000d2600000)
 Metaspace       used 64750K, committed 66240K, reserved 1114112K
  class space    used 6442K, committed 7104K, reserved 1048576K
}
Event: 24.355 GC heap after
{Heap after GC invocations=363 (full 3):
 PSYoungGen      total 4096K, used 796K [0x00000000eab00000, 0x00000000eb000000, 0x0000000100000000)
  eden space 3072K, 0% used [0x00000000eab00000,0x00000000eab00000,0x00000000eae00000)
  from space 1024K, 77% used [0x00000000eaf00000,0x00000000eafc7098,0x00000000eb000000)
  to   space 1024K, 0% used [0x00000000eae00000,0x00000000eae00000,0x00000000eaf00000)
 ParOldGen       total 301568K, used 301542K [0x00000000c0000000, 0x00000000d2680000, 0x00000000eab00000)
  object space 301568K, 99% used [0x00000000c0000000,0x00000000d2679b38,0x00000000d2680000)
 Metaspace       used 64750K, committed 66240K, reserved 1114112K
  class space    used 6442K, committed 7104K, reserved 1048576K
}
Event: 24.366 GC heap before
{Heap before GC invocations=364 (full 3):
 PSYoungGen      total 4096K, used 3868K [0x00000000eab00000, 0x00000000eb000000, 0x0000000100000000)
  eden space 3072K, 100% used [0x00000000eab00000,0x00000000eae00000,0x00000000eae00000)
  from space 1024K, 77% used [0x00000000eaf00000,0x00000000eafc7098,0x00000000eb000000)
  to   space 1024K, 0% used [0x00000000eae00000,0x00000000eae00000,0x00000000eaf00000)
 ParOldGen       total 301568K, used 301542K [0x00000000c0000000, 0x00000000d2680000, 0x00000000eab00000)
  object space 301568K, 99% used [0x00000000c0000000,0x00000000d2679b38,0x00000000d2680000)
 Metaspace       used 64751K, committed 66240K, reserved 1114112K
  class space    used 6442K, committed 7104K, reserved 1048576K
}
Event: 24.368 GC heap after
{Heap after GC invocations=364 (full 3):
 PSYoungGen      total 4096K, used 828K [0x00000000eab00000, 0x00000000eb000000, 0x0000000100000000)
  eden space 3072K, 0% used [0x00000000eab00000,0x00000000eab00000,0x00000000eae00000)
  from space 1024K, 80% used [0x00000000eae00000,0x00000000eaecf150,0x00000000eaf00000)
  to   space 1024K, 0% used [0x00000000eaf00000,0x00000000eaf00000,0x00000000eb000000)
 ParOldGen       total 302592K, used 302219K [0x00000000c0000000, 0x00000000d2780000, 0x00000000eab00000)
  object space 302592K, 99% used [0x00000000c0000000,0x00000000d2722dd0,0x00000000d2780000)
 Metaspace       used 64751K, committed 66240K, reserved 1114112K
  class space    used 6442K, committed 7104K, reserved 1048576K
}
Event: 24.374 GC heap before
{Heap before GC invocations=365 (full 3):
 PSYoungGen      total 4096K, used 3900K [0x00000000eab00000, 0x00000000eb000000, 0x0000000100000000)
  eden space 3072K, 100% used [0x00000000eab00000,0x00000000eae00000,0x00000000eae00000)
  from space 1024K, 80% used [0x00000000eae00000,0x00000000eaecf150,0x00000000eaf00000)
  to   space 1024K, 0% used [0x00000000eaf00000,0x00000000eaf00000,0x00000000eb000000)
 ParOldGen       total 302592K, used 302219K [0x00000000c0000000, 0x00000000d2780000, 0x00000000eab00000)
  object space 302592K, 99% used [0x00000000c0000000,0x00000000d2722dd0,0x00000000d2780000)
 Metaspace       used 64751K, committed 66240K, reserved 1114112K
  class space    used 6442K, committed 7104K, reserved 1048576K
}
Event: 24.377 GC heap after
{Heap after GC invocations=365 (full 3):
 PSYoungGen      total 4096K, used 756K [0x00000000eab00000, 0x00000000eb000000, 0x0000000100000000)
  eden space 3072K, 0% used [0x00000000eab00000,0x00000000eab00000,0x00000000eae00000)
  from space 1024K, 73% used [0x00000000eaf00000,0x00000000eafbd3c0,0x00000000eb000000)
  to   space 1024K, 0% used [0x00000000eae00000,0x00000000eae00000,0x00000000eaf00000)
 ParOldGen       total 303104K, used 302904K [0x00000000c0000000, 0x00000000d2800000, 0x00000000eab00000)
  object space 303104K, 99% used [0x00000000c0000000,0x00000000d27ce028,0x00000000d2800000)
 Metaspace       used 64751K, committed 66240K, reserved 1114112K
  class space    used 6442K, committed 7104K, reserved 1048576K
}
Event: 24.388 GC heap before
{Heap before GC invocations=366 (full 3):
 PSYoungGen      total 4096K, used 3828K [0x00000000eab00000, 0x00000000eb000000, 0x0000000100000000)
  eden space 3072K, 99% used [0x00000000eab00000,0x00000000eadffff0,0x00000000eae00000)
  from space 1024K, 73% used [0x00000000eaf00000,0x00000000eafbd3c0,0x00000000eb000000)
  to   space 1024K, 0% used [0x00000000eae00000,0x00000000eae00000,0x00000000eaf00000)
 ParOldGen       total 303104K, used 302904K [0x00000000c0000000, 0x00000000d2800000, 0x00000000eab00000)
  object space 303104K, 99% used [0x00000000c0000000,0x00000000d27ce028,0x00000000d2800000)
 Metaspace       used 64751K, committed 66240K, reserved 1114112K
  class space    used 6442K, committed 7104K, reserved 1048576K
}
Event: 24.390 GC heap after
{Heap after GC invocations=366 (full 3):
 PSYoungGen      total 4096K, used 769K [0x00000000eab00000, 0x00000000eb000000, 0x0000000100000000)
  eden space 3072K, 0% used [0x00000000eab00000,0x00000000eab00000,0x00000000eae00000)
  from space 1024K, 75% used [0x00000000eae00000,0x00000000eaec0478,0x00000000eaf00000)
  to   space 1024K, 0% used [0x00000000eaf00000,0x00000000eaf00000,0x00000000eb000000)
 ParOldGen       total 303616K, used 303505K [0x00000000c0000000, 0x00000000d2880000, 0x00000000eab00000)
  object space 303616K, 99% used [0x00000000c0000000,0x00000000d2864730,0x00000000d2880000)
 Metaspace       used 64751K, committed 66240K, reserved 1114112K
  class space    used 6442K, committed 7104K, reserved 1048576K
}
Event: 24.403 GC heap before
{Heap before GC invocations=367 (full 3):
 PSYoungGen      total 4096K, used 3841K [0x00000000eab00000, 0x00000000eb000000, 0x0000000100000000)
  eden space 3072K, 100% used [0x00000000eab00000,0x00000000eae00000,0x00000000eae00000)
  from space 1024K, 75% used [0x00000000eae00000,0x00000000eaec0478,0x00000000eaf00000)
  to   space 1024K, 0% used [0x00000000eaf00000,0x00000000eaf00000,0x00000000eb000000)
 ParOldGen       total 303616K, used 303505K [0x00000000c0000000, 0x00000000d2880000, 0x00000000eab00000)
  object space 303616K, 99% used [0x00000000c0000000,0x00000000d2864730,0x00000000d2880000)
 Metaspace       used 64751K, committed 66240K, reserved 1114112K
  class space    used 6442K, committed 7104K, reserved 1048576K
}
Event: 24.405 GC heap after
{Heap after GC invocations=367 (full 3):
 PSYoungGen      total 4096K, used 3841K [0x00000000eab00000, 0x00000000eb000000, 0x0000000100000000)
  eden space 3072K, 100% used [0x00000000eab00000,0x00000000eae00000,0x00000000eae00000)
  from space 1024K, 75% used [0x00000000eae00000,0x00000000eaec0478,0x00000000eaf00000)
  to   space 1024K, 69% used [0x00000000eaf00000,0x00000000eafb27a8,0x00000000eb000000)
 ParOldGen       total 304128K, used 304065K [0x00000000c0000000, 0x00000000d2900000, 0x00000000eab00000)
  object space 304128K, 99% used [0x00000000c0000000,0x00000000d28f06c8,0x00000000d2900000)
 Metaspace       used 64751K, committed 66240K, reserved 1114112K
  class space    used 6442K, committed 7104K, reserved 1048576K
}
Event: 24.405 GC heap before
{Heap before GC invocations=368 (full 4):
 PSYoungGen      total 4096K, used 3841K [0x00000000eab00000, 0x00000000eb000000, 0x0000000100000000)
  eden space 3072K, 100% used [0x00000000eab00000,0x00000000eae00000,0x00000000eae00000)
  from space 1024K, 75% used [0x00000000eae00000,0x00000000eaec0478,0x00000000eaf00000)
  to   space 1024K, 69% used [0x00000000eaf00000,0x00000000eafb27a8,0x00000000eb000000)
 ParOldGen       total 304128K, used 304065K [0x00000000c0000000, 0x00000000d2900000, 0x00000000eab00000)
  object space 304128K, 99% used [0x00000000c0000000,0x00000000d28f06c8,0x00000000d2900000)
 Metaspace       used 64751K, committed 66240K, reserved 1114112K
  class space    used 6442K, committed 7104K, reserved 1048576K
}

