# JRE version: OpenJDK Runtime Environment Temurin-21.0.6+7 (21.0.6+7) (build 21.0.6+7-LTS)
# Java VM: OpenJDK 64-Bit Server VM Temurin-21.0.6+7 (21.0.6+7-LTS, mixed mode, sharing, tiered, compressed oops, compressed class ptrs, parallel gc, windows-amd64)
GC Precious Log:
 CardTable entry size: 512
 CPUs: 8 total, 8 available
 Memory: 7955M
 Large Page Support: Disabled
 NUMA Support: Disabled
 Compressed Oops: Enabled (32-bit)
 Alignments: Space 512K, Generation 512K, Heap 2M
 Heap Min Capacity: 100M
 Heap Initial Capacity: 100M
 Heap Max Capacity: 1G
 Pre-touch: Disabled
 Parallel Workers: 8
Heap:
 PSYoungGen      total 12288K, used 8988K [0x00000000eab00000, 0x00000000ec600000, 0x0000000100000000)
  eden space 8704K, 62% used [0x00000000eab00000,0x00000000eb047418,0x00000000eb380000)
  from space 3584K, 99% used [0x00000000eba80000,0x00000000ebdffc00,0x00000000ebe00000)
  to   space 7168K, 0% used [0x00000000eb380000,0x00000000eb380000,0x00000000eba80000)
 ParOldGen       total 322560K, used 306301K [0x00000000c0000000, 0x00000000d3b00000, 0x00000000eab00000)
  object space 322560K, 94% used [0x00000000c0000000,0x00000000d2b1f4e0,0x00000000d3b00000)
 Metaspace       used 64419K, committed 65856K, reserved 1114112K
  class space    used 6443K, committed 7104K, reserved 1048576K
GC Heap History (20 events):
Event: 13.880 GC heap before
{Heap before GC invocations=333 (full 3):
 PSYoungGen      total 9216K, used 9201K [0x00000000eab00000, 0x00000000eb680000, 0x0000000100000000)
  eden space 7168K, 99% used [0x00000000eab00000,0x00000000eb1fc828,0x00000000eb200000)
  from space 2048K, 99% used [0x00000000eb200000,0x00000000eb3ffe58,0x00000000eb400000)
  to   space 2048K, 0% used [0x00000000eb400000,0x00000000eb400000,0x00000000eb600000)
 ParOldGen       total 345600K, used 345166K [0x00000000c0000000, 0x00000000d5180000, 0x00000000eab00000)
  object space 345600K, 99% used [0x00000000c0000000,0x00000000d51138f0,0x00000000d5180000)
 Metaspace       used 63529K, committed 64960K, reserved 1114112K
  class space    used 6370K, committed 7040K, reserved 1048576K
}
Event: 13.882 GC heap after
{Heap after GC invocations=333 (full 3):
 PSYoungGen      total 9216K, used 9201K [0x00000000eab00000, 0x00000000eb680000, 0x0000000100000000)
  eden space 7168K, 99% used [0x00000000eab00000,0x00000000eb1fc828,0x00000000eb200000)
  from space 2048K, 99% used [0x00000000eb200000,0x00000000eb3ffe58,0x00000000eb400000)
  to   space 2048K, 99% used [0x00000000eb400000,0x00000000eb5fd1b8,0x00000000eb600000)
 ParOldGen       total 348160K, used 347659K [0x00000000c0000000, 0x00000000d5400000, 0x00000000eab00000)
  object space 348160K, 99% used [0x00000000c0000000,0x00000000d5382c80,0x00000000d5400000)
 Metaspace       used 63529K, committed 64960K, reserved 1114112K
  class space    used 6370K, committed 7040K, reserved 1048576K
}
Event: 13.882 GC heap before
{Heap before GC invocations=334 (full 4):
 PSYoungGen      total 9216K, used 9201K [0x00000000eab00000, 0x00000000eb680000, 0x0000000100000000)
  eden space 7168K, 99% used [0x00000000eab00000,0x00000000eb1fc828,0x00000000eb200000)
  from space 2048K, 99% used [0x00000000eb200000,0x00000000eb3ffe58,0x00000000eb400000)
  to   space 2048K, 99% used [0x00000000eb400000,0x00000000eb5fd1b8,0x00000000eb600000)
 ParOldGen       total 348160K, used 347659K [0x00000000c0000000, 0x00000000d5400000, 0x00000000eab00000)
  object space 348160K, 99% used [0x00000000c0000000,0x00000000d5382c80,0x00000000d5400000)
 Metaspace       used 63529K, committed 64960K, reserved 1114112K
  class space    used 6370K, committed 7040K, reserved 1048576K
}
Event: 14.077 GC heap after
{Heap after GC invocations=334 (full 4):
 PSYoungGen      total 6656K, used 0K [0x00000000eab00000, 0x00000000ebc80000, 0x0000000100000000)
  eden space 4608K, 0% used [0x00000000eab00000,0x00000000eab00000,0x00000000eaf80000)
  from space 2048K, 0% used [0x00000000eb400000,0x00000000eb400000,0x00000000eb600000)
  to   space 4608K, 0% used [0x00000000eaf80000,0x00000000eaf80000,0x00000000eb400000)
 ParOldGen       total 322560K, used 289591K [0x00000000c0000000, 0x00000000d3b00000, 0x00000000eab00000)
  object space 322560K, 89% used [0x00000000c0000000,0x00000000d1acdd50,0x00000000d3b00000)
 Metaspace       used 63522K, committed 64960K, reserved 1114112K
  class space    used 6368K, committed 7040K, reserved 1048576K
}
Event: 14.081 GC heap before
{Heap before GC invocations=335 (full 4):
 PSYoungGen      total 6656K, used 4608K [0x00000000eab00000, 0x00000000ebc80000, 0x0000000100000000)
  eden space 4608K, 100% used [0x00000000eab00000,0x00000000eaf80000,0x00000000eaf80000)
  from space 2048K, 0% used [0x00000000eb400000,0x00000000eb400000,0x00000000eb600000)
  to   space 4608K, 0% used [0x00000000eaf80000,0x00000000eaf80000,0x00000000eb400000)
 ParOldGen       total 322560K, used 289591K [0x00000000c0000000, 0x00000000d3b00000, 0x00000000eab00000)
  object space 322560K, 89% used [0x00000000c0000000,0x00000000d1acdd50,0x00000000d3b00000)
 Metaspace       used 63541K, committed 65024K, reserved 1114112K
  class space    used 6370K, committed 7040K, reserved 1048576K
}
Event: 14.082 GC heap after
{Heap after GC invocations=335 (full 4):
 PSYoungGen      total 6656K, used 1838K [0x00000000eab00000, 0x00000000eb680000, 0x0000000100000000)
  eden space 4608K, 0% used [0x00000000eab00000,0x00000000eab00000,0x00000000eaf80000)
  from space 2048K, 89% used [0x00000000eaf80000,0x00000000eb14baf0,0x00000000eb180000)
  to   space 3072K, 0% used [0x00000000eb380000,0x00000000eb380000,0x00000000eb680000)
 ParOldGen       total 322560K, used 289591K [0x00000000c0000000, 0x00000000d3b00000, 0x00000000eab00000)
  object space 322560K, 89% used [0x00000000c0000000,0x00000000d1acdd50,0x00000000d3b00000)
 Metaspace       used 63541K, committed 65024K, reserved 1114112K
  class space    used 6370K, committed 7040K, reserved 1048576K
}
Event: 14.088 GC heap before
{Heap before GC invocations=336 (full 4):
 PSYoungGen      total 6656K, used 6439K [0x00000000eab00000, 0x00000000eb680000, 0x0000000100000000)
  eden space 4608K, 99% used [0x00000000eab00000,0x00000000eaf7e338,0x00000000eaf80000)
  from space 2048K, 89% used [0x00000000eaf80000,0x00000000eb14baf0,0x00000000eb180000)
  to   space 3072K, 0% used [0x00000000eb380000,0x00000000eb380000,0x00000000eb680000)
 ParOldGen       total 322560K, used 289591K [0x00000000c0000000, 0x00000000d3b00000, 0x00000000eab00000)
  object space 322560K, 89% used [0x00000000c0000000,0x00000000d1acdd50,0x00000000d3b00000)
 Metaspace       used 63594K, committed 65024K, reserved 1114112K
  class space    used 6376K, committed 7040K, reserved 1048576K
}
Event: 14.090 GC heap after
{Heap after GC invocations=336 (full 4):
 PSYoungGen      total 7680K, used 1743K [0x00000000eab00000, 0x00000000eb580000, 0x0000000100000000)
  eden space 5632K, 0% used [0x00000000eab00000,0x00000000eab00000,0x00000000eb080000)
  from space 2048K, 85% used [0x00000000eb380000,0x00000000eb533cf8,0x00000000eb580000)
  to   space 2048K, 0% used [0x00000000eb180000,0x00000000eb180000,0x00000000eb380000)
 ParOldGen       total 322560K, used 291166K [0x00000000c0000000, 0x00000000d3b00000, 0x00000000eab00000)
  object space 322560K, 90% used [0x00000000c0000000,0x00000000d1c57b50,0x00000000d3b00000)
 Metaspace       used 63594K, committed 65024K, reserved 1114112K
  class space    used 6376K, committed 7040K, reserved 1048576K
}
Event: 14.094 GC heap before
{Heap before GC invocations=337 (full 4):
 PSYoungGen      total 7680K, used 7374K [0x00000000eab00000, 0x00000000eb580000, 0x0000000100000000)
  eden space 5632K, 99% used [0x00000000eab00000,0x00000000eb07fca8,0x00000000eb080000)
  from space 2048K, 85% used [0x00000000eb380000,0x00000000eb533cf8,0x00000000eb580000)
  to   space 2048K, 0% used [0x00000000eb180000,0x00000000eb180000,0x00000000eb380000)
 ParOldGen       total 322560K, used 291166K [0x00000000c0000000, 0x00000000d3b00000, 0x00000000eab00000)
  object space 322560K, 90% used [0x00000000c0000000,0x00000000d1c57b50,0x00000000d3b00000)
 Metaspace       used 63633K, committed 65088K, reserved 1114112K
  class space    used 6378K, committed 7040K, reserved 1048576K
}
Event: 14.096 GC heap after
{Heap after GC invocations=337 (full 4):
 PSYoungGen      total 8704K, used 2032K [0x00000000eab00000, 0x00000000eba00000, 0x0000000100000000)
  eden space 6656K, 0% used [0x00000000eab00000,0x00000000eab00000,0x00000000eb180000)
  from space 2048K, 99% used [0x00000000eb180000,0x00000000eb37c100,0x00000000eb380000)
  to   space 4096K, 0% used [0x00000000eb600000,0x00000000eb600000,0x00000000eba00000)
 ParOldGen       total 322560K, used 292787K [0x00000000c0000000, 0x00000000d3b00000, 0x00000000eab00000)
  object space 322560K, 90% used [0x00000000c0000000,0x00000000d1decca0,0x00000000d3b00000)
 Metaspace       used 63633K, committed 65088K, reserved 1114112K
  class space    used 6378K, committed 7040K, reserved 1048576K
}
Event: 14.102 GC heap before
{Heap before GC invocations=338 (full 4):
 PSYoungGen      total 8704K, used 8688K [0x00000000eab00000, 0x00000000eba00000, 0x0000000100000000)
  eden space 6656K, 100% used [0x00000000eab00000,0x00000000eb180000,0x00000000eb180000)
  from space 2048K, 99% used [0x00000000eb180000,0x00000000eb37c100,0x00000000eb380000)
  to   space 4096K, 0% used [0x00000000eb600000,0x00000000eb600000,0x00000000eba00000)
 ParOldGen       total 322560K, used 292787K [0x00000000c0000000, 0x00000000d3b00000, 0x00000000eab00000)
  object space 322560K, 90% used [0x00000000c0000000,0x00000000d1decca0,0x00000000d3b00000)
 Metaspace       used 63680K, committed 65152K, reserved 1114112K
  class space    used 6384K, committed 7040K, reserved 1048576K
}
Event: 14.104 GC heap after
{Heap after GC invocations=338 (full 4):
 PSYoungGen      total 11264K, used 2543K [0x00000000eab00000, 0x00000000eb900000, 0x0000000100000000)
  eden space 8192K, 0% used [0x00000000eab00000,0x00000000eab00000,0x00000000eb300000)
  from space 3072K, 82% used [0x00000000eb600000,0x00000000eb87bd20,0x00000000eb900000)
  to   space 3072K, 0% used [0x00000000eb300000,0x00000000eb300000,0x00000000eb600000)
 ParOldGen       total 322560K, used 294782K [0x00000000c0000000, 0x00000000d3b00000, 0x00000000eab00000)
  object space 322560K, 91% used [0x00000000c0000000,0x00000000d1fdf9b8,0x00000000d3b00000)
 Metaspace       used 63680K, committed 65152K, reserved 1114112K
  class space    used 6384K, committed 7040K, reserved 1048576K
}
Event: 14.108 GC heap before
{Heap before GC invocations=339 (full 4):
 PSYoungGen      total 11264K, used 10735K [0x00000000eab00000, 0x00000000eb900000, 0x0000000100000000)
  eden space 8192K, 100% used [0x00000000eab00000,0x00000000eb300000,0x00000000eb300000)
  from space 3072K, 82% used [0x00000000eb600000,0x00000000eb87bd20,0x00000000eb900000)
  to   space 3072K, 0% used [0x00000000eb300000,0x00000000eb300000,0x00000000eb600000)
 ParOldGen       total 322560K, used 294782K [0x00000000c0000000, 0x00000000d3b00000, 0x00000000eab00000)
  object space 322560K, 91% used [0x00000000c0000000,0x00000000d1fdf9b8,0x00000000d3b00000)
 Metaspace       used 63746K, committed 65216K, reserved 1114112K
  class space    used 6388K, committed 7040K, reserved 1048576K
}
Event: 14.110 GC heap after
{Heap after GC invocations=339 (full 4):
 PSYoungGen      total 11264K, used 3054K [0x00000000eab00000, 0x00000000ec200000, 0x0000000100000000)
  eden space 8192K, 0% used [0x00000000eab00000,0x00000000eab00000,0x00000000eb300000)
  from space 3072K, 99% used [0x00000000eb300000,0x00000000eb5fbad0,0x00000000eb600000)
  to   space 6656K, 0% used [0x00000000ebb80000,0x00000000ebb80000,0x00000000ec200000)
 ParOldGen       total 322560K, used 297567K [0x00000000c0000000, 0x00000000d3b00000, 0x00000000eab00000)
  object space 322560K, 92% used [0x00000000c0000000,0x00000000d2297ce8,0x00000000d3b00000)
 Metaspace       used 63746K, committed 65216K, reserved 1114112K
  class space    used 6388K, committed 7040K, reserved 1048576K
}
Event: 14.116 GC heap before
{Heap before GC invocations=340 (full 4):
 PSYoungGen      total 11264K, used 11246K [0x00000000eab00000, 0x00000000ec200000, 0x0000000100000000)
  eden space 8192K, 100% used [0x00000000eab00000,0x00000000eb300000,0x00000000eb300000)
  from space 3072K, 99% used [0x00000000eb300000,0x00000000eb5fbad0,0x00000000eb600000)
  to   space 6656K, 0% used [0x00000000ebb80000,0x00000000ebb80000,0x00000000ec200000)
 ParOldGen       total 322560K, used 297567K [0x00000000c0000000, 0x00000000d3b00000, 0x00000000eab00000)
  object space 322560K, 92% used [0x00000000c0000000,0x00000000d2297ce8,0x00000000d3b00000)
 Metaspace       used 63799K, committed 65216K, reserved 1114112K
  class space    used 6396K, committed 7040K, reserved 1048576K
}
Event: 14.119 GC heap after
{Heap after GC invocations=340 (full 4):
 PSYoungGen      total 13824K, used 3317K [0x00000000eab00000, 0x00000000ebf00000, 0x0000000100000000)
  eden space 10240K, 0% used [0x00000000eab00000,0x00000000eab00000,0x00000000eb500000)
  from space 3584K, 92% used [0x00000000ebb80000,0x00000000ebebd600,0x00000000ebf00000)
  to   space 4608K, 0% used [0x00000000eb600000,0x00000000eb600000,0x00000000eba80000)
 ParOldGen       total 322560K, used 300469K [0x00000000c0000000, 0x00000000d3b00000, 0x00000000eab00000)
  object space 322560K, 93% used [0x00000000c0000000,0x00000000d256d7b8,0x00000000d3b00000)
 Metaspace       used 63799K, committed 65216K, reserved 1114112K
  class space    used 6396K, committed 7040K, reserved 1048576K
}
Event: 14.203 GC heap before
{Heap before GC invocations=341 (full 4):
 PSYoungGen      total 13824K, used 13557K [0x00000000eab00000, 0x00000000ebf00000, 0x0000000100000000)
  eden space 10240K, 100% used [0x00000000eab00000,0x00000000eb500000,0x00000000eb500000)
  from space 3584K, 92% used [0x00000000ebb80000,0x00000000ebebd600,0x00000000ebf00000)
  to   space 4608K, 0% used [0x00000000eb600000,0x00000000eb600000,0x00000000eba80000)
 ParOldGen       total 322560K, used 300469K [0x00000000c0000000, 0x00000000d3b00000, 0x00000000eab00000)
  object space 322560K, 93% used [0x00000000c0000000,0x00000000d256d7b8,0x00000000d3b00000)
 Metaspace       used 63866K, committed 65344K, reserved 1114112K
  class space    used 6399K, committed 7104K, reserved 1048576K
}
Event: 14.206 GC heap after
{Heap after GC invocations=341 (full 4):
 PSYoungGen      total 15872K, used 2942K [0x00000000eab00000, 0x00000000ebe00000, 0x0000000100000000)
  eden space 11264K, 0% used [0x00000000eab00000,0x00000000eab00000,0x00000000eb600000)
  from space 4608K, 63% used [0x00000000eb600000,0x00000000eb8dfaf8,0x00000000eba80000)
  to   space 3584K, 0% used [0x00000000eba80000,0x00000000eba80000,0x00000000ebe00000)
 ParOldGen       total 322560K, used 303655K [0x00000000c0000000, 0x00000000d3b00000, 0x00000000eab00000)
  object space 322560K, 94% used [0x00000000c0000000,0x00000000d2889c28,0x00000000d3b00000)
 Metaspace       used 63866K, committed 65344K, reserved 1114112K
  class space    used 6399K, committed 7104K, reserved 1048576K
}
Event: 14.305 GC heap before
{Heap before GC invocations=342 (full 4):
 PSYoungGen      total 15872K, used 14206K [0x00000000eab00000, 0x00000000ebe00000, 0x0000000100000000)
  eden space 11264K, 100% used [0x00000000eab00000,0x00000000eb600000,0x00000000eb600000)
  from space 4608K, 63% used [0x00000000eb600000,0x00000000eb8dfaf8,0x00000000eba80000)
  to   space 3584K, 0% used [0x00000000eba80000,0x00000000eba80000,0x00000000ebe00000)
 ParOldGen       total 322560K, used 303655K [0x00000000c0000000, 0x00000000d3b00000, 0x00000000eab00000)
  object space 322560K, 94% used [0x00000000c0000000,0x00000000d2889c28,0x00000000d3b00000)
 Metaspace       used 64135K, committed 65664K, reserved 1114112K
  class space    used 6420K, committed 7104K, reserved 1048576K
}
Event: 14.309 GC heap after
{Heap after GC invocations=342 (full 4):
 PSYoungGen      total 12288K, used 3583K [0x00000000eab00000, 0x00000000ec600000, 0x0000000100000000)
  eden space 8704K, 0% used [0x00000000eab00000,0x00000000eab00000,0x00000000eb380000)
  from space 3584K, 99% used [0x00000000eba80000,0x00000000ebdffc00,0x00000000ebe00000)
  to   space 7168K, 0% used [0x00000000eb380000,0x00000000eb380000,0x00000000eba80000)
 ParOldGen       total 322560K, used 306301K [0x00000000c0000000, 0x00000000d3b00000, 0x00000000eab00000)
  object space 322560K, 94% used [0x00000000c0000000,0x00000000d2b1f4e0,0x00000000d3b00000)
 Metaspace       used 64135K, committed 65664K, reserved 1114112K
  class space    used 6420K, committed 7104K, reserved 1048576K
}

