# JRE version: OpenJDK Runtime Environment Temurin-21.0.6+7 (21.0.6+7) (build 21.0.6+7-LTS)
# Java VM: OpenJDK 64-Bit Server VM Temurin-21.0.6+7 (21.0.6+7-LTS, mixed mode, sharing, tiered, compressed oops, compressed class ptrs, parallel gc, windows-amd64)
GC Precious Log:
 CardTable entry size: 512
 CPUs: 8 total, 8 available
 Memory: 7955M
 Large Page Support: Disabled
 NUMA Support: Disabled
 Compressed Oops: Enabled (32-bit)
 Alignments: Space 512K, Generation 512K, Heap 2M
 Heap Min Capacity: 100M
 Heap Initial Capacity: 100M
 Heap Max Capacity: 1G
 Pre-touch: Disabled
 Parallel Workers: 8
Heap:
 PSYoungGen      total 5120K, used 2442K [0x00000000eab00000, 0x00000000eb100000, 0x0000000100000000)
  eden space 4096K, 45% used [0x00000000eab00000,0x00000000eacd2b68,0x00000000eaf00000)
  from space 1024K, 56% used [0x00000000eb000000,0x00000000eb090000,0x00000000eb100000)
  to   space 1024K, 0% used [0x00000000eaf00000,0x00000000eaf00000,0x00000000eb000000)
 ParOldGen       total 255488K, used 255482K [0x00000000c0000000, 0x00000000cf980000, 0x00000000eab00000)
  object space 255488K, 99% used [0x00000000c0000000,0x00000000cf97eab0,0x00000000cf980000)
 Metaspace       used 62635K, committed 64128K, reserved 1114112K
  class space    used 6237K, committed 6912K, reserved 1048576K
GC Heap History (20 events):
Event: 18.055 GC heap before
{Heap before GC invocations=236 (full 3):
 PSYoungGen      total 5120K, used 4669K [0x00000000eab00000, 0x00000000eb100000, 0x0000000100000000)
  eden space 4096K, 99% used [0x00000000eab00000,0x00000000eaeff5d0,0x00000000eaf00000)
  from space 1024K, 56% used [0x00000000eb000000,0x00000000eb090000,0x00000000eb100000)
  to   space 1024K, 0% used [0x00000000eaf00000,0x00000000eaf00000,0x00000000eb000000)
 ParOldGen       total 250880K, used 250519K [0x00000000c0000000, 0x00000000cf500000, 0x00000000eab00000)
  object space 250880K, 99% used [0x00000000c0000000,0x00000000cf4a5fc8,0x00000000cf500000)
 Metaspace       used 62319K, committed 63808K, reserved 1114112K
  class space    used 6236K, committed 6912K, reserved 1048576K
}
Event: 18.058 GC heap after
{Heap after GC invocations=236 (full 3):
 PSYoungGen      total 5120K, used 512K [0x00000000eab00000, 0x00000000eb100000, 0x0000000100000000)
  eden space 4096K, 0% used [0x00000000eab00000,0x00000000eab00000,0x00000000eaf00000)
  from space 1024K, 50% used [0x00000000eaf00000,0x00000000eaf80000,0x00000000eb000000)
  to   space 1024K, 0% used [0x00000000eb000000,0x00000000eb000000,0x00000000eb100000)
 ParOldGen       total 250880K, used 250695K [0x00000000c0000000, 0x00000000cf500000, 0x00000000eab00000)
  object space 250880K, 99% used [0x00000000c0000000,0x00000000cf4d1fc8,0x00000000cf500000)
 Metaspace       used 62319K, committed 63808K, reserved 1114112K
  class space    used 6236K, committed 6912K, reserved 1048576K
}
Event: 18.076 GC heap before
{Heap before GC invocations=237 (full 3):
 PSYoungGen      total 5120K, used 4608K [0x00000000eab00000, 0x00000000eb100000, 0x0000000100000000)
  eden space 4096K, 100% used [0x00000000eab00000,0x00000000eaf00000,0x00000000eaf00000)
  from space 1024K, 50% used [0x00000000eaf00000,0x00000000eaf80000,0x00000000eb000000)
  to   space 1024K, 0% used [0x00000000eb000000,0x00000000eb000000,0x00000000eb100000)
 ParOldGen       total 250880K, used 250695K [0x00000000c0000000, 0x00000000cf500000, 0x00000000eab00000)
  object space 250880K, 99% used [0x00000000c0000000,0x00000000cf4d1fc8,0x00000000cf500000)
 Metaspace       used 62339K, committed 63808K, reserved 1114112K
  class space    used 6236K, committed 6912K, reserved 1048576K
}
Event: 18.077 GC heap after
{Heap after GC invocations=237 (full 3):
 PSYoungGen      total 5120K, used 832K [0x00000000eab00000, 0x00000000eb100000, 0x0000000100000000)
  eden space 4096K, 0% used [0x00000000eab00000,0x00000000eab00000,0x00000000eaf00000)
  from space 1024K, 81% used [0x00000000eb000000,0x00000000eb0d0000,0x00000000eb100000)
  to   space 1024K, 0% used [0x00000000eaf00000,0x00000000eaf00000,0x00000000eb000000)
 ParOldGen       total 251392K, used 250994K [0x00000000c0000000, 0x00000000cf580000, 0x00000000eab00000)
  object space 251392K, 99% used [0x00000000c0000000,0x00000000cf51ca78,0x00000000cf580000)
 Metaspace       used 62339K, committed 63808K, reserved 1114112K
  class space    used 6236K, committed 6912K, reserved 1048576K
}
Event: 18.096 GC heap before
{Heap before GC invocations=238 (full 3):
 PSYoungGen      total 5120K, used 4928K [0x00000000eab00000, 0x00000000eb100000, 0x0000000100000000)
  eden space 4096K, 100% used [0x00000000eab00000,0x00000000eaf00000,0x00000000eaf00000)
  from space 1024K, 81% used [0x00000000eb000000,0x00000000eb0d0000,0x00000000eb100000)
  to   space 1024K, 0% used [0x00000000eaf00000,0x00000000eaf00000,0x00000000eb000000)
 ParOldGen       total 251392K, used 250994K [0x00000000c0000000, 0x00000000cf580000, 0x00000000eab00000)
  object space 251392K, 99% used [0x00000000c0000000,0x00000000cf51ca78,0x00000000cf580000)
 Metaspace       used 62356K, committed 63872K, reserved 1114112K
  class space    used 6236K, committed 6912K, reserved 1048576K
}
Event: 18.098 GC heap after
{Heap after GC invocations=238 (full 3):
 PSYoungGen      total 5120K, used 768K [0x00000000eab00000, 0x00000000eb100000, 0x0000000100000000)
  eden space 4096K, 0% used [0x00000000eab00000,0x00000000eab00000,0x00000000eaf00000)
  from space 1024K, 75% used [0x00000000eaf00000,0x00000000eafc0000,0x00000000eb000000)
  to   space 1024K, 0% used [0x00000000eb000000,0x00000000eb000000,0x00000000eb100000)
 ParOldGen       total 251904K, used 251762K [0x00000000c0000000, 0x00000000cf600000, 0x00000000eab00000)
  object space 251904K, 99% used [0x00000000c0000000,0x00000000cf5dc980,0x00000000cf600000)
 Metaspace       used 62356K, committed 63872K, reserved 1114112K
  class space    used 6236K, committed 6912K, reserved 1048576K
}
Event: 18.117 GC heap before
{Heap before GC invocations=239 (full 3):
 PSYoungGen      total 5120K, used 4861K [0x00000000eab00000, 0x00000000eb100000, 0x0000000100000000)
  eden space 4096K, 99% used [0x00000000eab00000,0x00000000eaeff498,0x00000000eaf00000)
  from space 1024K, 75% used [0x00000000eaf00000,0x00000000eafc0000,0x00000000eb000000)
  to   space 1024K, 0% used [0x00000000eb000000,0x00000000eb000000,0x00000000eb100000)
 ParOldGen       total 251904K, used 251762K [0x00000000c0000000, 0x00000000cf600000, 0x00000000eab00000)
  object space 251904K, 99% used [0x00000000c0000000,0x00000000cf5dc980,0x00000000cf600000)
 Metaspace       used 62390K, committed 63872K, reserved 1114112K
  class space    used 6236K, committed 6912K, reserved 1048576K
}
Event: 18.118 GC heap after
{Heap after GC invocations=239 (full 3):
 PSYoungGen      total 5120K, used 640K [0x00000000eab00000, 0x00000000eb100000, 0x0000000100000000)
  eden space 4096K, 0% used [0x00000000eab00000,0x00000000eab00000,0x00000000eaf00000)
  from space 1024K, 62% used [0x00000000eb000000,0x00000000eb0a0000,0x00000000eb100000)
  to   space 1024K, 0% used [0x00000000eaf00000,0x00000000eaf00000,0x00000000eb000000)
 ParOldGen       total 252416K, used 252170K [0x00000000c0000000, 0x00000000cf680000, 0x00000000eab00000)
  object space 252416K, 99% used [0x00000000c0000000,0x00000000cf642a40,0x00000000cf680000)
 Metaspace       used 62390K, committed 63872K, reserved 1114112K
  class space    used 6236K, committed 6912K, reserved 1048576K
}
Event: 18.145 GC heap before
{Heap before GC invocations=240 (full 3):
 PSYoungGen      total 5120K, used 4736K [0x00000000eab00000, 0x00000000eb100000, 0x0000000100000000)
  eden space 4096K, 100% used [0x00000000eab00000,0x00000000eaf00000,0x00000000eaf00000)
  from space 1024K, 62% used [0x00000000eb000000,0x00000000eb0a0000,0x00000000eb100000)
  to   space 1024K, 0% used [0x00000000eaf00000,0x00000000eaf00000,0x00000000eb000000)
 ParOldGen       total 252416K, used 252170K [0x00000000c0000000, 0x00000000cf680000, 0x00000000eab00000)
  object space 252416K, 99% used [0x00000000c0000000,0x00000000cf642a40,0x00000000cf680000)
 Metaspace       used 62413K, committed 63872K, reserved 1114112K
  class space    used 6237K, committed 6912K, reserved 1048576K
}
Event: 18.148 GC heap after
{Heap after GC invocations=240 (full 3):
 PSYoungGen      total 5120K, used 928K [0x00000000eab00000, 0x00000000eb100000, 0x0000000100000000)
  eden space 4096K, 0% used [0x00000000eab00000,0x00000000eab00000,0x00000000eaf00000)
  from space 1024K, 90% used [0x00000000eaf00000,0x00000000eafe8040,0x00000000eb000000)
  to   space 1024K, 0% used [0x00000000eb000000,0x00000000eb000000,0x00000000eb100000)
 ParOldGen       total 252928K, used 252643K [0x00000000c0000000, 0x00000000cf700000, 0x00000000eab00000)
  object space 252928K, 99% used [0x00000000c0000000,0x00000000cf6b8e10,0x00000000cf700000)
 Metaspace       used 62413K, committed 63872K, reserved 1114112K
  class space    used 6237K, committed 6912K, reserved 1048576K
}
Event: 18.163 GC heap before
{Heap before GC invocations=241 (full 3):
 PSYoungGen      total 5120K, used 5024K [0x00000000eab00000, 0x00000000eb100000, 0x0000000100000000)
  eden space 4096K, 100% used [0x00000000eab00000,0x00000000eaf00000,0x00000000eaf00000)
  from space 1024K, 90% used [0x00000000eaf00000,0x00000000eafe8040,0x00000000eb000000)
  to   space 1024K, 0% used [0x00000000eb000000,0x00000000eb000000,0x00000000eb100000)
 ParOldGen       total 252928K, used 252643K [0x00000000c0000000, 0x00000000cf700000, 0x00000000eab00000)
  object space 252928K, 99% used [0x00000000c0000000,0x00000000cf6b8e10,0x00000000cf700000)
 Metaspace       used 62420K, committed 63872K, reserved 1114112K
  class space    used 6237K, committed 6912K, reserved 1048576K
}
Event: 18.166 GC heap after
{Heap after GC invocations=241 (full 3):
 PSYoungGen      total 5120K, used 864K [0x00000000eab00000, 0x00000000eb100000, 0x0000000100000000)
  eden space 4096K, 0% used [0x00000000eab00000,0x00000000eab00000,0x00000000eaf00000)
  from space 1024K, 84% used [0x00000000eb000000,0x00000000eb0d8000,0x00000000eb100000)
  to   space 1024K, 0% used [0x00000000eaf00000,0x00000000eaf00000,0x00000000eb000000)
 ParOldGen       total 253440K, used 253251K [0x00000000c0000000, 0x00000000cf780000, 0x00000000eab00000)
  object space 253440K, 99% used [0x00000000c0000000,0x00000000cf750e10,0x00000000cf780000)
 Metaspace       used 62420K, committed 63872K, reserved 1114112K
  class space    used 6237K, committed 6912K, reserved 1048576K
}
Event: 18.185 GC heap before
{Heap before GC invocations=242 (full 3):
 PSYoungGen      total 5120K, used 4960K [0x00000000eab00000, 0x00000000eb100000, 0x0000000100000000)
  eden space 4096K, 100% used [0x00000000eab00000,0x00000000eaf00000,0x00000000eaf00000)
  from space 1024K, 84% used [0x00000000eb000000,0x00000000eb0d8000,0x00000000eb100000)
  to   space 1024K, 0% used [0x00000000eaf00000,0x00000000eaf00000,0x00000000eb000000)
 ParOldGen       total 253440K, used 253251K [0x00000000c0000000, 0x00000000cf780000, 0x00000000eab00000)
  object space 253440K, 99% used [0x00000000c0000000,0x00000000cf750e10,0x00000000cf780000)
 Metaspace       used 62444K, committed 63936K, reserved 1114112K
  class space    used 6237K, committed 6912K, reserved 1048576K
}
Event: 18.190 GC heap after
{Heap after GC invocations=242 (full 3):
 PSYoungGen      total 5120K, used 864K [0x00000000eab00000, 0x00000000eb100000, 0x0000000100000000)
  eden space 4096K, 0% used [0x00000000eab00000,0x00000000eab00000,0x00000000eaf00000)
  from space 1024K, 84% used [0x00000000eaf00000,0x00000000eafd8000,0x00000000eb000000)
  to   space 1024K, 0% used [0x00000000eb000000,0x00000000eb000000,0x00000000eb100000)
 ParOldGen       total 253952K, used 253651K [0x00000000c0000000, 0x00000000cf800000, 0x00000000eab00000)
  object space 253952K, 99% used [0x00000000c0000000,0x00000000cf7b4e10,0x00000000cf800000)
 Metaspace       used 62444K, committed 63936K, reserved 1114112K
  class space    used 6237K, committed 6912K, reserved 1048576K
}
Event: 18.213 GC heap before
{Heap before GC invocations=243 (full 3):
 PSYoungGen      total 5120K, used 4960K [0x00000000eab00000, 0x00000000eb100000, 0x0000000100000000)
  eden space 4096K, 100% used [0x00000000eab00000,0x00000000eaf00000,0x00000000eaf00000)
  from space 1024K, 84% used [0x00000000eaf00000,0x00000000eafd8000,0x00000000eb000000)
  to   space 1024K, 0% used [0x00000000eb000000,0x00000000eb000000,0x00000000eb100000)
 ParOldGen       total 253952K, used 253651K [0x00000000c0000000, 0x00000000cf800000, 0x00000000eab00000)
  object space 253952K, 99% used [0x00000000c0000000,0x00000000cf7b4e10,0x00000000cf800000)
 Metaspace       used 62454K, committed 63936K, reserved 1114112K
  class space    used 6237K, committed 6912K, reserved 1048576K
}
Event: 18.216 GC heap after
{Heap after GC invocations=243 (full 3):
 PSYoungGen      total 5120K, used 672K [0x00000000eab00000, 0x00000000eb100000, 0x0000000100000000)
  eden space 4096K, 0% used [0x00000000eab00000,0x00000000eab00000,0x00000000eaf00000)
  from space 1024K, 65% used [0x00000000eb000000,0x00000000eb0a8000,0x00000000eb100000)
  to   space 1024K, 0% used [0x00000000eaf00000,0x00000000eaf00000,0x00000000eb000000)
 ParOldGen       total 254464K, used 254175K [0x00000000c0000000, 0x00000000cf880000, 0x00000000eab00000)
  object space 254464K, 99% used [0x00000000c0000000,0x00000000cf837e48,0x00000000cf880000)
 Metaspace       used 62454K, committed 63936K, reserved 1114112K
  class space    used 6237K, committed 6912K, reserved 1048576K
}
Event: 18.238 GC heap before
{Heap before GC invocations=244 (full 3):
 PSYoungGen      total 5120K, used 4768K [0x00000000eab00000, 0x00000000eb100000, 0x0000000100000000)
  eden space 4096K, 100% used [0x00000000eab00000,0x00000000eaf00000,0x00000000eaf00000)
  from space 1024K, 65% used [0x00000000eb000000,0x00000000eb0a8000,0x00000000eb100000)
  to   space 1024K, 0% used [0x00000000eaf00000,0x00000000eaf00000,0x00000000eb000000)
 ParOldGen       total 254464K, used 254175K [0x00000000c0000000, 0x00000000cf880000, 0x00000000eab00000)
  object space 254464K, 99% used [0x00000000c0000000,0x00000000cf837e48,0x00000000cf880000)
 Metaspace       used 62512K, committed 64000K, reserved 1114112K
  class space    used 6237K, committed 6912K, reserved 1048576K
}
Event: 18.244 GC heap after
{Heap after GC invocations=244 (full 3):
 PSYoungGen      total 5120K, used 864K [0x00000000eab00000, 0x00000000eb100000, 0x0000000100000000)
  eden space 4096K, 0% used [0x00000000eab00000,0x00000000eab00000,0x00000000eaf00000)
  from space 1024K, 84% used [0x00000000eaf00000,0x00000000eafd8000,0x00000000eb000000)
  to   space 1024K, 0% used [0x00000000eb000000,0x00000000eb000000,0x00000000eb100000)
 ParOldGen       total 254464K, used 254395K [0x00000000c0000000, 0x00000000cf880000, 0x00000000eab00000)
  object space 254464K, 99% used [0x00000000c0000000,0x00000000cf86ee58,0x00000000cf880000)
 Metaspace       used 62512K, committed 64000K, reserved 1114112K
  class space    used 6237K, committed 6912K, reserved 1048576K
}
Event: 18.266 GC heap before
{Heap before GC invocations=245 (full 3):
 PSYoungGen      total 5120K, used 4960K [0x00000000eab00000, 0x00000000eb100000, 0x0000000100000000)
  eden space 4096K, 100% used [0x00000000eab00000,0x00000000eaf00000,0x00000000eaf00000)
  from space 1024K, 84% used [0x00000000eaf00000,0x00000000eafd8000,0x00000000eb000000)
  to   space 1024K, 0% used [0x00000000eb000000,0x00000000eb000000,0x00000000eb100000)
 ParOldGen       total 254464K, used 254395K [0x00000000c0000000, 0x00000000cf880000, 0x00000000eab00000)
  object space 254464K, 99% used [0x00000000c0000000,0x00000000cf86ee58,0x00000000cf880000)
 Metaspace       used 62553K, committed 64000K, reserved 1114112K
  class space    used 6237K, committed 6912K, reserved 1048576K
}
Event: 18.268 GC heap after
{Heap after GC invocations=245 (full 3):
 PSYoungGen      total 5120K, used 656K [0x00000000eab00000, 0x00000000eb100000, 0x0000000100000000)
  eden space 4096K, 0% used [0x00000000eab00000,0x00000000eab00000,0x00000000eaf00000)
  from space 1024K, 64% used [0x00000000eb000000,0x00000000eb0a4010,0x00000000eb100000)
  to   space 1024K, 0% used [0x00000000eaf00000,0x00000000eaf00000,0x00000000eb000000)
 ParOldGen       total 254976K, used 254915K [0x00000000c0000000, 0x00000000cf900000, 0x00000000eab00000)
  object space 254976K, 99% used [0x00000000c0000000,0x00000000cf8f0e58,0x00000000cf900000)
 Metaspace       used 62553K, committed 64000K, reserved 1114112K
  class space    used 6237K, committed 6912K, reserved 1048576K
}

