# JRE version: OpenJDK Runtime Environment Temurin-21.0.6+7 (21.0.6+7) (build 21.0.6+7-LTS)
# Java VM: OpenJDK 64-Bit Server VM Temurin-21.0.6+7 (21.0.6+7-LTS, mixed mode, sharing, tiered, compressed oops, compressed class ptrs, parallel gc, windows-amd64)
GC Precious Log:
 CardTable entry size: 512
 CPUs: 8 total, 8 available
 Memory: 7955M
 Large Page Support: Disabled
 NUMA Support: Disabled
 Compressed Oops: Enabled (32-bit)
 Alignments: Space 512K, Generation 512K, Heap 2M
 Heap Min Capacity: 100M
 Heap Initial Capacity: 100M
 Heap Max Capacity: 1G
 Pre-touch: Disabled
 Parallel Workers: 8
Heap:
 PSYoungGen      total 23040K, used 12520K [0x00000000eab00000, 0x00000000ec680000, 0x0000000100000000)
  eden space 22016K, 52% used [0x00000000eab00000,0x00000000eb63a1d8,0x00000000ec080000)
  from space 1024K, 100% used [0x00000000ec580000,0x00000000ec680000,0x00000000ec680000)
  to   space 3072K, 0% used [0x00000000ec080000,0x00000000ec080000,0x00000000ec380000)
 ParOldGen       total 68608K, used 20549K [0x00000000c0000000, 0x00000000c4300000, 0x00000000eab00000)
  object space 68608K, 29% used [0x00000000c0000000,0x00000000c14114d0,0x00000000c4300000)
 Metaspace       used 42414K, committed 43584K, reserved 1114112K
  class space    used 4416K, committed 4928K, reserved 1048576K
GC Heap History (20 events):
Event: 14.760 GC heap before
{Heap before GC invocations=9 (full 1):
 PSYoungGen      total 28672K, used 24576K [0x00000000eab00000, 0x00000000ecc00000, 0x0000000100000000)
  eden space 24576K, 100% used [0x00000000eab00000,0x00000000ec300000,0x00000000ec300000)
  from space 4096K, 0% used [0x00000000ec480000,0x00000000ec480000,0x00000000ec880000)
  to   space 3584K, 0% used [0x00000000ec880000,0x00000000ec880000,0x00000000ecc00000)
 ParOldGen       total 68608K, used 12860K [0x00000000c0000000, 0x00000000c4300000, 0x00000000eab00000)
  object space 68608K, 18% used [0x00000000c0000000,0x00000000c0c8f340,0x00000000c4300000)
 Metaspace       used 22444K, committed 23360K, reserved 1114112K
  class space    used 2245K, committed 2688K, reserved 1048576K
}
Event: 14.762 GC heap after
{Heap after GC invocations=9 (full 1):
 PSYoungGen      total 26624K, used 2415K [0x00000000eab00000, 0x00000000ecb00000, 0x0000000100000000)
  eden space 24064K, 0% used [0x00000000eab00000,0x00000000eab00000,0x00000000ec280000)
  from space 2560K, 94% used [0x00000000ec880000,0x00000000ecadbd60,0x00000000ecb00000)
  to   space 3072K, 0% used [0x00000000ec500000,0x00000000ec500000,0x00000000ec800000)
 ParOldGen       total 68608K, used 12868K [0x00000000c0000000, 0x00000000c4300000, 0x00000000eab00000)
  object space 68608K, 18% used [0x00000000c0000000,0x00000000c0c91340,0x00000000c4300000)
 Metaspace       used 22444K, committed 23360K, reserved 1114112K
  class space    used 2245K, committed 2688K, reserved 1048576K
}
Event: 16.579 GC heap before
{Heap before GC invocations=10 (full 1):
 PSYoungGen      total 26624K, used 26479K [0x00000000eab00000, 0x00000000ecb00000, 0x0000000100000000)
  eden space 24064K, 100% used [0x00000000eab00000,0x00000000ec280000,0x00000000ec280000)
  from space 2560K, 94% used [0x00000000ec880000,0x00000000ecadbd60,0x00000000ecb00000)
  to   space 3072K, 0% used [0x00000000ec500000,0x00000000ec500000,0x00000000ec800000)
 ParOldGen       total 68608K, used 12868K [0x00000000c0000000, 0x00000000c4300000, 0x00000000eab00000)
  object space 68608K, 18% used [0x00000000c0000000,0x00000000c0c91340,0x00000000c4300000)
 Metaspace       used 26119K, committed 27072K, reserved 1114112K
  class space    used 2540K, committed 2944K, reserved 1048576K
}
Event: 16.586 GC heap after
{Heap after GC invocations=10 (full 1):
 PSYoungGen      total 25088K, used 1152K [0x00000000eab00000, 0x00000000ec900000, 0x0000000100000000)
  eden space 23552K, 0% used [0x00000000eab00000,0x00000000eab00000,0x00000000ec200000)
  from space 1536K, 75% used [0x00000000ec500000,0x00000000ec6201f0,0x00000000ec680000)
  to   space 2048K, 0% used [0x00000000ec700000,0x00000000ec700000,0x00000000ec900000)
 ParOldGen       total 68608K, used 12876K [0x00000000c0000000, 0x00000000c4300000, 0x00000000eab00000)
  object space 68608K, 18% used [0x00000000c0000000,0x00000000c0c93340,0x00000000c4300000)
 Metaspace       used 26119K, committed 27072K, reserved 1114112K
  class space    used 2540K, committed 2944K, reserved 1048576K
}
Event: 17.466 GC heap before
{Heap before GC invocations=11 (full 1):
 PSYoungGen      total 25088K, used 24704K [0x00000000eab00000, 0x00000000ec900000, 0x0000000100000000)
  eden space 23552K, 100% used [0x00000000eab00000,0x00000000ec200000,0x00000000ec200000)
  from space 1536K, 75% used [0x00000000ec500000,0x00000000ec6201f0,0x00000000ec680000)
  to   space 2048K, 0% used [0x00000000ec700000,0x00000000ec700000,0x00000000ec900000)
 ParOldGen       total 68608K, used 12876K [0x00000000c0000000, 0x00000000c4300000, 0x00000000eab00000)
  object space 68608K, 18% used [0x00000000c0000000,0x00000000c0c93340,0x00000000c4300000)
 Metaspace       used 29060K, committed 30016K, reserved 1114112K
  class space    used 2846K, committed 3264K, reserved 1048576K
}
Event: 17.471 GC heap after
{Heap after GC invocations=11 (full 1):
 PSYoungGen      total 25088K, used 1746K [0x00000000eab00000, 0x00000000ec900000, 0x0000000100000000)
  eden space 23040K, 0% used [0x00000000eab00000,0x00000000eab00000,0x00000000ec180000)
  from space 2048K, 85% used [0x00000000ec700000,0x00000000ec8b4b80,0x00000000ec900000)
  to   space 2048K, 0% used [0x00000000ec500000,0x00000000ec500000,0x00000000ec700000)
 ParOldGen       total 68608K, used 14343K [0x00000000c0000000, 0x00000000c4300000, 0x00000000eab00000)
  object space 68608K, 20% used [0x00000000c0000000,0x00000000c0e01d08,0x00000000c4300000)
 Metaspace       used 29060K, committed 30016K, reserved 1114112K
  class space    used 2846K, committed 3264K, reserved 1048576K
}
Event: 18.165 GC heap before
{Heap before GC invocations=12 (full 1):
 PSYoungGen      total 25088K, used 24786K [0x00000000eab00000, 0x00000000ec900000, 0x0000000100000000)
  eden space 23040K, 100% used [0x00000000eab00000,0x00000000ec180000,0x00000000ec180000)
  from space 2048K, 85% used [0x00000000ec700000,0x00000000ec8b4b80,0x00000000ec900000)
  to   space 2048K, 0% used [0x00000000ec500000,0x00000000ec500000,0x00000000ec700000)
 ParOldGen       total 68608K, used 14343K [0x00000000c0000000, 0x00000000c4300000, 0x00000000eab00000)
  object space 68608K, 20% used [0x00000000c0000000,0x00000000c0e01d08,0x00000000c4300000)
 Metaspace       used 29994K, committed 30912K, reserved 1114112K
  class space    used 2964K, committed 3328K, reserved 1048576K
}
Event: 18.170 GC heap after
{Heap after GC invocations=12 (full 1):
 PSYoungGen      total 23552K, used 573K [0x00000000eab00000, 0x00000000ec780000, 0x0000000100000000)
  eden space 22528K, 0% used [0x00000000eab00000,0x00000000eab00000,0x00000000ec100000)
  from space 1024K, 56% used [0x00000000ec500000,0x00000000ec58f660,0x00000000ec600000)
  to   space 1024K, 0% used [0x00000000ec680000,0x00000000ec680000,0x00000000ec780000)
 ParOldGen       total 68608K, used 15772K [0x00000000c0000000, 0x00000000c4300000, 0x00000000eab00000)
  object space 68608K, 22% used [0x00000000c0000000,0x00000000c0f67388,0x00000000c4300000)
 Metaspace       used 29994K, committed 30912K, reserved 1114112K
  class space    used 2964K, committed 3328K, reserved 1048576K
}
Event: 19.083 GC heap before
{Heap before GC invocations=13 (full 1):
 PSYoungGen      total 23552K, used 23101K [0x00000000eab00000, 0x00000000ec780000, 0x0000000100000000)
  eden space 22528K, 100% used [0x00000000eab00000,0x00000000ec100000,0x00000000ec100000)
  from space 1024K, 56% used [0x00000000ec500000,0x00000000ec58f660,0x00000000ec600000)
  to   space 1024K, 0% used [0x00000000ec680000,0x00000000ec680000,0x00000000ec780000)
 ParOldGen       total 68608K, used 15772K [0x00000000c0000000, 0x00000000c4300000, 0x00000000eab00000)
  object space 68608K, 22% used [0x00000000c0000000,0x00000000c0f67388,0x00000000c4300000)
 Metaspace       used 32496K, committed 33536K, reserved 1114112K
  class space    used 3220K, committed 3648K, reserved 1048576K
}
Event: 19.087 GC heap after
{Heap after GC invocations=13 (full 1):
 PSYoungGen      total 23040K, used 1002K [0x00000000eab00000, 0x00000000ec780000, 0x0000000100000000)
  eden space 22016K, 0% used [0x00000000eab00000,0x00000000eab00000,0x00000000ec080000)
  from space 1024K, 97% used [0x00000000ec680000,0x00000000ec77a830,0x00000000ec780000)
  to   space 2048K, 0% used [0x00000000ec380000,0x00000000ec380000,0x00000000ec580000)
 ParOldGen       total 68608K, used 16478K [0x00000000c0000000, 0x00000000c4300000, 0x00000000eab00000)
  object space 68608K, 24% used [0x00000000c0000000,0x00000000c10178c8,0x00000000c4300000)
 Metaspace       used 32496K, committed 33536K, reserved 1114112K
  class space    used 3220K, committed 3648K, reserved 1048576K
}
Event: 19.589 GC heap before
{Heap before GC invocations=14 (full 1):
 PSYoungGen      total 23040K, used 21466K [0x00000000eab00000, 0x00000000ec780000, 0x0000000100000000)
  eden space 22016K, 92% used [0x00000000eab00000,0x00000000ebefc1e0,0x00000000ec080000)
  from space 1024K, 97% used [0x00000000ec680000,0x00000000ec77a830,0x00000000ec780000)
  to   space 2048K, 0% used [0x00000000ec380000,0x00000000ec380000,0x00000000ec580000)
 ParOldGen       total 68608K, used 16478K [0x00000000c0000000, 0x00000000c4300000, 0x00000000eab00000)
  object space 68608K, 24% used [0x00000000c0000000,0x00000000c10178c8,0x00000000c4300000)
 Metaspace       used 34860K, committed 35840K, reserved 1114112K
  class space    used 3499K, committed 3904K, reserved 1048576K
}
Event: 19.594 GC heap after
{Heap after GC invocations=14 (full 1):
 PSYoungGen      total 24064K, used 1248K [0x00000000eab00000, 0x00000000ec700000, 0x0000000100000000)
  eden space 22016K, 0% used [0x00000000eab00000,0x00000000eab00000,0x00000000ec080000)
  from space 2048K, 60% used [0x00000000ec380000,0x00000000ec4b8000,0x00000000ec580000)
  to   space 1536K, 0% used [0x00000000ec580000,0x00000000ec580000,0x00000000ec700000)
 ParOldGen       total 68608K, used 17436K [0x00000000c0000000, 0x00000000c4300000, 0x00000000eab00000)
  object space 68608K, 25% used [0x00000000c0000000,0x00000000c11071b0,0x00000000c4300000)
 Metaspace       used 34860K, committed 35840K, reserved 1114112K
  class space    used 3499K, committed 3904K, reserved 1048576K
}
Event: 19.594 GC heap before
{Heap before GC invocations=15 (full 2):
 PSYoungGen      total 24064K, used 1248K [0x00000000eab00000, 0x00000000ec700000, 0x0000000100000000)
  eden space 22016K, 0% used [0x00000000eab00000,0x00000000eab00000,0x00000000ec080000)
  from space 2048K, 60% used [0x00000000ec380000,0x00000000ec4b8000,0x00000000ec580000)
  to   space 1536K, 0% used [0x00000000ec580000,0x00000000ec580000,0x00000000ec700000)
 ParOldGen       total 68608K, used 17436K [0x00000000c0000000, 0x00000000c4300000, 0x00000000eab00000)
  object space 68608K, 25% used [0x00000000c0000000,0x00000000c11071b0,0x00000000c4300000)
 Metaspace       used 34860K, committed 35840K, reserved 1114112K
  class space    used 3499K, committed 3904K, reserved 1048576K
}
Event: 19.651 GC heap after
{Heap after GC invocations=15 (full 2):
 PSYoungGen      total 24064K, used 0K [0x00000000eab00000, 0x00000000ec700000, 0x0000000100000000)
  eden space 22016K, 0% used [0x00000000eab00000,0x00000000eab00000,0x00000000ec080000)
  from space 2048K, 0% used [0x00000000ec380000,0x00000000ec380000,0x00000000ec580000)
  to   space 1536K, 0% used [0x00000000ec580000,0x00000000ec580000,0x00000000ec700000)
 ParOldGen       total 68608K, used 17753K [0x00000000c0000000, 0x00000000c4300000, 0x00000000eab00000)
  object space 68608K, 25% used [0x00000000c0000000,0x00000000c1156600,0x00000000c4300000)
 Metaspace       used 34860K, committed 35840K, reserved 1114112K
  class space    used 3499K, committed 3904K, reserved 1048576K
}
Event: 20.856 GC heap before
{Heap before GC invocations=16 (full 2):
 PSYoungGen      total 24064K, used 22016K [0x00000000eab00000, 0x00000000ec700000, 0x0000000100000000)
  eden space 22016K, 100% used [0x00000000eab00000,0x00000000ec080000,0x00000000ec080000)
  from space 2048K, 0% used [0x00000000ec380000,0x00000000ec380000,0x00000000ec580000)
  to   space 1536K, 0% used [0x00000000ec580000,0x00000000ec580000,0x00000000ec700000)
 ParOldGen       total 68608K, used 17753K [0x00000000c0000000, 0x00000000c4300000, 0x00000000eab00000)
  object space 68608K, 25% used [0x00000000c0000000,0x00000000c1156600,0x00000000c4300000)
 Metaspace       used 37469K, committed 38656K, reserved 1114112K
  class space    used 3826K, committed 4352K, reserved 1048576K
}
Event: 20.859 GC heap after
{Heap after GC invocations=16 (full 2):
 PSYoungGen      total 23552K, used 1394K [0x00000000eab00000, 0x00000000ec700000, 0x0000000100000000)
  eden space 22016K, 0% used [0x00000000eab00000,0x00000000eab00000,0x00000000ec080000)
  from space 1536K, 90% used [0x00000000ec580000,0x00000000ec6dc988,0x00000000ec700000)
  to   space 1536K, 0% used [0x00000000ec400000,0x00000000ec400000,0x00000000ec580000)
 ParOldGen       total 68608K, used 17761K [0x00000000c0000000, 0x00000000c4300000, 0x00000000eab00000)
  object space 68608K, 25% used [0x00000000c0000000,0x00000000c1158600,0x00000000c4300000)
 Metaspace       used 37469K, committed 38656K, reserved 1114112K
  class space    used 3826K, committed 4352K, reserved 1048576K
}
Event: 21.524 GC heap before
{Heap before GC invocations=17 (full 2):
 PSYoungGen      total 23552K, used 23410K [0x00000000eab00000, 0x00000000ec700000, 0x0000000100000000)
  eden space 22016K, 100% used [0x00000000eab00000,0x00000000ec080000,0x00000000ec080000)
  from space 1536K, 90% used [0x00000000ec580000,0x00000000ec6dc988,0x00000000ec700000)
  to   space 1536K, 0% used [0x00000000ec400000,0x00000000ec400000,0x00000000ec580000)
 ParOldGen       total 68608K, used 17761K [0x00000000c0000000, 0x00000000c4300000, 0x00000000eab00000)
  object space 68608K, 25% used [0x00000000c0000000,0x00000000c1158600,0x00000000c4300000)
 Metaspace       used 39511K, committed 40704K, reserved 1114112K
  class space    used 4081K, committed 4608K, reserved 1048576K
}
Event: 21.528 GC heap after
{Heap after GC invocations=17 (full 2):
 PSYoungGen      total 23552K, used 1536K [0x00000000eab00000, 0x00000000ec680000, 0x0000000100000000)
  eden space 22016K, 0% used [0x00000000eab00000,0x00000000eab00000,0x00000000ec080000)
  from space 1536K, 100% used [0x00000000ec400000,0x00000000ec580000,0x00000000ec580000)
  to   space 1024K, 0% used [0x00000000ec580000,0x00000000ec580000,0x00000000ec680000)
 ParOldGen       total 68608K, used 18981K [0x00000000c0000000, 0x00000000c4300000, 0x00000000eab00000)
  object space 68608K, 27% used [0x00000000c0000000,0x00000000c1289730,0x00000000c4300000)
 Metaspace       used 39511K, committed 40704K, reserved 1114112K
  class space    used 4081K, committed 4608K, reserved 1048576K
}
Event: 22.862 GC heap before
{Heap before GC invocations=18 (full 2):
 PSYoungGen      total 23552K, used 23552K [0x00000000eab00000, 0x00000000ec680000, 0x0000000100000000)
  eden space 22016K, 100% used [0x00000000eab00000,0x00000000ec080000,0x00000000ec080000)
  from space 1536K, 100% used [0x00000000ec400000,0x00000000ec580000,0x00000000ec580000)
  to   space 1024K, 0% used [0x00000000ec580000,0x00000000ec580000,0x00000000ec680000)
 ParOldGen       total 68608K, used 18981K [0x00000000c0000000, 0x00000000c4300000, 0x00000000eab00000)
  object space 68608K, 27% used [0x00000000c0000000,0x00000000c1289730,0x00000000c4300000)
 Metaspace       used 41228K, committed 42432K, reserved 1114112K
  class space    used 4273K, committed 4800K, reserved 1048576K
}
Event: 22.869 GC heap after
{Heap after GC invocations=18 (full 2):
 PSYoungGen      total 23040K, used 1024K [0x00000000eab00000, 0x00000000ec680000, 0x0000000100000000)
  eden space 22016K, 0% used [0x00000000eab00000,0x00000000eab00000,0x00000000ec080000)
  from space 1024K, 100% used [0x00000000ec580000,0x00000000ec680000,0x00000000ec680000)
  to   space 3072K, 0% used [0x00000000ec080000,0x00000000ec080000,0x00000000ec380000)
 ParOldGen       total 68608K, used 20549K [0x00000000c0000000, 0x00000000c4300000, 0x00000000eab00000)
  object space 68608K, 29% used [0x00000000c0000000,0x00000000c14114d0,0x00000000c4300000)
 Metaspace       used 41228K, committed 42432K, reserved 1114112K
  class space    used 4273K, committed 4800K, reserved 1048576K
}

