# JRE version: OpenJDK Runtime Environment Temurin-21.0.6+7 (21.0.6+7) (build 21.0.6+7-LTS)
# Java VM: OpenJDK 64-Bit Server VM Temurin-21.0.6+7 (21.0.6+7-LTS, mixed mode, sharing, tiered, compressed oops, compressed class ptrs, parallel gc, windows-amd64)
GC Precious Log:
 CardTable entry size: 512
 CPUs: 8 total, 8 available
 Memory: 7955M
 Large Page Support: Disabled
 NUMA Support: Disabled
 Compressed Oops: Enabled (32-bit)
 Alignments: Space 512K, Generation 512K, Heap 2M
 Heap Min Capacity: 100M
 Heap Initial Capacity: 100M
 Heap Max Capacity: 1G
 Pre-touch: Disabled
 Parallel Workers: 8
Heap:
 PSYoungGen      total 3072K, used 2590K [0x00000000eab00000, 0x00000000eaf00000, 0x0000000100000000)
  eden space 2048K, 96% used [0x00000000eab00000,0x00000000eaceef08,0x00000000ead00000)
  from space 1024K, 59% used [0x00000000eae00000,0x00000000eae98c00,0x00000000eaf00000)
  to   space 1024K, 0% used [0x00000000ead00000,0x00000000ead00000,0x00000000eae00000)
 ParOldGen       total 328704K, used 328631K [0x00000000c0000000, 0x00000000d4100000, 0x00000000eab00000)
  object space 328704K, 99% used [0x00000000c0000000,0x00000000d40edee8,0x00000000d4100000)
 Metaspace       used 63410K, committed 64768K, reserved 1114112K
  class space    used 6305K, committed 6912K, reserved 1048576K
GC Heap History (20 events):
Event: 22.392 GC heap before
{Heap before GC invocations=542 (full 3):
 PSYoungGen      total 3072K, used 2928K [0x00000000eab00000, 0x00000000eaf80000, 0x0000000100000000)
  eden space 2048K, 100% used [0x00000000eab00000,0x00000000ead00000,0x00000000ead00000)
  from space 1024K, 86% used [0x00000000eae00000,0x00000000eaedc3a0,0x00000000eaf00000)
  to   space 1024K, 0% used [0x00000000ead00000,0x00000000ead00000,0x00000000eae00000)
 ParOldGen       total 324096K, used 323757K [0x00000000c0000000, 0x00000000d3c80000, 0x00000000eab00000)
  object space 324096K, 99% used [0x00000000c0000000,0x00000000d3c2b440,0x00000000d3c80000)
 Metaspace       used 63234K, committed 64640K, reserved 1114112K
  class space    used 6284K, committed 6912K, reserved 1048576K
}
Event: 22.394 GC heap after
{Heap after GC invocations=542 (full 3):
 PSYoungGen      total 3072K, used 608K [0x00000000eab00000, 0x00000000eaf00000, 0x0000000100000000)
  eden space 2048K, 0% used [0x00000000eab00000,0x00000000eab00000,0x00000000ead00000)
  from space 1024K, 59% used [0x00000000ead00000,0x00000000ead98000,0x00000000eae00000)
  to   space 1024K, 0% used [0x00000000eae00000,0x00000000eae00000,0x00000000eaf00000)
 ParOldGen       total 324608K, used 324512K [0x00000000c0000000, 0x00000000d3d00000, 0x00000000eab00000)
  object space 324608K, 99% used [0x00000000c0000000,0x00000000d3ce8218,0x00000000d3d00000)
 Metaspace       used 63234K, committed 64640K, reserved 1114112K
  class space    used 6284K, committed 6912K, reserved 1048576K
}
Event: 22.412 GC heap before
{Heap before GC invocations=543 (full 3):
 PSYoungGen      total 3072K, used 2656K [0x00000000eab00000, 0x00000000eaf00000, 0x0000000100000000)
  eden space 2048K, 100% used [0x00000000eab00000,0x00000000ead00000,0x00000000ead00000)
  from space 1024K, 59% used [0x00000000ead00000,0x00000000ead98000,0x00000000eae00000)
  to   space 1024K, 0% used [0x00000000eae00000,0x00000000eae00000,0x00000000eaf00000)
 ParOldGen       total 324608K, used 324512K [0x00000000c0000000, 0x00000000d3d00000, 0x00000000eab00000)
  object space 324608K, 99% used [0x00000000c0000000,0x00000000d3ce8218,0x00000000d3d00000)
 Metaspace       used 63248K, committed 64640K, reserved 1114112K
  class space    used 6284K, committed 6912K, reserved 1048576K
}
Event: 22.414 GC heap after
{Heap after GC invocations=543 (full 3):
 PSYoungGen      total 3072K, used 605K [0x00000000eab00000, 0x00000000eaf00000, 0x0000000100000000)
  eden space 2048K, 0% used [0x00000000eab00000,0x00000000eab00000,0x00000000ead00000)
  from space 1024K, 59% used [0x00000000eae00000,0x00000000eae974a0,0x00000000eaf00000)
  to   space 1024K, 0% used [0x00000000ead00000,0x00000000ead00000,0x00000000eae00000)
 ParOldGen       total 325120K, used 324982K [0x00000000c0000000, 0x00000000d3d80000, 0x00000000eab00000)
  object space 325120K, 99% used [0x00000000c0000000,0x00000000d3d5d880,0x00000000d3d80000)
 Metaspace       used 63248K, committed 64640K, reserved 1114112K
  class space    used 6284K, committed 6912K, reserved 1048576K
}
Event: 22.431 GC heap before
{Heap before GC invocations=544 (full 3):
 PSYoungGen      total 3072K, used 2653K [0x00000000eab00000, 0x00000000eaf00000, 0x0000000100000000)
  eden space 2048K, 100% used [0x00000000eab00000,0x00000000ead00000,0x00000000ead00000)
  from space 1024K, 59% used [0x00000000eae00000,0x00000000eae974a0,0x00000000eaf00000)
  to   space 1024K, 0% used [0x00000000ead00000,0x00000000ead00000,0x00000000eae00000)
 ParOldGen       total 325120K, used 324982K [0x00000000c0000000, 0x00000000d3d80000, 0x00000000eab00000)
  object space 325120K, 99% used [0x00000000c0000000,0x00000000d3d5d880,0x00000000d3d80000)
 Metaspace       used 63255K, committed 64640K, reserved 1114112K
  class space    used 6284K, committed 6912K, reserved 1048576K
}
Event: 22.434 GC heap after
{Heap after GC invocations=544 (full 3):
 PSYoungGen      total 3072K, used 676K [0x00000000eab00000, 0x00000000eaf00000, 0x0000000100000000)
  eden space 2048K, 0% used [0x00000000eab00000,0x00000000eab00000,0x00000000ead00000)
  from space 1024K, 66% used [0x00000000ead00000,0x00000000eada92c8,0x00000000eae00000)
  to   space 1024K, 0% used [0x00000000eae00000,0x00000000eae00000,0x00000000eaf00000)
 ParOldGen       total 325632K, used 325474K [0x00000000c0000000, 0x00000000d3e00000, 0x00000000eab00000)
  object space 325632K, 99% used [0x00000000c0000000,0x00000000d3dd8ba8,0x00000000d3e00000)
 Metaspace       used 63255K, committed 64640K, reserved 1114112K
  class space    used 6284K, committed 6912K, reserved 1048576K
}
Event: 22.449 GC heap before
{Heap before GC invocations=545 (full 3):
 PSYoungGen      total 3072K, used 2724K [0x00000000eab00000, 0x00000000eaf00000, 0x0000000100000000)
  eden space 2048K, 100% used [0x00000000eab00000,0x00000000ead00000,0x00000000ead00000)
  from space 1024K, 66% used [0x00000000ead00000,0x00000000eada92c8,0x00000000eae00000)
  to   space 1024K, 0% used [0x00000000eae00000,0x00000000eae00000,0x00000000eaf00000)
 ParOldGen       total 325632K, used 325474K [0x00000000c0000000, 0x00000000d3e00000, 0x00000000eab00000)
  object space 325632K, 99% used [0x00000000c0000000,0x00000000d3dd8ba8,0x00000000d3e00000)
 Metaspace       used 63265K, committed 64640K, reserved 1114112K
  class space    used 6284K, committed 6912K, reserved 1048576K
}
Event: 22.452 GC heap after
{Heap after GC invocations=545 (full 3):
 PSYoungGen      total 3072K, used 623K [0x00000000eab00000, 0x00000000eaf00000, 0x0000000100000000)
  eden space 2048K, 0% used [0x00000000eab00000,0x00000000eab00000,0x00000000ead00000)
  from space 1024K, 60% used [0x00000000eae00000,0x00000000eae9bc50,0x00000000eaf00000)
  to   space 1024K, 0% used [0x00000000ead00000,0x00000000ead00000,0x00000000eae00000)
 ParOldGen       total 326144K, used 326042K [0x00000000c0000000, 0x00000000d3e80000, 0x00000000eab00000)
  object space 326144K, 99% used [0x00000000c0000000,0x00000000d3e66938,0x00000000d3e80000)
 Metaspace       used 63265K, committed 64640K, reserved 1114112K
  class space    used 6284K, committed 6912K, reserved 1048576K
}
Event: 22.466 GC heap before
{Heap before GC invocations=546 (full 3):
 PSYoungGen      total 3072K, used 2671K [0x00000000eab00000, 0x00000000eaf00000, 0x0000000100000000)
  eden space 2048K, 100% used [0x00000000eab00000,0x00000000ead00000,0x00000000ead00000)
  from space 1024K, 60% used [0x00000000eae00000,0x00000000eae9bc50,0x00000000eaf00000)
  to   space 1024K, 0% used [0x00000000ead00000,0x00000000ead00000,0x00000000eae00000)
 ParOldGen       total 326144K, used 326042K [0x00000000c0000000, 0x00000000d3e80000, 0x00000000eab00000)
  object space 326144K, 99% used [0x00000000c0000000,0x00000000d3e66938,0x00000000d3e80000)
 Metaspace       used 63292K, committed 64704K, reserved 1114112K
  class space    used 6290K, committed 6912K, reserved 1048576K
}
Event: 22.468 GC heap after
{Heap after GC invocations=546 (full 3):
 PSYoungGen      total 3072K, used 480K [0x00000000eab00000, 0x00000000eaf00000, 0x0000000100000000)
  eden space 2048K, 0% used [0x00000000eab00000,0x00000000eab00000,0x00000000ead00000)
  from space 1024K, 46% used [0x00000000ead00000,0x00000000ead78000,0x00000000eae00000)
  to   space 1024K, 0% used [0x00000000eae00000,0x00000000eae00000,0x00000000eaf00000)
 ParOldGen       total 326656K, used 326548K [0x00000000c0000000, 0x00000000d3f00000, 0x00000000eab00000)
  object space 326656K, 99% used [0x00000000c0000000,0x00000000d3ee5220,0x00000000d3f00000)
 Metaspace       used 63292K, committed 64704K, reserved 1114112K
  class space    used 6290K, committed 6912K, reserved 1048576K
}
Event: 22.494 GC heap before
{Heap before GC invocations=547 (full 3):
 PSYoungGen      total 3072K, used 2515K [0x00000000eab00000, 0x00000000eaf00000, 0x0000000100000000)
  eden space 2048K, 99% used [0x00000000eab00000,0x00000000eacfcdb8,0x00000000ead00000)
  from space 1024K, 46% used [0x00000000ead00000,0x00000000ead78000,0x00000000eae00000)
  to   space 1024K, 0% used [0x00000000eae00000,0x00000000eae00000,0x00000000eaf00000)
 ParOldGen       total 326656K, used 326548K [0x00000000c0000000, 0x00000000d3f00000, 0x00000000eab00000)
  object space 326656K, 99% used [0x00000000c0000000,0x00000000d3ee5220,0x00000000d3f00000)
 Metaspace       used 63299K, committed 64704K, reserved 1114112K
  class space    used 6290K, committed 6912K, reserved 1048576K
}
Event: 22.496 GC heap after
{Heap after GC invocations=547 (full 3):
 PSYoungGen      total 3072K, used 598K [0x00000000eab00000, 0x00000000eaf00000, 0x0000000100000000)
  eden space 2048K, 0% used [0x00000000eab00000,0x00000000eab00000,0x00000000ead00000)
  from space 1024K, 58% used [0x00000000eae00000,0x00000000eae95998,0x00000000eaf00000)
  to   space 1024K, 0% used [0x00000000ead00000,0x00000000ead00000,0x00000000eae00000)
 ParOldGen       total 327168K, used 326934K [0x00000000c0000000, 0x00000000d3f80000, 0x00000000eab00000)
  object space 327168K, 99% used [0x00000000c0000000,0x00000000d3f45aa8,0x00000000d3f80000)
 Metaspace       used 63299K, committed 64704K, reserved 1114112K
  class space    used 6290K, committed 6912K, reserved 1048576K
}
Event: 22.510 GC heap before
{Heap before GC invocations=548 (full 3):
 PSYoungGen      total 3072K, used 2646K [0x00000000eab00000, 0x00000000eaf00000, 0x0000000100000000)
  eden space 2048K, 100% used [0x00000000eab00000,0x00000000ead00000,0x00000000ead00000)
  from space 1024K, 58% used [0x00000000eae00000,0x00000000eae95998,0x00000000eaf00000)
  to   space 1024K, 0% used [0x00000000ead00000,0x00000000ead00000,0x00000000eae00000)
 ParOldGen       total 327168K, used 326934K [0x00000000c0000000, 0x00000000d3f80000, 0x00000000eab00000)
  object space 327168K, 99% used [0x00000000c0000000,0x00000000d3f45aa8,0x00000000d3f80000)
 Metaspace       used 63305K, committed 64704K, reserved 1114112K
  class space    used 6291K, committed 6912K, reserved 1048576K
}
Event: 22.513 GC heap after
{Heap after GC invocations=548 (full 3):
 PSYoungGen      total 3072K, used 480K [0x00000000eab00000, 0x00000000eaf00000, 0x0000000100000000)
  eden space 2048K, 0% used [0x00000000eab00000,0x00000000eab00000,0x00000000ead00000)
  from space 1024K, 46% used [0x00000000ead00000,0x00000000ead78000,0x00000000eae00000)
  to   space 1024K, 0% used [0x00000000eae00000,0x00000000eae00000,0x00000000eaf00000)
 ParOldGen       total 327680K, used 327358K [0x00000000c0000000, 0x00000000d4000000, 0x00000000eab00000)
  object space 327680K, 99% used [0x00000000c0000000,0x00000000d3faf928,0x00000000d4000000)
 Metaspace       used 63305K, committed 64704K, reserved 1114112K
  class space    used 6291K, committed 6912K, reserved 1048576K
}
Event: 22.519 GC heap before
{Heap before GC invocations=549 (full 3):
 PSYoungGen      total 3072K, used 2528K [0x00000000eab00000, 0x00000000eaf00000, 0x0000000100000000)
  eden space 2048K, 100% used [0x00000000eab00000,0x00000000ead00000,0x00000000ead00000)
  from space 1024K, 46% used [0x00000000ead00000,0x00000000ead78000,0x00000000eae00000)
  to   space 1024K, 0% used [0x00000000eae00000,0x00000000eae00000,0x00000000eaf00000)
 ParOldGen       total 327680K, used 327358K [0x00000000c0000000, 0x00000000d4000000, 0x00000000eab00000)
  object space 327680K, 99% used [0x00000000c0000000,0x00000000d3faf928,0x00000000d4000000)
 Metaspace       used 63307K, committed 64704K, reserved 1114112K
  class space    used 6291K, committed 6912K, reserved 1048576K
}
Event: 22.523 GC heap after
{Heap after GC invocations=549 (full 3):
 PSYoungGen      total 3072K, used 721K [0x00000000eab00000, 0x00000000eaf00000, 0x0000000100000000)
  eden space 2048K, 0% used [0x00000000eab00000,0x00000000eab00000,0x00000000ead00000)
  from space 1024K, 70% used [0x00000000eae00000,0x00000000eaeb44b0,0x00000000eaf00000)
  to   space 1024K, 0% used [0x00000000ead00000,0x00000000ead00000,0x00000000eae00000)
 ParOldGen       total 328192K, used 327742K [0x00000000c0000000, 0x00000000d4080000, 0x00000000eab00000)
  object space 328192K, 99% used [0x00000000c0000000,0x00000000d400fb48,0x00000000d4080000)
 Metaspace       used 63307K, committed 64704K, reserved 1114112K
  class space    used 6291K, committed 6912K, reserved 1048576K
}
Event: 22.533 GC heap before
{Heap before GC invocations=550 (full 3):
 PSYoungGen      total 3072K, used 2762K [0x00000000eab00000, 0x00000000eaf00000, 0x0000000100000000)
  eden space 2048K, 99% used [0x00000000eab00000,0x00000000eacfe4b8,0x00000000ead00000)
  from space 1024K, 70% used [0x00000000eae00000,0x00000000eaeb44b0,0x00000000eaf00000)
  to   space 1024K, 0% used [0x00000000ead00000,0x00000000ead00000,0x00000000eae00000)
 ParOldGen       total 328192K, used 327742K [0x00000000c0000000, 0x00000000d4080000, 0x00000000eab00000)
  object space 328192K, 99% used [0x00000000c0000000,0x00000000d400fb48,0x00000000d4080000)
 Metaspace       used 63323K, committed 64704K, reserved 1114112K
  class space    used 6293K, committed 6912K, reserved 1048576K
}
Event: 22.535 GC heap after
{Heap after GC invocations=550 (full 3):
 PSYoungGen      total 3072K, used 528K [0x00000000eab00000, 0x00000000eaf00000, 0x0000000100000000)
  eden space 2048K, 0% used [0x00000000eab00000,0x00000000eab00000,0x00000000ead00000)
  from space 1024K, 51% used [0x00000000ead00000,0x00000000ead84158,0x00000000eae00000)
  to   space 1024K, 0% used [0x00000000eae00000,0x00000000eae00000,0x00000000eaf00000)
 ParOldGen       total 328192K, used 328175K [0x00000000c0000000, 0x00000000d4080000, 0x00000000eab00000)
  object space 328192K, 99% used [0x00000000c0000000,0x00000000d407bfe8,0x00000000d4080000)
 Metaspace       used 63323K, committed 64704K, reserved 1114112K
  class space    used 6293K, committed 6912K, reserved 1048576K
}
Event: 22.556 GC heap before
{Heap before GC invocations=551 (full 3):
 PSYoungGen      total 3072K, used 2576K [0x00000000eab00000, 0x00000000eaf00000, 0x0000000100000000)
  eden space 2048K, 100% used [0x00000000eab00000,0x00000000ead00000,0x00000000ead00000)
  from space 1024K, 51% used [0x00000000ead00000,0x00000000ead84158,0x00000000eae00000)
  to   space 1024K, 0% used [0x00000000eae00000,0x00000000eae00000,0x00000000eaf00000)
 ParOldGen       total 328192K, used 328175K [0x00000000c0000000, 0x00000000d4080000, 0x00000000eab00000)
  object space 328192K, 99% used [0x00000000c0000000,0x00000000d407bfe8,0x00000000d4080000)
 Metaspace       used 63327K, committed 64704K, reserved 1114112K
  class space    used 6294K, committed 6912K, reserved 1048576K
}
Event: 22.558 GC heap after
{Heap after GC invocations=551 (full 3):
 PSYoungGen      total 3072K, used 611K [0x00000000eab00000, 0x00000000eaf00000, 0x0000000100000000)
  eden space 2048K, 0% used [0x00000000eab00000,0x00000000eab00000,0x00000000ead00000)
  from space 1024K, 59% used [0x00000000eae00000,0x00000000eae98c00,0x00000000eaf00000)
  to   space 1024K, 0% used [0x00000000ead00000,0x00000000ead00000,0x00000000eae00000)
 ParOldGen       total 328704K, used 328631K [0x00000000c0000000, 0x00000000d4100000, 0x00000000eab00000)
  object space 328704K, 99% used [0x00000000c0000000,0x00000000d40edee8,0x00000000d4100000)
 Metaspace       used 63327K, committed 64704K, reserved 1114112K
  class space    used 6294K, committed 6912K, reserved 1048576K
}

