# JRE version: OpenJDK Runtime Environment Temurin-21.0.6+7 (21.0.6+7) (build 21.0.6+7-LTS)
# Java VM: OpenJDK 64-Bit Server VM Temurin-21.0.6+7 (21.0.6+7-LTS, mixed mode, sharing, tiered, compressed oops, compressed class ptrs, parallel gc, windows-amd64)
GC Precious Log:
 CardTable entry size: 512
 CPUs: 8 total, 8 available
 Memory: 7955M
 Large Page Support: Disabled
 NUMA Support: Disabled
 Compressed Oops: Enabled (32-bit)
 Alignments: Space 512K, Generation 512K, Heap 2M
 Heap Min Capacity: 100M
 Heap Initial Capacity: 100M
 Heap Max Capacity: 1G
 Pre-touch: Disabled
 Parallel Workers: 8
Heap:
 PSYoungGen      total 4096K, used 2442K [0x00000000eab00000, 0x00000000eb000000, 0x0000000100000000)
  eden space 3072K, 57% used [0x00000000eab00000,0x00000000eacbb550,0x00000000eae00000)
  from space 1024K, 65% used [0x00000000eae00000,0x00000000eaea74d8,0x00000000eaf00000)
  to   space 1024K, 0% used [0x00000000eaf00000,0x00000000eaf00000,0x00000000eb000000)
 ParOldGen       total 222208K, used 201401K [0x00000000c0000000, 0x00000000cd900000, 0x00000000eab00000)
  object space 222208K, 90% used [0x00000000c0000000,0x00000000cc4ae7c8,0x00000000cd900000)
 Metaspace       used 61701K, committed 63168K, reserved 1114112K
  class space    used 6193K, committed 6848K, reserved 1048576K
GC Heap History (20 events):
Event: 18.663 GC heap before
{Heap before GC invocations=171 (full 3):
 PSYoungGen      total 4096K, used 4011K [0x00000000eab00000, 0x00000000eb000000, 0x0000000100000000)
  eden space 3072K, 100% used [0x00000000eab00000,0x00000000eae00000,0x00000000eae00000)
  from space 1024K, 91% used [0x00000000eae00000,0x00000000eaeead68,0x00000000eaf00000)
  to   space 1024K, 0% used [0x00000000eaf00000,0x00000000eaf00000,0x00000000eb000000)
 ParOldGen       total 226304K, used 226006K [0x00000000c0000000, 0x00000000cdd00000, 0x00000000eab00000)
  object space 226304K, 99% used [0x00000000c0000000,0x00000000cdcb58a8,0x00000000cdd00000)
 Metaspace       used 61604K, committed 63040K, reserved 1114112K
  class space    used 6191K, committed 6848K, reserved 1048576K
}
Event: 18.666 GC heap after
{Heap after GC invocations=171 (full 3):
 PSYoungGen      total 4096K, used 4011K [0x00000000eab00000, 0x00000000eb000000, 0x0000000100000000)
  eden space 3072K, 100% used [0x00000000eab00000,0x00000000eae00000,0x00000000eae00000)
  from space 1024K, 91% used [0x00000000eae00000,0x00000000eaeead68,0x00000000eaf00000)
  to   space 1024K, 74% used [0x00000000eaf00000,0x00000000eafbe060,0x00000000eb000000)
 ParOldGen       total 226816K, used 226813K [0x00000000c0000000, 0x00000000cdd80000, 0x00000000eab00000)
  object space 226816K, 99% used [0x00000000c0000000,0x00000000cdd7f590,0x00000000cdd80000)
 Metaspace       used 61604K, committed 63040K, reserved 1114112K
  class space    used 6191K, committed 6848K, reserved 1048576K
}
Event: 18.666 GC heap before
{Heap before GC invocations=172 (full 4):
 PSYoungGen      total 4096K, used 4011K [0x00000000eab00000, 0x00000000eb000000, 0x0000000100000000)
  eden space 3072K, 100% used [0x00000000eab00000,0x00000000eae00000,0x00000000eae00000)
  from space 1024K, 91% used [0x00000000eae00000,0x00000000eaeead68,0x00000000eaf00000)
  to   space 1024K, 74% used [0x00000000eaf00000,0x00000000eafbe060,0x00000000eb000000)
 ParOldGen       total 226816K, used 226813K [0x00000000c0000000, 0x00000000cdd80000, 0x00000000eab00000)
  object space 226816K, 99% used [0x00000000c0000000,0x00000000cdd7f590,0x00000000cdd80000)
 Metaspace       used 61604K, committed 63040K, reserved 1114112K
  class space    used 6191K, committed 6848K, reserved 1048576K
}
Event: 18.875 GC heap after
{Heap after GC invocations=172 (full 4):
 PSYoungGen      total 4096K, used 0K [0x00000000eab00000, 0x00000000eb000000, 0x0000000100000000)
  eden space 3072K, 0% used [0x00000000eab00000,0x00000000eab00000,0x00000000eae00000)
  from space 1024K, 0% used [0x00000000eaf00000,0x00000000eaf00000,0x00000000eb000000)
  to   space 1024K, 0% used [0x00000000eae00000,0x00000000eae00000,0x00000000eaf00000)
 ParOldGen       total 222208K, used 196615K [0x00000000c0000000, 0x00000000cd900000, 0x00000000eab00000)
  object space 222208K, 88% used [0x00000000c0000000,0x00000000cc001cc8,0x00000000cd900000)
 Metaspace       used 61604K, committed 63040K, reserved 1114112K
  class space    used 6191K, committed 6848K, reserved 1048576K
}
Event: 18.908 GC heap before
{Heap before GC invocations=173 (full 4):
 PSYoungGen      total 4096K, used 3072K [0x00000000eab00000, 0x00000000eb000000, 0x0000000100000000)
  eden space 3072K, 100% used [0x00000000eab00000,0x00000000eae00000,0x00000000eae00000)
  from space 1024K, 0% used [0x00000000eaf00000,0x00000000eaf00000,0x00000000eb000000)
  to   space 1024K, 0% used [0x00000000eae00000,0x00000000eae00000,0x00000000eaf00000)
 ParOldGen       total 222208K, used 196615K [0x00000000c0000000, 0x00000000cd900000, 0x00000000eab00000)
  object space 222208K, 88% used [0x00000000c0000000,0x00000000cc001cc8,0x00000000cd900000)
 Metaspace       used 61625K, committed 63104K, reserved 1114112K
  class space    used 6192K, committed 6848K, reserved 1048576K
}
Event: 18.911 GC heap after
{Heap after GC invocations=173 (full 4):
 PSYoungGen      total 4096K, used 812K [0x00000000eab00000, 0x00000000eb000000, 0x0000000100000000)
  eden space 3072K, 0% used [0x00000000eab00000,0x00000000eab00000,0x00000000eae00000)
  from space 1024K, 79% used [0x00000000eae00000,0x00000000eaecb098,0x00000000eaf00000)
  to   space 1024K, 0% used [0x00000000eaf00000,0x00000000eaf00000,0x00000000eb000000)
 ParOldGen       total 222208K, used 196615K [0x00000000c0000000, 0x00000000cd900000, 0x00000000eab00000)
  object space 222208K, 88% used [0x00000000c0000000,0x00000000cc001cc8,0x00000000cd900000)
 Metaspace       used 61625K, committed 63104K, reserved 1114112K
  class space    used 6192K, committed 6848K, reserved 1048576K
}
Event: 18.931 GC heap before
{Heap before GC invocations=174 (full 4):
 PSYoungGen      total 4096K, used 3884K [0x00000000eab00000, 0x00000000eb000000, 0x0000000100000000)
  eden space 3072K, 100% used [0x00000000eab00000,0x00000000eae00000,0x00000000eae00000)
  from space 1024K, 79% used [0x00000000eae00000,0x00000000eaecb098,0x00000000eaf00000)
  to   space 1024K, 0% used [0x00000000eaf00000,0x00000000eaf00000,0x00000000eb000000)
 ParOldGen       total 222208K, used 196615K [0x00000000c0000000, 0x00000000cd900000, 0x00000000eab00000)
  object space 222208K, 88% used [0x00000000c0000000,0x00000000cc001cc8,0x00000000cd900000)
 Metaspace       used 61627K, committed 63104K, reserved 1114112K
  class space    used 6192K, committed 6848K, reserved 1048576K
}
Event: 18.933 GC heap after
{Heap after GC invocations=174 (full 4):
 PSYoungGen      total 4096K, used 674K [0x00000000eab00000, 0x00000000eb000000, 0x0000000100000000)
  eden space 3072K, 0% used [0x00000000eab00000,0x00000000eab00000,0x00000000eae00000)
  from space 1024K, 65% used [0x00000000eaf00000,0x00000000eafa89d0,0x00000000eb000000)
  to   space 1024K, 0% used [0x00000000eae00000,0x00000000eae00000,0x00000000eaf00000)
 ParOldGen       total 222208K, used 197293K [0x00000000c0000000, 0x00000000cd900000, 0x00000000eab00000)
  object space 222208K, 88% used [0x00000000c0000000,0x00000000cc0ab7a0,0x00000000cd900000)
 Metaspace       used 61627K, committed 63104K, reserved 1114112K
  class space    used 6192K, committed 6848K, reserved 1048576K
}
Event: 18.963 GC heap before
{Heap before GC invocations=175 (full 4):
 PSYoungGen      total 4096K, used 3746K [0x00000000eab00000, 0x00000000eb000000, 0x0000000100000000)
  eden space 3072K, 100% used [0x00000000eab00000,0x00000000eae00000,0x00000000eae00000)
  from space 1024K, 65% used [0x00000000eaf00000,0x00000000eafa89d0,0x00000000eb000000)
  to   space 1024K, 0% used [0x00000000eae00000,0x00000000eae00000,0x00000000eaf00000)
 ParOldGen       total 222208K, used 197293K [0x00000000c0000000, 0x00000000cd900000, 0x00000000eab00000)
  object space 222208K, 88% used [0x00000000c0000000,0x00000000cc0ab7a0,0x00000000cd900000)
 Metaspace       used 61647K, committed 63168K, reserved 1114112K
  class space    used 6192K, committed 6848K, reserved 1048576K
}
Event: 18.967 GC heap after
{Heap after GC invocations=175 (full 4):
 PSYoungGen      total 4096K, used 671K [0x00000000eab00000, 0x00000000eb000000, 0x0000000100000000)
  eden space 3072K, 0% used [0x00000000eab00000,0x00000000eab00000,0x00000000eae00000)
  from space 1024K, 65% used [0x00000000eae00000,0x00000000eaea7e38,0x00000000eaf00000)
  to   space 1024K, 0% used [0x00000000eaf00000,0x00000000eaf00000,0x00000000eb000000)
 ParOldGen       total 222208K, used 197878K [0x00000000c0000000, 0x00000000cd900000, 0x00000000eab00000)
  object space 222208K, 89% used [0x00000000c0000000,0x00000000cc13db50,0x00000000cd900000)
 Metaspace       used 61647K, committed 63168K, reserved 1114112K
  class space    used 6192K, committed 6848K, reserved 1048576K
}
Event: 18.999 GC heap before
{Heap before GC invocations=176 (full 4):
 PSYoungGen      total 4096K, used 3743K [0x00000000eab00000, 0x00000000eb000000, 0x0000000100000000)
  eden space 3072K, 100% used [0x00000000eab00000,0x00000000eae00000,0x00000000eae00000)
  from space 1024K, 65% used [0x00000000eae00000,0x00000000eaea7e38,0x00000000eaf00000)
  to   space 1024K, 0% used [0x00000000eaf00000,0x00000000eaf00000,0x00000000eb000000)
 ParOldGen       total 222208K, used 197878K [0x00000000c0000000, 0x00000000cd900000, 0x00000000eab00000)
  object space 222208K, 89% used [0x00000000c0000000,0x00000000cc13db50,0x00000000cd900000)
 Metaspace       used 61655K, committed 63168K, reserved 1114112K
  class space    used 6192K, committed 6848K, reserved 1048576K
}
Event: 19.000 GC heap after
{Heap after GC invocations=176 (full 4):
 PSYoungGen      total 4096K, used 808K [0x00000000eab00000, 0x00000000eb000000, 0x0000000100000000)
  eden space 3072K, 0% used [0x00000000eab00000,0x00000000eab00000,0x00000000eae00000)
  from space 1024K, 78% used [0x00000000eaf00000,0x00000000eafca308,0x00000000eb000000)
  to   space 1024K, 0% used [0x00000000eae00000,0x00000000eae00000,0x00000000eaf00000)
 ParOldGen       total 222208K, used 198433K [0x00000000c0000000, 0x00000000cd900000, 0x00000000eab00000)
  object space 222208K, 89% used [0x00000000c0000000,0x00000000cc1c86a0,0x00000000cd900000)
 Metaspace       used 61655K, committed 63168K, reserved 1114112K
  class space    used 6192K, committed 6848K, reserved 1048576K
}
Event: 19.025 GC heap before
{Heap before GC invocations=177 (full 4):
 PSYoungGen      total 4096K, used 3880K [0x00000000eab00000, 0x00000000eb000000, 0x0000000100000000)
  eden space 3072K, 100% used [0x00000000eab00000,0x00000000eae00000,0x00000000eae00000)
  from space 1024K, 78% used [0x00000000eaf00000,0x00000000eafca308,0x00000000eb000000)
  to   space 1024K, 0% used [0x00000000eae00000,0x00000000eae00000,0x00000000eaf00000)
 ParOldGen       total 222208K, used 198433K [0x00000000c0000000, 0x00000000cd900000, 0x00000000eab00000)
  object space 222208K, 89% used [0x00000000c0000000,0x00000000cc1c86a0,0x00000000cd900000)
 Metaspace       used 61667K, committed 63168K, reserved 1114112K
  class space    used 6192K, committed 6848K, reserved 1048576K
}
Event: 19.027 GC heap after
{Heap after GC invocations=177 (full 4):
 PSYoungGen      total 4096K, used 733K [0x00000000eab00000, 0x00000000eb000000, 0x0000000100000000)
  eden space 3072K, 0% used [0x00000000eab00000,0x00000000eab00000,0x00000000eae00000)
  from space 1024K, 71% used [0x00000000eae00000,0x00000000eaeb7408,0x00000000eaf00000)
  to   space 1024K, 0% used [0x00000000eaf00000,0x00000000eaf00000,0x00000000eb000000)
 ParOldGen       total 222208K, used 199075K [0x00000000c0000000, 0x00000000cd900000, 0x00000000eab00000)
  object space 222208K, 89% used [0x00000000c0000000,0x00000000cc268f78,0x00000000cd900000)
 Metaspace       used 61667K, committed 63168K, reserved 1114112K
  class space    used 6192K, committed 6848K, reserved 1048576K
}
Event: 19.099 GC heap before
{Heap before GC invocations=178 (full 4):
 PSYoungGen      total 4096K, used 3805K [0x00000000eab00000, 0x00000000eb000000, 0x0000000100000000)
  eden space 3072K, 100% used [0x00000000eab00000,0x00000000eae00000,0x00000000eae00000)
  from space 1024K, 71% used [0x00000000eae00000,0x00000000eaeb7408,0x00000000eaf00000)
  to   space 1024K, 0% used [0x00000000eaf00000,0x00000000eaf00000,0x00000000eb000000)
 ParOldGen       total 222208K, used 199075K [0x00000000c0000000, 0x00000000cd900000, 0x00000000eab00000)
  object space 222208K, 89% used [0x00000000c0000000,0x00000000cc268f78,0x00000000cd900000)
 Metaspace       used 61680K, committed 63168K, reserved 1114112K
  class space    used 6192K, committed 6848K, reserved 1048576K
}
Event: 19.101 GC heap after
{Heap after GC invocations=178 (full 4):
 PSYoungGen      total 4096K, used 608K [0x00000000eab00000, 0x00000000eb000000, 0x0000000100000000)
  eden space 3072K, 0% used [0x00000000eab00000,0x00000000eab00000,0x00000000eae00000)
  from space 1024K, 59% used [0x00000000eaf00000,0x00000000eaf98000,0x00000000eb000000)
  to   space 1024K, 0% used [0x00000000eae00000,0x00000000eae00000,0x00000000eaf00000)
 ParOldGen       total 222208K, used 199663K [0x00000000c0000000, 0x00000000cd900000, 0x00000000eab00000)
  object space 222208K, 89% used [0x00000000c0000000,0x00000000cc2fbc18,0x00000000cd900000)
 Metaspace       used 61680K, committed 63168K, reserved 1114112K
  class space    used 6192K, committed 6848K, reserved 1048576K
}
Event: 19.128 GC heap before
{Heap before GC invocations=179 (full 4):
 PSYoungGen      total 4096K, used 3680K [0x00000000eab00000, 0x00000000eb000000, 0x0000000100000000)
  eden space 3072K, 100% used [0x00000000eab00000,0x00000000eae00000,0x00000000eae00000)
  from space 1024K, 59% used [0x00000000eaf00000,0x00000000eaf98000,0x00000000eb000000)
  to   space 1024K, 0% used [0x00000000eae00000,0x00000000eae00000,0x00000000eaf00000)
 ParOldGen       total 222208K, used 199663K [0x00000000c0000000, 0x00000000cd900000, 0x00000000eab00000)
  object space 222208K, 89% used [0x00000000c0000000,0x00000000cc2fbc18,0x00000000cd900000)
 Metaspace       used 61682K, committed 63168K, reserved 1114112K
  class space    used 6192K, committed 6848K, reserved 1048576K
}
Event: 19.130 GC heap after
{Heap after GC invocations=179 (full 4):
 PSYoungGen      total 4096K, used 689K [0x00000000eab00000, 0x00000000eb000000, 0x0000000100000000)
  eden space 3072K, 0% used [0x00000000eab00000,0x00000000eab00000,0x00000000eae00000)
  from space 1024K, 67% used [0x00000000eae00000,0x00000000eaeac540,0x00000000eaf00000)
  to   space 1024K, 0% used [0x00000000eaf00000,0x00000000eaf00000,0x00000000eb000000)
 ParOldGen       total 222208K, used 200229K [0x00000000c0000000, 0x00000000cd900000, 0x00000000eab00000)
  object space 222208K, 90% used [0x00000000c0000000,0x00000000cc3897e0,0x00000000cd900000)
 Metaspace       used 61682K, committed 63168K, reserved 1114112K
  class space    used 6192K, committed 6848K, reserved 1048576K
}
Event: 19.158 GC heap before
{Heap before GC invocations=180 (full 4):
 PSYoungGen      total 4096K, used 3761K [0x00000000eab00000, 0x00000000eb000000, 0x0000000100000000)
  eden space 3072K, 100% used [0x00000000eab00000,0x00000000eae00000,0x00000000eae00000)
  from space 1024K, 67% used [0x00000000eae00000,0x00000000eaeac540,0x00000000eaf00000)
  to   space 1024K, 0% used [0x00000000eaf00000,0x00000000eaf00000,0x00000000eb000000)
 ParOldGen       total 222208K, used 200229K [0x00000000c0000000, 0x00000000cd900000, 0x00000000eab00000)
  object space 222208K, 90% used [0x00000000c0000000,0x00000000cc3897e0,0x00000000cd900000)
 Metaspace       used 61686K, committed 63168K, reserved 1114112K
  class space    used 6192K, committed 6848K, reserved 1048576K
}
Event: 19.160 GC heap after
{Heap after GC invocations=180 (full 4):
 PSYoungGen      total 4096K, used 736K [0x00000000eab00000, 0x00000000eb000000, 0x0000000100000000)
  eden space 3072K, 0% used [0x00000000eab00000,0x00000000eab00000,0x00000000eae00000)
  from space 1024K, 71% used [0x00000000eaf00000,0x00000000eafb80a0,0x00000000eb000000)
  to   space 1024K, 0% used [0x00000000eae00000,0x00000000eae00000,0x00000000eaf00000)
 ParOldGen       total 222208K, used 200817K [0x00000000c0000000, 0x00000000cd900000, 0x00000000eab00000)
  object space 222208K, 90% used [0x00000000c0000000,0x00000000cc41c7b0,0x00000000cd900000)
 Metaspace       used 61686K, committed 63168K, reserved 1114112K
  class space    used 6192K, committed 6848K, reserved 1048576K
}

