# JRE version: OpenJDK Runtime Environment Temurin-21.0.6+7 (21.0.6+7) (build 21.0.6+7-LTS)
# Java VM: OpenJDK 64-Bit Server VM Temurin-21.0.6+7 (21.0.6+7-LTS, mixed mode, sharing, tiered, compressed oops, compressed class ptrs, parallel gc, windows-amd64)
GC Precious Log:
 CardTable entry size: 512
 CPUs: 8 total, 8 available
 Memory: 7955M
 Large Page Support: Disabled
 NUMA Support: Disabled
 Compressed Oops: Enabled (32-bit)
 Alignments: Space 512K, Generation 512K, Heap 2M
 Heap Min Capacity: 100M
 Heap Initial Capacity: 100M
 Heap Max Capacity: 1G
 Pre-touch: Disabled
 Parallel Workers: 8
Heap:
 PSYoungGen      total 13824K, used 3648K [0x00000000eab00000, 0x00000000ebc80000, 0x0000000100000000)
  eden space 12800K, 20% used [0x00000000eab00000,0x00000000ead9d820,0x00000000eb780000)
  from space 1024K, 94% used [0x00000000eb980000,0x00000000eba72910,0x00000000eba80000)
  to   space 1536K, 0% used [0x00000000ebb00000,0x00000000ebb00000,0x00000000ebc80000)
 ParOldGen       total 664064K, used 663705K [0x00000000c0000000, 0x00000000e8880000, 0x00000000eab00000)
  object space 664064K, 99% used [0x00000000c0000000,0x00000000e8826758,0x00000000e8880000)
 Metaspace       used 77976K, committed 79616K, reserved 1179648K
  class space    used 7768K, committed 8512K, reserved 1048576K
GC Heap History (20 events):
Event: 183.678 GC heap before
{Heap before GC invocations=1154 (full 4):
 PSYoungGen      total 16896K, used 15597K [0x00000000eab00000, 0x00000000ebe80000, 0x0000000100000000)
  eden space 14848K, 100% used [0x00000000eab00000,0x00000000eb980000,0x00000000eb980000)
  from space 2048K, 36% used [0x00000000ebb00000,0x00000000ebbbb658,0x00000000ebd00000)
  to   space 1024K, 0% used [0x00000000ebd80000,0x00000000ebd80000,0x00000000ebe80000)
 ParOldGen       total 650240K, used 650037K [0x00000000c0000000, 0x00000000e7b00000, 0x00000000eab00000)
  object space 650240K, 99% used [0x00000000c0000000,0x00000000e7acd5f0,0x00000000e7b00000)
 Metaspace       used 77760K, committed 79424K, reserved 1179648K
  class space    used 7753K, committed 8448K, reserved 1048576K
}
Event: 183.681 GC heap after
{Heap after GC invocations=1154 (full 4):
 PSYoungGen      total 15872K, used 1024K [0x00000000eab00000, 0x00000000ebe80000, 0x0000000100000000)
  eden space 14848K, 0% used [0x00000000eab00000,0x00000000eab00000,0x00000000eb980000)
  from space 1024K, 100% used [0x00000000ebd80000,0x00000000ebe80000,0x00000000ebe80000)
  to   space 2048K, 0% used [0x00000000eba80000,0x00000000eba80000,0x00000000ebc80000)
 ParOldGen       total 650752K, used 650717K [0x00000000c0000000, 0x00000000e7b80000, 0x00000000eab00000)
  object space 650752K, 99% used [0x00000000c0000000,0x00000000e7b77498,0x00000000e7b80000)
 Metaspace       used 77760K, committed 79424K, reserved 1179648K
  class space    used 7753K, committed 8448K, reserved 1048576K
}
Event: 183.733 GC heap before
{Heap before GC invocations=1155 (full 4):
 PSYoungGen      total 15872K, used 15872K [0x00000000eab00000, 0x00000000ebe80000, 0x0000000100000000)
  eden space 14848K, 100% used [0x00000000eab00000,0x00000000eb980000,0x00000000eb980000)
  from space 1024K, 100% used [0x00000000ebd80000,0x00000000ebe80000,0x00000000ebe80000)
  to   space 2048K, 0% used [0x00000000eba80000,0x00000000eba80000,0x00000000ebc80000)
 ParOldGen       total 650752K, used 650717K [0x00000000c0000000, 0x00000000e7b80000, 0x00000000eab00000)
  object space 650752K, 99% used [0x00000000c0000000,0x00000000e7b77498,0x00000000e7b80000)
 Metaspace       used 77760K, committed 79424K, reserved 1179648K
  class space    used 7753K, committed 8448K, reserved 1048576K
}
Event: 183.736 GC heap after
{Heap after GC invocations=1155 (full 4):
 PSYoungGen      total 16896K, used 784K [0x00000000eab00000, 0x00000000ebe00000, 0x0000000100000000)
  eden space 14848K, 0% used [0x00000000eab00000,0x00000000eab00000,0x00000000eb980000)
  from space 2048K, 38% used [0x00000000eba80000,0x00000000ebb44298,0x00000000ebc80000)
  to   space 1536K, 0% used [0x00000000ebc80000,0x00000000ebc80000,0x00000000ebe00000)
 ParOldGen       total 651776K, used 651755K [0x00000000c0000000, 0x00000000e7c80000, 0x00000000eab00000)
  object space 651776K, 99% used [0x00000000c0000000,0x00000000e7c7afe8,0x00000000e7c80000)
 Metaspace       used 77760K, committed 79424K, reserved 1179648K
  class space    used 7753K, committed 8448K, reserved 1048576K
}
Event: 183.801 GC heap before
{Heap before GC invocations=1156 (full 4):
 PSYoungGen      total 16896K, used 15632K [0x00000000eab00000, 0x00000000ebe00000, 0x0000000100000000)
  eden space 14848K, 100% used [0x00000000eab00000,0x00000000eb980000,0x00000000eb980000)
  from space 2048K, 38% used [0x00000000eba80000,0x00000000ebb44298,0x00000000ebc80000)
  to   space 1536K, 0% used [0x00000000ebc80000,0x00000000ebc80000,0x00000000ebe00000)
 ParOldGen       total 651776K, used 651755K [0x00000000c0000000, 0x00000000e7c80000, 0x00000000eab00000)
  object space 651776K, 99% used [0x00000000c0000000,0x00000000e7c7afe8,0x00000000e7c80000)
 Metaspace       used 77762K, committed 79424K, reserved 1179648K
  class space    used 7753K, committed 8448K, reserved 1048576K
}
Event: 183.804 GC heap after
{Heap after GC invocations=1156 (full 4):
 PSYoungGen      total 15872K, used 928K [0x00000000eab00000, 0x00000000ebd80000, 0x0000000100000000)
  eden space 14848K, 0% used [0x00000000eab00000,0x00000000eab00000,0x00000000eb980000)
  from space 1024K, 90% used [0x00000000ebc80000,0x00000000ebd68000,0x00000000ebd80000)
  to   space 1024K, 0% used [0x00000000ebb80000,0x00000000ebb80000,0x00000000ebc80000)
 ParOldGen       total 652800K, used 652411K [0x00000000c0000000, 0x00000000e7d80000, 0x00000000eab00000)
  object space 652800K, 99% used [0x00000000c0000000,0x00000000e7d1efe8,0x00000000e7d80000)
 Metaspace       used 77762K, committed 79424K, reserved 1179648K
  class space    used 7753K, committed 8448K, reserved 1048576K
}
Event: 183.871 GC heap before
{Heap before GC invocations=1157 (full 4):
 PSYoungGen      total 15872K, used 15776K [0x00000000eab00000, 0x00000000ebd80000, 0x0000000100000000)
  eden space 14848K, 100% used [0x00000000eab00000,0x00000000eb980000,0x00000000eb980000)
  from space 1024K, 90% used [0x00000000ebc80000,0x00000000ebd68000,0x00000000ebd80000)
  to   space 1024K, 0% used [0x00000000ebb80000,0x00000000ebb80000,0x00000000ebc80000)
 ParOldGen       total 652800K, used 652411K [0x00000000c0000000, 0x00000000e7d80000, 0x00000000eab00000)
  object space 652800K, 99% used [0x00000000c0000000,0x00000000e7d1efe8,0x00000000e7d80000)
 Metaspace       used 77762K, committed 79424K, reserved 1179648K
  class space    used 7753K, committed 8448K, reserved 1048576K
}
Event: 183.874 GC heap after
{Heap after GC invocations=1157 (full 4):
 PSYoungGen      total 15872K, used 992K [0x00000000eab00000, 0x00000000ebe80000, 0x0000000100000000)
  eden space 14848K, 0% used [0x00000000eab00000,0x00000000eab00000,0x00000000eb980000)
  from space 1024K, 96% used [0x00000000ebb80000,0x00000000ebc78010,0x00000000ebc80000)
  to   space 2048K, 0% used [0x00000000ebc80000,0x00000000ebc80000,0x00000000ebe80000)
 ParOldGen       total 653824K, used 653422K [0x00000000c0000000, 0x00000000e7e80000, 0x00000000eab00000)
  object space 653824K, 99% used [0x00000000c0000000,0x00000000e7e1bbb8,0x00000000e7e80000)
 Metaspace       used 77762K, committed 79424K, reserved 1179648K
  class space    used 7753K, committed 8448K, reserved 1048576K
}
Event: 183.905 GC heap before
{Heap before GC invocations=1158 (full 4):
 PSYoungGen      total 15872K, used 15840K [0x00000000eab00000, 0x00000000ebe80000, 0x0000000100000000)
  eden space 14848K, 100% used [0x00000000eab00000,0x00000000eb980000,0x00000000eb980000)
  from space 1024K, 96% used [0x00000000ebb80000,0x00000000ebc78010,0x00000000ebc80000)
  to   space 2048K, 0% used [0x00000000ebc80000,0x00000000ebc80000,0x00000000ebe80000)
 ParOldGen       total 653824K, used 653422K [0x00000000c0000000, 0x00000000e7e80000, 0x00000000eab00000)
  object space 653824K, 99% used [0x00000000c0000000,0x00000000e7e1bbb8,0x00000000e7e80000)
 Metaspace       used 77762K, committed 79424K, reserved 1179648K
  class space    used 7753K, committed 8448K, reserved 1048576K
}
Event: 183.911 GC heap after
{Heap after GC invocations=1158 (full 4):
 PSYoungGen      total 14336K, used 2018K [0x00000000eab00000, 0x00000000ec480000, 0x0000000100000000)
  eden space 12288K, 0% used [0x00000000eab00000,0x00000000eab00000,0x00000000eb700000)
  from space 2048K, 98% used [0x00000000ebc80000,0x00000000ebe78a30,0x00000000ebe80000)
  to   space 5632K, 0% used [0x00000000eb700000,0x00000000eb700000,0x00000000ebc80000)
 ParOldGen       total 656384K, used 656302K [0x00000000c0000000, 0x00000000e8100000, 0x00000000eab00000)
  object space 656384K, 99% used [0x00000000c0000000,0x00000000e80ebbc8,0x00000000e8100000)
 Metaspace       used 77762K, committed 79424K, reserved 1179648K
  class space    used 7753K, committed 8448K, reserved 1048576K
}
Event: 183.920 GC heap before
{Heap before GC invocations=1159 (full 4):
 PSYoungGen      total 14336K, used 14306K [0x00000000eab00000, 0x00000000ec480000, 0x0000000100000000)
  eden space 12288K, 100% used [0x00000000eab00000,0x00000000eb700000,0x00000000eb700000)
  from space 2048K, 98% used [0x00000000ebc80000,0x00000000ebe78a30,0x00000000ebe80000)
  to   space 5632K, 0% used [0x00000000eb700000,0x00000000eb700000,0x00000000ebc80000)
 ParOldGen       total 656384K, used 656302K [0x00000000c0000000, 0x00000000e8100000, 0x00000000eab00000)
  object space 656384K, 99% used [0x00000000c0000000,0x00000000e80ebbc8,0x00000000e8100000)
 Metaspace       used 77762K, committed 79424K, reserved 1179648K
  class space    used 7753K, committed 8448K, reserved 1048576K
}
Event: 183.924 GC heap after
{Heap after GC invocations=1159 (full 4):
 PSYoungGen      total 14848K, used 2240K [0x00000000eab00000, 0x00000000ebe00000, 0x0000000100000000)
  eden space 12288K, 0% used [0x00000000eab00000,0x00000000eab00000,0x00000000eb700000)
  from space 2560K, 87% used [0x00000000eb700000,0x00000000eb930000,0x00000000eb980000)
  to   space 3584K, 0% used [0x00000000eba80000,0x00000000eba80000,0x00000000ebe00000)
 ParOldGen       total 657920K, used 657497K [0x00000000c0000000, 0x00000000e8280000, 0x00000000eab00000)
  object space 657920K, 99% used [0x00000000c0000000,0x00000000e8216440,0x00000000e8280000)
 Metaspace       used 77762K, committed 79424K, reserved 1179648K
  class space    used 7753K, committed 8448K, reserved 1048576K
}
Event: 183.933 GC heap before
{Heap before GC invocations=1160 (full 4):
 PSYoungGen      total 14848K, used 14528K [0x00000000eab00000, 0x00000000ebe00000, 0x0000000100000000)
  eden space 12288K, 100% used [0x00000000eab00000,0x00000000eb700000,0x00000000eb700000)
  from space 2560K, 87% used [0x00000000eb700000,0x00000000eb930000,0x00000000eb980000)
  to   space 3584K, 0% used [0x00000000eba80000,0x00000000eba80000,0x00000000ebe00000)
 ParOldGen       total 657920K, used 657497K [0x00000000c0000000, 0x00000000e8280000, 0x00000000eab00000)
  object space 657920K, 99% used [0x00000000c0000000,0x00000000e8216440,0x00000000e8280000)
 Metaspace       used 77762K, committed 79424K, reserved 1179648K
  class space    used 7753K, committed 8448K, reserved 1048576K
}
Event: 183.938 GC heap after
{Heap after GC invocations=1160 (full 4):
 PSYoungGen      total 15360K, used 2573K [0x00000000eab00000, 0x00000000ebd80000, 0x0000000100000000)
  eden space 12288K, 0% used [0x00000000eab00000,0x00000000eab00000,0x00000000eb700000)
  from space 3072K, 83% used [0x00000000eba80000,0x00000000ebd03650,0x00000000ebd80000)
  to   space 3072K, 0% used [0x00000000eb780000,0x00000000eb780000,0x00000000eba80000)
 ParOldGen       total 659456K, used 659129K [0x00000000c0000000, 0x00000000e8400000, 0x00000000eab00000)
  object space 659456K, 99% used [0x00000000c0000000,0x00000000e83ae440,0x00000000e8400000)
 Metaspace       used 77762K, committed 79424K, reserved 1179648K
  class space    used 7753K, committed 8448K, reserved 1048576K
}
Event: 183.947 GC heap before
{Heap before GC invocations=1161 (full 4):
 PSYoungGen      total 15360K, used 14861K [0x00000000eab00000, 0x00000000ebd80000, 0x0000000100000000)
  eden space 12288K, 100% used [0x00000000eab00000,0x00000000eb700000,0x00000000eb700000)
  from space 3072K, 83% used [0x00000000eba80000,0x00000000ebd03650,0x00000000ebd80000)
  to   space 3072K, 0% used [0x00000000eb780000,0x00000000eb780000,0x00000000eba80000)
 ParOldGen       total 659456K, used 659129K [0x00000000c0000000, 0x00000000e8400000, 0x00000000eab00000)
  object space 659456K, 99% used [0x00000000c0000000,0x00000000e83ae440,0x00000000e8400000)
 Metaspace       used 77762K, committed 79424K, reserved 1179648K
  class space    used 7753K, committed 8448K, reserved 1048576K
}
Event: 183.952 GC heap after
{Heap after GC invocations=1161 (full 4):
 PSYoungGen      total 15872K, used 2431K [0x00000000eab00000, 0x00000000ebe80000, 0x0000000100000000)
  eden space 12800K, 0% used [0x00000000eab00000,0x00000000eab00000,0x00000000eb780000)
  from space 3072K, 79% used [0x00000000eb780000,0x00000000eb9dfd40,0x00000000eba80000)
  to   space 2560K, 0% used [0x00000000ebc00000,0x00000000ebc00000,0x00000000ebe80000)
 ParOldGen       total 661504K, used 661342K [0x00000000c0000000, 0x00000000e8600000, 0x00000000eab00000)
  object space 661504K, 99% used [0x00000000c0000000,0x00000000e85d7a90,0x00000000e8600000)
 Metaspace       used 77762K, committed 79424K, reserved 1179648K
  class space    used 7753K, committed 8448K, reserved 1048576K
}
Event: 183.995 GC heap before
{Heap before GC invocations=1162 (full 4):
 PSYoungGen      total 15872K, used 13491K [0x00000000eab00000, 0x00000000ebe80000, 0x0000000100000000)
  eden space 12800K, 86% used [0x00000000eab00000,0x00000000eb5cd098,0x00000000eb780000)
  from space 3072K, 79% used [0x00000000eb780000,0x00000000eb9dfd40,0x00000000eba80000)
  to   space 2560K, 0% used [0x00000000ebc00000,0x00000000ebc00000,0x00000000ebe80000)
 ParOldGen       total 661504K, used 661342K [0x00000000c0000000, 0x00000000e8600000, 0x00000000eab00000)
  object space 661504K, 99% used [0x00000000c0000000,0x00000000e85d7a90,0x00000000e8600000)
 Metaspace       used 77780K, committed 79424K, reserved 1179648K
  class space    used 7753K, committed 8448K, reserved 1048576K
}
Event: 183.998 GC heap after
{Heap after GC invocations=1162 (full 4):
 PSYoungGen      total 15360K, used 2487K [0x00000000eab00000, 0x00000000ebe80000, 0x0000000100000000)
  eden space 12800K, 0% used [0x00000000eab00000,0x00000000eab00000,0x00000000eb780000)
  from space 2560K, 97% used [0x00000000ebc00000,0x00000000ebe6dc78,0x00000000ebe80000)
  to   space 2560K, 0% used [0x00000000eb980000,0x00000000eb980000,0x00000000ebc00000)
 ParOldGen       total 664064K, used 663630K [0x00000000c0000000, 0x00000000e8880000, 0x00000000eab00000)
  object space 664064K, 99% used [0x00000000c0000000,0x00000000e8813a90,0x00000000e8880000)
 Metaspace       used 77780K, committed 79424K, reserved 1179648K
  class space    used 7753K, committed 8448K, reserved 1048576K
}
Event: 185.499 GC heap before
{Heap before GC invocations=1163 (full 4):
 PSYoungGen      total 15360K, used 15287K [0x00000000eab00000, 0x00000000ebe80000, 0x0000000100000000)
  eden space 12800K, 100% used [0x00000000eab00000,0x00000000eb780000,0x00000000eb780000)
  from space 2560K, 97% used [0x00000000ebc00000,0x00000000ebe6dc78,0x00000000ebe80000)
  to   space 2560K, 0% used [0x00000000eb980000,0x00000000eb980000,0x00000000ebc00000)
 ParOldGen       total 664064K, used 663630K [0x00000000c0000000, 0x00000000e8880000, 0x00000000eab00000)
  object space 664064K, 99% used [0x00000000c0000000,0x00000000e8813a90,0x00000000e8880000)
 Metaspace       used 77803K, committed 79424K, reserved 1179648K
  class space    used 7753K, committed 8448K, reserved 1048576K
}
Event: 185.502 GC heap after
{Heap after GC invocations=1163 (full 4):
 PSYoungGen      total 13824K, used 970K [0x00000000eab00000, 0x00000000ebc80000, 0x0000000100000000)
  eden space 12800K, 0% used [0x00000000eab00000,0x00000000eab00000,0x00000000eb780000)
  from space 1024K, 94% used [0x00000000eb980000,0x00000000eba72910,0x00000000eba80000)
  to   space 1536K, 0% used [0x00000000ebb00000,0x00000000ebb00000,0x00000000ebc80000)
 ParOldGen       total 664064K, used 663705K [0x00000000c0000000, 0x00000000e8880000, 0x00000000eab00000)
  object space 664064K, 99% used [0x00000000c0000000,0x00000000e8826758,0x00000000e8880000)
 Metaspace       used 77803K, committed 79424K, reserved 1179648K
  class space    used 7753K, committed 8448K, reserved 1048576K
}

