# JRE version: OpenJDK Runtime Environment Temurin-21.0.6+7 (21.0.6+7) (build 21.0.6+7-LTS)
# Java VM: OpenJDK 64-Bit Server VM Temurin-21.0.6+7 (21.0.6+7-LTS, mixed mode, sharing, tiered, compressed oops, compressed class ptrs, parallel gc, windows-amd64)
GC Precious Log:
 CardTable entry size: 512
 CPUs: 8 total, 8 available
 Memory: 7955M
 Large Page Support: Disabled
 NUMA Support: Disabled
 Compressed Oops: Enabled (32-bit)
 Alignments: Space 512K, Generation 512K, Heap 2M
 Heap Min Capacity: 100M
 Heap Initial Capacity: 100M
 Heap Max Capacity: 1G
 Pre-touch: Disabled
 Parallel Workers: 8
Heap:
 PSYoungGen      total 25088K, used 6301K [0x00000000eab00000, 0x00000000ec980000, 0x0000000100000000)
  eden space 24576K, 24% used [0x00000000eab00000,0x00000000eb0ef630,0x00000000ec300000)
  from space 512K, 43% used [0x00000000ec380000,0x00000000ec3b8000,0x00000000ec400000)
  to   space 2048K, 0% used [0x00000000ec780000,0x00000000ec780000,0x00000000ec980000)
 ParOldGen       total 333312K, used 326763K [0x00000000c0000000, 0x00000000d4580000, 0x00000000eab00000)
  object space 333312K, 98% used [0x00000000c0000000,0x00000000d3f1ac78,0x00000000d4580000)
 Metaspace       used 75416K, committed 77056K, reserved 1179648K
  class space    used 7532K, committed 8320K, reserved 1048576K
GC Heap History (20 events):
Event: 508.372 GC heap before
{Heap before GC invocations=1404 (full 5):
 PSYoungGen      total 13824K, used 13812K [0x00000000eab00000, 0x00000000ebf80000, 0x0000000100000000)
  eden space 10752K, 100% used [0x00000000eab00000,0x00000000eb580000,0x00000000eb580000)
  from space 3072K, 99% used [0x00000000eb580000,0x00000000eb87d178,0x00000000eb880000)
  to   space 5120K, 0% used [0x00000000eba80000,0x00000000eba80000,0x00000000ebf80000)
 ParOldGen       total 333312K, used 308321K [0x00000000c0000000, 0x00000000d4580000, 0x00000000eab00000)
  object space 333312K, 92% used [0x00000000c0000000,0x00000000d2d185e8,0x00000000d4580000)
 Metaspace       used 75318K, committed 76992K, reserved 1179648K
  class space    used 7531K, committed 8320K, reserved 1048576K
}
Event: 508.378 GC heap after
{Heap after GC invocations=1404 (full 5):
 PSYoungGen      total 16896K, used 3796K [0x00000000eab00000, 0x00000000ec000000, 0x0000000100000000)
  eden space 11776K, 0% used [0x00000000eab00000,0x00000000eab00000,0x00000000eb680000)
  from space 5120K, 74% used [0x00000000eba80000,0x00000000ebe35120,0x00000000ebf80000)
  to   space 4096K, 0% used [0x00000000eb680000,0x00000000eb680000,0x00000000eba80000)
 ParOldGen       total 333312K, used 311199K [0x00000000c0000000, 0x00000000d4580000, 0x00000000eab00000)
  object space 333312K, 93% used [0x00000000c0000000,0x00000000d2fe7c38,0x00000000d4580000)
 Metaspace       used 75318K, committed 76992K, reserved 1179648K
  class space    used 7531K, committed 8320K, reserved 1048576K
}
Event: 508.381 GC heap before
{Heap before GC invocations=1405 (full 5):
 PSYoungGen      total 16896K, used 15572K [0x00000000eab00000, 0x00000000ec000000, 0x0000000100000000)
  eden space 11776K, 100% used [0x00000000eab00000,0x00000000eb680000,0x00000000eb680000)
  from space 5120K, 74% used [0x00000000eba80000,0x00000000ebe35120,0x00000000ebf80000)
  to   space 4096K, 0% used [0x00000000eb680000,0x00000000eb680000,0x00000000eba80000)
 ParOldGen       total 333312K, used 311199K [0x00000000c0000000, 0x00000000d4580000, 0x00000000eab00000)
  object space 333312K, 93% used [0x00000000c0000000,0x00000000d2fe7c38,0x00000000d4580000)
 Metaspace       used 75318K, committed 76992K, reserved 1179648K
  class space    used 7531K, committed 8320K, reserved 1048576K
}
Event: 508.389 GC heap after
{Heap after GC invocations=1405 (full 5):
 PSYoungGen      total 15872K, used 2240K [0x00000000eab00000, 0x00000000ebf00000, 0x0000000100000000)
  eden space 11776K, 0% used [0x00000000eab00000,0x00000000eab00000,0x00000000eb680000)
  from space 4096K, 54% used [0x00000000eb680000,0x00000000eb8b0000,0x00000000eba80000)
  to   space 3072K, 0% used [0x00000000ebc00000,0x00000000ebc00000,0x00000000ebf00000)
 ParOldGen       total 333312K, used 314362K [0x00000000c0000000, 0x00000000d4580000, 0x00000000eab00000)
  object space 333312K, 94% used [0x00000000c0000000,0x00000000d32fe988,0x00000000d4580000)
 Metaspace       used 75318K, committed 76992K, reserved 1179648K
  class space    used 7531K, committed 8320K, reserved 1048576K
}
Event: 508.396 GC heap before
{Heap before GC invocations=1406 (full 5):
 PSYoungGen      total 15872K, used 14016K [0x00000000eab00000, 0x00000000ebf00000, 0x0000000100000000)
  eden space 11776K, 100% used [0x00000000eab00000,0x00000000eb680000,0x00000000eb680000)
  from space 4096K, 54% used [0x00000000eb680000,0x00000000eb8b0000,0x00000000eba80000)
  to   space 3072K, 0% used [0x00000000ebc00000,0x00000000ebc00000,0x00000000ebf00000)
 ParOldGen       total 333312K, used 314362K [0x00000000c0000000, 0x00000000d4580000, 0x00000000eab00000)
  object space 333312K, 94% used [0x00000000c0000000,0x00000000d32fe988,0x00000000d4580000)
 Metaspace       used 75318K, committed 76992K, reserved 1179648K
  class space    used 7531K, committed 8320K, reserved 1048576K
}
Event: 508.402 GC heap after
{Heap after GC invocations=1406 (full 5):
 PSYoungGen      total 15360K, used 896K [0x00000000eab00000, 0x00000000ebd00000, 0x0000000100000000)
  eden space 14336K, 0% used [0x00000000eab00000,0x00000000eab00000,0x00000000eb900000)
  from space 1024K, 87% used [0x00000000ebc00000,0x00000000ebce0000,0x00000000ebd00000)
  to   space 1536K, 0% used [0x00000000eba00000,0x00000000eba00000,0x00000000ebb80000)
 ParOldGen       total 333312K, used 316442K [0x00000000c0000000, 0x00000000d4580000, 0x00000000eab00000)
  object space 333312K, 94% used [0x00000000c0000000,0x00000000d3506988,0x00000000d4580000)
 Metaspace       used 75318K, committed 76992K, reserved 1179648K
  class space    used 7531K, committed 8320K, reserved 1048576K
}
Event: 544.983 GC heap before
{Heap before GC invocations=1407 (full 5):
 PSYoungGen      total 15360K, used 15232K [0x00000000eab00000, 0x00000000ebd00000, 0x0000000100000000)
  eden space 14336K, 100% used [0x00000000eab00000,0x00000000eb900000,0x00000000eb900000)
  from space 1024K, 87% used [0x00000000ebc00000,0x00000000ebce0000,0x00000000ebd00000)
  to   space 1536K, 0% used [0x00000000eba00000,0x00000000eba00000,0x00000000ebb80000)
 ParOldGen       total 333312K, used 316442K [0x00000000c0000000, 0x00000000d4580000, 0x00000000eab00000)
  object space 333312K, 94% used [0x00000000c0000000,0x00000000d3506988,0x00000000d4580000)
 Metaspace       used 75320K, committed 76992K, reserved 1179648K
  class space    used 7531K, committed 8320K, reserved 1048576K
}
Event: 545.001 GC heap after
{Heap after GC invocations=1407 (full 5):
 PSYoungGen      total 16896K, used 1517K [0x00000000eab00000, 0x00000000ec500000, 0x0000000100000000)
  eden space 15360K, 0% used [0x00000000eab00000,0x00000000eab00000,0x00000000eba00000)
  from space 1536K, 98% used [0x00000000eba00000,0x00000000ebb7b650,0x00000000ebb80000)
  to   space 4608K, 0% used [0x00000000ec080000,0x00000000ec080000,0x00000000ec500000)
 ParOldGen       total 333312K, used 318802K [0x00000000c0000000, 0x00000000d4580000, 0x00000000eab00000)
  object space 333312K, 95% used [0x00000000c0000000,0x00000000d3754988,0x00000000d4580000)
 Metaspace       used 75320K, committed 76992K, reserved 1179648K
  class space    used 7531K, committed 8320K, reserved 1048576K
}
Event: 545.010 GC heap before
{Heap before GC invocations=1408 (full 5):
 PSYoungGen      total 16896K, used 16877K [0x00000000eab00000, 0x00000000ec500000, 0x0000000100000000)
  eden space 15360K, 100% used [0x00000000eab00000,0x00000000eba00000,0x00000000eba00000)
  from space 1536K, 98% used [0x00000000eba00000,0x00000000ebb7b650,0x00000000ebb80000)
  to   space 4608K, 0% used [0x00000000ec080000,0x00000000ec080000,0x00000000ec500000)
 ParOldGen       total 333312K, used 318802K [0x00000000c0000000, 0x00000000d4580000, 0x00000000eab00000)
  object space 333312K, 95% used [0x00000000c0000000,0x00000000d3754988,0x00000000d4580000)
 Metaspace       used 75320K, committed 76992K, reserved 1179648K
  class space    used 7531K, committed 8320K, reserved 1048576K
}
Event: 545.013 GC heap after
{Heap after GC invocations=1408 (full 5):
 PSYoungGen      total 22016K, used 4365K [0x00000000eab00000, 0x00000000ec600000, 0x0000000100000000)
  eden space 17408K, 0% used [0x00000000eab00000,0x00000000eab00000,0x00000000ebc00000)
  from space 4608K, 94% used [0x00000000ec080000,0x00000000ec4c3650,0x00000000ec500000)
  to   space 4608K, 0% used [0x00000000ebc00000,0x00000000ebc00000,0x00000000ec080000)
 ParOldGen       total 333312K, used 318874K [0x00000000c0000000, 0x00000000d4580000, 0x00000000eab00000)
  object space 333312K, 95% used [0x00000000c0000000,0x00000000d3766988,0x00000000d4580000)
 Metaspace       used 75320K, committed 76992K, reserved 1179648K
  class space    used 7531K, committed 8320K, reserved 1048576K
}
Event: 545.020 GC heap before
{Heap before GC invocations=1409 (full 5):
 PSYoungGen      total 22016K, used 21773K [0x00000000eab00000, 0x00000000ec600000, 0x0000000100000000)
  eden space 17408K, 100% used [0x00000000eab00000,0x00000000ebc00000,0x00000000ebc00000)
  from space 4608K, 94% used [0x00000000ec080000,0x00000000ec4c3650,0x00000000ec500000)
  to   space 4608K, 0% used [0x00000000ebc00000,0x00000000ebc00000,0x00000000ec080000)
 ParOldGen       total 333312K, used 318874K [0x00000000c0000000, 0x00000000d4580000, 0x00000000eab00000)
  object space 333312K, 95% used [0x00000000c0000000,0x00000000d3766988,0x00000000d4580000)
 Metaspace       used 75320K, committed 76992K, reserved 1179648K
  class space    used 7531K, committed 8320K, reserved 1048576K
}
Event: 545.026 GC heap after
{Heap after GC invocations=1409 (full 5):
 PSYoungGen      total 22016K, used 2637K [0x00000000eab00000, 0x00000000ec680000, 0x0000000100000000)
  eden space 17408K, 0% used [0x00000000eab00000,0x00000000eab00000,0x00000000ebc00000)
  from space 4608K, 57% used [0x00000000ebc00000,0x00000000ebe93650,0x00000000ec080000)
  to   space 3584K, 0% used [0x00000000ec300000,0x00000000ec300000,0x00000000ec680000)
 ParOldGen       total 333312K, used 321733K [0x00000000c0000000, 0x00000000d4580000, 0x00000000eab00000)
  object space 333312K, 96% used [0x00000000c0000000,0x00000000d3a31628,0x00000000d4580000)
 Metaspace       used 75320K, committed 76992K, reserved 1179648K
  class space    used 7531K, committed 8320K, reserved 1048576K
}
Event: 546.965 GC heap before
{Heap before GC invocations=1410 (full 5):
 PSYoungGen      total 22016K, used 20045K [0x00000000eab00000, 0x00000000ec680000, 0x0000000100000000)
  eden space 17408K, 100% used [0x00000000eab00000,0x00000000ebc00000,0x00000000ebc00000)
  from space 4608K, 57% used [0x00000000ebc00000,0x00000000ebe93650,0x00000000ec080000)
  to   space 3584K, 0% used [0x00000000ec300000,0x00000000ec300000,0x00000000ec680000)
 ParOldGen       total 333312K, used 321733K [0x00000000c0000000, 0x00000000d4580000, 0x00000000eab00000)
  object space 333312K, 96% used [0x00000000c0000000,0x00000000d3a31628,0x00000000d4580000)
 Metaspace       used 75320K, committed 76992K, reserved 1179648K
  class space    used 7531K, committed 8320K, reserved 1048576K
}
Event: 546.968 GC heap after
{Heap after GC invocations=1410 (full 5):
 PSYoungGen      total 22016K, used 749K [0x00000000eab00000, 0x00000000ec400000, 0x0000000100000000)
  eden space 20992K, 0% used [0x00000000eab00000,0x00000000eab00000,0x00000000ebf80000)
  from space 1024K, 73% used [0x00000000ec300000,0x00000000ec3bb650,0x00000000ec400000)
  to   space 2048K, 0% used [0x00000000ec000000,0x00000000ec000000,0x00000000ec200000)
 ParOldGen       total 333312K, used 322949K [0x00000000c0000000, 0x00000000d4580000, 0x00000000eab00000)
  object space 333312K, 96% used [0x00000000c0000000,0x00000000d3b61628,0x00000000d4580000)
 Metaspace       used 75320K, committed 76992K, reserved 1179648K
  class space    used 7531K, committed 8320K, reserved 1048576K
}
Event: 546.991 GC heap before
{Heap before GC invocations=1411 (full 5):
 PSYoungGen      total 22016K, used 21741K [0x00000000eab00000, 0x00000000ec400000, 0x0000000100000000)
  eden space 20992K, 100% used [0x00000000eab00000,0x00000000ebf80000,0x00000000ebf80000)
  from space 1024K, 73% used [0x00000000ec300000,0x00000000ec3bb650,0x00000000ec400000)
  to   space 2048K, 0% used [0x00000000ec000000,0x00000000ec000000,0x00000000ec200000)
 ParOldGen       total 333312K, used 322949K [0x00000000c0000000, 0x00000000d4580000, 0x00000000eab00000)
  object space 333312K, 96% used [0x00000000c0000000,0x00000000d3b61628,0x00000000d4580000)
 Metaspace       used 75320K, committed 76992K, reserved 1179648K
  class space    used 7531K, committed 8320K, reserved 1048576K
}
Event: 546.998 GC heap after
{Heap after GC invocations=1411 (full 5):
 PSYoungGen      total 23552K, used 2022K [0x00000000eab00000, 0x00000000ece00000, 0x0000000100000000)
  eden space 21504K, 0% used [0x00000000eab00000,0x00000000eab00000,0x00000000ec000000)
  from space 2048K, 98% used [0x00000000ec000000,0x00000000ec1f9b28,0x00000000ec200000)
  to   space 5120K, 0% used [0x00000000ec900000,0x00000000ec900000,0x00000000ece00000)
 ParOldGen       total 333312K, used 325172K [0x00000000c0000000, 0x00000000d4580000, 0x00000000eab00000)
  object space 333312K, 97% used [0x00000000c0000000,0x00000000d3d8d150,0x00000000d4580000)
 Metaspace       used 75320K, committed 76992K, reserved 1179648K
  class space    used 7531K, committed 8320K, reserved 1048576K
}
Event: 547.011 GC heap before
{Heap before GC invocations=1412 (full 5):
 PSYoungGen      total 23552K, used 23526K [0x00000000eab00000, 0x00000000ece00000, 0x0000000100000000)
  eden space 21504K, 100% used [0x00000000eab00000,0x00000000ec000000,0x00000000ec000000)
  from space 2048K, 98% used [0x00000000ec000000,0x00000000ec1f9b28,0x00000000ec200000)
  to   space 5120K, 0% used [0x00000000ec900000,0x00000000ec900000,0x00000000ece00000)
 ParOldGen       total 333312K, used 325172K [0x00000000c0000000, 0x00000000d4580000, 0x00000000eab00000)
  object space 333312K, 97% used [0x00000000c0000000,0x00000000d3d8d150,0x00000000d4580000)
 Metaspace       used 75320K, committed 76992K, reserved 1179648K
  class space    used 7531K, committed 8320K, reserved 1048576K
}
Event: 547.015 GC heap after
{Heap after GC invocations=1412 (full 5):
 PSYoungGen      total 30208K, used 4909K [0x00000000eab00000, 0x00000000ecf80000, 0x0000000100000000)
  eden space 25088K, 0% used [0x00000000eab00000,0x00000000eab00000,0x00000000ec380000)
  from space 5120K, 95% used [0x00000000ec900000,0x00000000ecdcb650,0x00000000ece00000)
  to   space 5632K, 0% used [0x00000000ec380000,0x00000000ec380000,0x00000000ec900000)
 ParOldGen       total 333312K, used 325667K [0x00000000c0000000, 0x00000000d4580000, 0x00000000eab00000)
  object space 333312K, 97% used [0x00000000c0000000,0x00000000d3e08c78,0x00000000d4580000)
 Metaspace       used 75320K, committed 76992K, reserved 1179648K
  class space    used 7531K, committed 8320K, reserved 1048576K
}
Event: 547.619 GC heap before
{Heap before GC invocations=1413 (full 5):
 PSYoungGen      total 30208K, used 29997K [0x00000000eab00000, 0x00000000ecf80000, 0x0000000100000000)
  eden space 25088K, 99% used [0x00000000eab00000,0x00000000ec37fff0,0x00000000ec380000)
  from space 5120K, 95% used [0x00000000ec900000,0x00000000ecdcb650,0x00000000ece00000)
  to   space 5632K, 0% used [0x00000000ec380000,0x00000000ec380000,0x00000000ec900000)
 ParOldGen       total 333312K, used 325667K [0x00000000c0000000, 0x00000000d4580000, 0x00000000eab00000)
  object space 333312K, 97% used [0x00000000c0000000,0x00000000d3e08c78,0x00000000d4580000)
 Metaspace       used 75390K, committed 77056K, reserved 1179648K
  class space    used 7532K, committed 8320K, reserved 1048576K
}
Event: 547.624 GC heap after
{Heap after GC invocations=1413 (full 5):
 PSYoungGen      total 25088K, used 224K [0x00000000eab00000, 0x00000000ec980000, 0x0000000100000000)
  eden space 24576K, 0% used [0x00000000eab00000,0x00000000eab00000,0x00000000ec300000)
  from space 512K, 43% used [0x00000000ec380000,0x00000000ec3b8000,0x00000000ec400000)
  to   space 2048K, 0% used [0x00000000ec780000,0x00000000ec780000,0x00000000ec980000)
 ParOldGen       total 333312K, used 326763K [0x00000000c0000000, 0x00000000d4580000, 0x00000000eab00000)
  object space 333312K, 98% used [0x00000000c0000000,0x00000000d3f1ac78,0x00000000d4580000)
 Metaspace       used 75390K, committed 77056K, reserved 1179648K
  class space    used 7532K, committed 8320K, reserved 1048576K
}

