# JRE version: OpenJDK Runtime Environment Temurin-21.0.6+7 (21.0.6+7) (build 21.0.6+7-LTS)
# Java VM: OpenJDK 64-Bit Server VM Temurin-21.0.6+7 (21.0.6+7-LTS, mixed mode, sharing, tiered, compressed oops, compressed class ptrs, parallel gc, windows-amd64)
GC Precious Log:
 CardTable entry size: 512
 CPUs: 8 total, 8 available
 Memory: 7955M
 Large Page Support: Disabled
 NUMA Support: Disabled
 Compressed Oops: Enabled (32-bit)
 Alignments: Space 512K, Generation 512K, Heap 2M
 Heap Min Capacity: 100M
 Heap Initial Capacity: 100M
 Heap Max Capacity: 1G
 Pre-touch: Disabled
 Parallel Workers: 8
Heap:
 PSYoungGen      total 8704K, used 8649K [0x00000000eab00000, 0x00000000eb780000, 0x0000000100000000)
  eden space 6144K, 100% used [0x00000000eab00000,0x00000000eb100000,0x00000000eb100000)
  from space 2560K, 97% used [0x00000000eb100000,0x00000000eb3724e8,0x00000000eb380000)
  to   space 2560K, 37% used [0x00000000eb500000,0x00000000eb5edbc8,0x00000000eb780000)
 ParOldGen       total 368640K, used 368586K [0x00000000c0000000, 0x00000000d6800000, 0x00000000eab00000)
  object space 368640K, 99% used [0x00000000c0000000,0x00000000d67f2be0,0x00000000d6800000)
 Metaspace       used 64729K, committed 66176K, reserved 1114112K
  class space    used 6454K, committed 7104K, reserved 1048576K
GC Heap History (20 events):
Event: 15.915 GC heap before
{Heap before GC invocations=645 (full 3):
 PSYoungGen      total 4096K, used 4074K [0x00000000eab00000, 0x00000000eb200000, 0x0000000100000000)
  eden space 3072K, 100% used [0x00000000eab00000,0x00000000eae00000,0x00000000eae00000)
  from space 1024K, 97% used [0x00000000eae00000,0x00000000eaefab40,0x00000000eaf00000)
  to   space 1536K, 0% used [0x00000000eb080000,0x00000000eb080000,0x00000000eb200000)
 ParOldGen       total 349696K, used 349388K [0x00000000c0000000, 0x00000000d5580000, 0x00000000eab00000)
  object space 349696K, 99% used [0x00000000c0000000,0x00000000d55330c0,0x00000000d5580000)
 Metaspace       used 64204K, committed 65728K, reserved 1114112K
  class space    used 6408K, committed 7104K, reserved 1048576K
}
Event: 15.916 GC heap after
{Heap after GC invocations=645 (full 3):
 PSYoungGen      total 5632K, used 1188K [0x00000000eab00000, 0x00000000eb200000, 0x0000000100000000)
  eden space 4096K, 0% used [0x00000000eab00000,0x00000000eab00000,0x00000000eaf00000)
  from space 1536K, 77% used [0x00000000eb080000,0x00000000eb1a92b8,0x00000000eb200000)
  to   space 1536K, 0% used [0x00000000eaf00000,0x00000000eaf00000,0x00000000eb080000)
 ParOldGen       total 350720K, used 350256K [0x00000000c0000000, 0x00000000d5680000, 0x00000000eab00000)
  object space 350720K, 99% used [0x00000000c0000000,0x00000000d560c360,0x00000000d5680000)
 Metaspace       used 64204K, committed 65728K, reserved 1114112K
  class space    used 6408K, committed 7104K, reserved 1048576K
}
Event: 15.923 GC heap before
{Heap before GC invocations=646 (full 3):
 PSYoungGen      total 5632K, used 5276K [0x00000000eab00000, 0x00000000eb200000, 0x0000000100000000)
  eden space 4096K, 99% used [0x00000000eab00000,0x00000000eaefde88,0x00000000eaf00000)
  from space 1536K, 77% used [0x00000000eb080000,0x00000000eb1a92b8,0x00000000eb200000)
  to   space 1536K, 0% used [0x00000000eaf00000,0x00000000eaf00000,0x00000000eb080000)
 ParOldGen       total 350720K, used 350256K [0x00000000c0000000, 0x00000000d5680000, 0x00000000eab00000)
  object space 350720K, 99% used [0x00000000c0000000,0x00000000d560c360,0x00000000d5680000)
 Metaspace       used 64214K, committed 65728K, reserved 1114112K
  class space    used 6408K, committed 7104K, reserved 1048576K
}
Event: 15.925 GC heap after
{Heap after GC invocations=646 (full 3):
 PSYoungGen      total 5632K, used 1528K [0x00000000eab00000, 0x00000000eb400000, 0x0000000100000000)
  eden space 4096K, 0% used [0x00000000eab00000,0x00000000eab00000,0x00000000eaf00000)
  from space 1536K, 99% used [0x00000000eaf00000,0x00000000eb07e1f8,0x00000000eb080000)
  to   space 2048K, 0% used [0x00000000eb200000,0x00000000eb200000,0x00000000eb400000)
 ParOldGen       total 351744K, used 351415K [0x00000000c0000000, 0x00000000d5780000, 0x00000000eab00000)
  object space 351744K, 99% used [0x00000000c0000000,0x00000000d572de68,0x00000000d5780000)
 Metaspace       used 64214K, committed 65728K, reserved 1114112K
  class space    used 6408K, committed 7104K, reserved 1048576K
}
Event: 15.934 GC heap before
{Heap before GC invocations=647 (full 3):
 PSYoungGen      total 5632K, used 5611K [0x00000000eab00000, 0x00000000eb400000, 0x0000000100000000)
  eden space 4096K, 99% used [0x00000000eab00000,0x00000000eaefccb8,0x00000000eaf00000)
  from space 1536K, 99% used [0x00000000eaf00000,0x00000000eb07e1f8,0x00000000eb080000)
  to   space 2048K, 0% used [0x00000000eb200000,0x00000000eb200000,0x00000000eb400000)
 ParOldGen       total 351744K, used 351415K [0x00000000c0000000, 0x00000000d5780000, 0x00000000eab00000)
  object space 351744K, 99% used [0x00000000c0000000,0x00000000d572de68,0x00000000d5780000)
 Metaspace       used 64217K, committed 65728K, reserved 1114112K
  class space    used 6408K, committed 7104K, reserved 1048576K
}
Event: 15.936 GC heap after
{Heap after GC invocations=647 (full 3):
 PSYoungGen      total 7168K, used 1598K [0x00000000eab00000, 0x00000000eb400000, 0x0000000100000000)
  eden space 5120K, 0% used [0x00000000eab00000,0x00000000eab00000,0x00000000eb000000)
  from space 2048K, 78% used [0x00000000eb200000,0x00000000eb38f928,0x00000000eb400000)
  to   space 2048K, 0% used [0x00000000eb000000,0x00000000eb000000,0x00000000eb200000)
 ParOldGen       total 353280K, used 352804K [0x00000000c0000000, 0x00000000d5900000, 0x00000000eab00000)
  object space 353280K, 99% used [0x00000000c0000000,0x00000000d5889240,0x00000000d5900000)
 Metaspace       used 64217K, committed 65728K, reserved 1114112K
  class space    used 6408K, committed 7104K, reserved 1048576K
}
Event: 15.943 GC heap before
{Heap before GC invocations=648 (full 3):
 PSYoungGen      total 7168K, used 6718K [0x00000000eab00000, 0x00000000eb400000, 0x0000000100000000)
  eden space 5120K, 100% used [0x00000000eab00000,0x00000000eb000000,0x00000000eb000000)
  from space 2048K, 78% used [0x00000000eb200000,0x00000000eb38f928,0x00000000eb400000)
  to   space 2048K, 0% used [0x00000000eb000000,0x00000000eb000000,0x00000000eb200000)
 ParOldGen       total 353280K, used 352804K [0x00000000c0000000, 0x00000000d5900000, 0x00000000eab00000)
  object space 353280K, 99% used [0x00000000c0000000,0x00000000d5889240,0x00000000d5900000)
 Metaspace       used 64218K, committed 65728K, reserved 1114112K
  class space    used 6408K, committed 7104K, reserved 1048576K
}
Event: 15.945 GC heap after
{Heap after GC invocations=648 (full 3):
 PSYoungGen      total 7168K, used 2001K [0x00000000eab00000, 0x00000000eb600000, 0x0000000100000000)
  eden space 5120K, 0% used [0x00000000eab00000,0x00000000eab00000,0x00000000eb000000)
  from space 2048K, 97% used [0x00000000eb000000,0x00000000eb1f4768,0x00000000eb200000)
  to   space 2560K, 0% used [0x00000000eb380000,0x00000000eb380000,0x00000000eb600000)
 ParOldGen       total 354304K, used 354285K [0x00000000c0000000, 0x00000000d5a00000, 0x00000000eab00000)
  object space 354304K, 99% used [0x00000000c0000000,0x00000000d59fb7d8,0x00000000d5a00000)
 Metaspace       used 64218K, committed 65728K, reserved 1114112K
  class space    used 6408K, committed 7104K, reserved 1048576K
}
Event: 15.955 GC heap before
{Heap before GC invocations=649 (full 3):
 PSYoungGen      total 7168K, used 7121K [0x00000000eab00000, 0x00000000eb600000, 0x0000000100000000)
  eden space 5120K, 100% used [0x00000000eab00000,0x00000000eb000000,0x00000000eb000000)
  from space 2048K, 97% used [0x00000000eb000000,0x00000000eb1f4768,0x00000000eb200000)
  to   space 2560K, 0% used [0x00000000eb380000,0x00000000eb380000,0x00000000eb600000)
 ParOldGen       total 354304K, used 354285K [0x00000000c0000000, 0x00000000d5a00000, 0x00000000eab00000)
  object space 354304K, 99% used [0x00000000c0000000,0x00000000d59fb7d8,0x00000000d5a00000)
 Metaspace       used 64245K, committed 65728K, reserved 1114112K
  class space    used 6410K, committed 7104K, reserved 1048576K
}
Event: 15.959 GC heap after
{Heap after GC invocations=649 (full 3):
 PSYoungGen      total 8192K, used 1999K [0x00000000eab00000, 0x00000000eb580000, 0x0000000100000000)
  eden space 6144K, 0% used [0x00000000eab00000,0x00000000eab00000,0x00000000eb100000)
  from space 2048K, 97% used [0x00000000eb380000,0x00000000eb573d58,0x00000000eb580000)
  to   space 2048K, 0% used [0x00000000eb180000,0x00000000eb180000,0x00000000eb380000)
 ParOldGen       total 356352K, used 356143K [0x00000000c0000000, 0x00000000d5c00000, 0x00000000eab00000)
  object space 356352K, 99% used [0x00000000c0000000,0x00000000d5bcbc60,0x00000000d5c00000)
 Metaspace       used 64245K, committed 65728K, reserved 1114112K
  class space    used 6410K, committed 7104K, reserved 1048576K
}
Event: 15.972 GC heap before
{Heap before GC invocations=650 (full 3):
 PSYoungGen      total 8192K, used 8143K [0x00000000eab00000, 0x00000000eb580000, 0x0000000100000000)
  eden space 6144K, 100% used [0x00000000eab00000,0x00000000eb100000,0x00000000eb100000)
  from space 2048K, 97% used [0x00000000eb380000,0x00000000eb573d58,0x00000000eb580000)
  to   space 2048K, 0% used [0x00000000eb180000,0x00000000eb180000,0x00000000eb380000)
 ParOldGen       total 356352K, used 356143K [0x00000000c0000000, 0x00000000d5c00000, 0x00000000eab00000)
  object space 356352K, 99% used [0x00000000c0000000,0x00000000d5bcbc60,0x00000000d5c00000)
 Metaspace       used 64266K, committed 65728K, reserved 1114112K
  class space    used 6413K, committed 7104K, reserved 1048576K
}
Event: 15.975 GC heap after
{Heap after GC invocations=650 (full 3):
 PSYoungGen      total 8192K, used 2039K [0x00000000eab00000, 0x00000000eb600000, 0x0000000100000000)
  eden space 6144K, 0% used [0x00000000eab00000,0x00000000eab00000,0x00000000eb100000)
  from space 2048K, 99% used [0x00000000eb180000,0x00000000eb37dcf0,0x00000000eb380000)
  to   space 2560K, 0% used [0x00000000eb380000,0x00000000eb380000,0x00000000eb600000)
 ParOldGen       total 358400K, used 358297K [0x00000000c0000000, 0x00000000d5e00000, 0x00000000eab00000)
  object space 358400K, 99% used [0x00000000c0000000,0x00000000d5de6400,0x00000000d5e00000)
 Metaspace       used 64266K, committed 65728K, reserved 1114112K
  class space    used 6413K, committed 7104K, reserved 1048576K
}
Event: 15.986 GC heap before
{Heap before GC invocations=651 (full 3):
 PSYoungGen      total 8192K, used 8183K [0x00000000eab00000, 0x00000000eb600000, 0x0000000100000000)
  eden space 6144K, 100% used [0x00000000eab00000,0x00000000eb100000,0x00000000eb100000)
  from space 2048K, 99% used [0x00000000eb180000,0x00000000eb37dcf0,0x00000000eb380000)
  to   space 2560K, 0% used [0x00000000eb380000,0x00000000eb380000,0x00000000eb600000)
 ParOldGen       total 358400K, used 358297K [0x00000000c0000000, 0x00000000d5e00000, 0x00000000eab00000)
  object space 358400K, 99% used [0x00000000c0000000,0x00000000d5de6400,0x00000000d5e00000)
 Metaspace       used 64296K, committed 65856K, reserved 1114112K
  class space    used 6415K, committed 7104K, reserved 1048576K
}
Event: 15.988 GC heap after
{Heap after GC invocations=651 (full 3):
 PSYoungGen      total 8704K, used 2438K [0x00000000eab00000, 0x00000000eb600000, 0x0000000100000000)
  eden space 6144K, 0% used [0x00000000eab00000,0x00000000eab00000,0x00000000eb100000)
  from space 2560K, 95% used [0x00000000eb380000,0x00000000eb5e1860,0x00000000eb600000)
  to   space 2560K, 0% used [0x00000000eb100000,0x00000000eb100000,0x00000000eb380000)
 ParOldGen       total 360448K, used 360171K [0x00000000c0000000, 0x00000000d6000000, 0x00000000eab00000)
  object space 360448K, 99% used [0x00000000c0000000,0x00000000d5fbad78,0x00000000d6000000)
 Metaspace       used 64296K, committed 65856K, reserved 1114112K
  class space    used 6415K, committed 7104K, reserved 1048576K
}
Event: 15.998 GC heap before
{Heap before GC invocations=652 (full 3):
 PSYoungGen      total 8704K, used 8582K [0x00000000eab00000, 0x00000000eb600000, 0x0000000100000000)
  eden space 6144K, 100% used [0x00000000eab00000,0x00000000eb100000,0x00000000eb100000)
  from space 2560K, 95% used [0x00000000eb380000,0x00000000eb5e1860,0x00000000eb600000)
  to   space 2560K, 0% used [0x00000000eb100000,0x00000000eb100000,0x00000000eb380000)
 ParOldGen       total 360448K, used 360171K [0x00000000c0000000, 0x00000000d6000000, 0x00000000eab00000)
  object space 360448K, 99% used [0x00000000c0000000,0x00000000d5fbad78,0x00000000d6000000)
 Metaspace       used 64344K, committed 65856K, reserved 1114112K
  class space    used 6421K, committed 7104K, reserved 1048576K
}
Event: 16.000 GC heap after
{Heap after GC invocations=652 (full 3):
 PSYoungGen      total 8704K, used 2518K [0x00000000eab00000, 0x00000000eb600000, 0x0000000100000000)
  eden space 6144K, 0% used [0x00000000eab00000,0x00000000eab00000,0x00000000eb100000)
  from space 2560K, 98% used [0x00000000eb100000,0x00000000eb375a50,0x00000000eb380000)
  to   space 2560K, 0% used [0x00000000eb380000,0x00000000eb380000,0x00000000eb600000)
 ParOldGen       total 363008K, used 362501K [0x00000000c0000000, 0x00000000d6280000, 0x00000000eab00000)
  object space 363008K, 99% used [0x00000000c0000000,0x00000000d6201720,0x00000000d6280000)
 Metaspace       used 64344K, committed 65856K, reserved 1114112K
  class space    used 6421K, committed 7104K, reserved 1048576K
}
Event: 16.009 GC heap before
{Heap before GC invocations=653 (full 3):
 PSYoungGen      total 8704K, used 8662K [0x00000000eab00000, 0x00000000eb600000, 0x0000000100000000)
  eden space 6144K, 100% used [0x00000000eab00000,0x00000000eb100000,0x00000000eb100000)
  from space 2560K, 98% used [0x00000000eb100000,0x00000000eb375a50,0x00000000eb380000)
  to   space 2560K, 0% used [0x00000000eb380000,0x00000000eb380000,0x00000000eb600000)
 ParOldGen       total 363008K, used 362501K [0x00000000c0000000, 0x00000000d6280000, 0x00000000eab00000)
  object space 363008K, 99% used [0x00000000c0000000,0x00000000d6201720,0x00000000d6280000)
 Metaspace       used 64387K, committed 65920K, reserved 1114112K
  class space    used 6425K, committed 7104K, reserved 1048576K
}
Event: 16.011 GC heap after
{Heap after GC invocations=653 (full 3):
 PSYoungGen      total 8704K, used 2492K [0x00000000eab00000, 0x00000000eb780000, 0x0000000100000000)
  eden space 6144K, 0% used [0x00000000eab00000,0x00000000eab00000,0x00000000eb100000)
  from space 2560K, 97% used [0x00000000eb380000,0x00000000eb5ef0f8,0x00000000eb600000)
  to   space 2560K, 0% used [0x00000000eb100000,0x00000000eb100000,0x00000000eb380000)
 ParOldGen       total 365056K, used 364868K [0x00000000c0000000, 0x00000000d6480000, 0x00000000eab00000)
  object space 365056K, 99% used [0x00000000c0000000,0x00000000d6451380,0x00000000d6480000)
 Metaspace       used 64387K, committed 65920K, reserved 1114112K
  class space    used 6425K, committed 7104K, reserved 1048576K
}
Event: 16.021 GC heap before
{Heap before GC invocations=654 (full 3):
 PSYoungGen      total 8704K, used 8636K [0x00000000eab00000, 0x00000000eb780000, 0x0000000100000000)
  eden space 6144K, 100% used [0x00000000eab00000,0x00000000eb100000,0x00000000eb100000)
  from space 2560K, 97% used [0x00000000eb380000,0x00000000eb5ef0f8,0x00000000eb600000)
  to   space 2560K, 0% used [0x00000000eb100000,0x00000000eb100000,0x00000000eb380000)
 ParOldGen       total 365056K, used 364868K [0x00000000c0000000, 0x00000000d6480000, 0x00000000eab00000)
  object space 365056K, 99% used [0x00000000c0000000,0x00000000d6451380,0x00000000d6480000)
 Metaspace       used 64427K, committed 65984K, reserved 1114112K
  class space    used 6428K, committed 7104K, reserved 1048576K
}
Event: 16.024 GC heap after
{Heap after GC invocations=654 (full 3):
 PSYoungGen      total 8704K, used 2505K [0x00000000eab00000, 0x00000000eb780000, 0x0000000100000000)
  eden space 6144K, 0% used [0x00000000eab00000,0x00000000eab00000,0x00000000eb100000)
  from space 2560K, 97% used [0x00000000eb100000,0x00000000eb3724e8,0x00000000eb380000)
  to   space 2560K, 0% used [0x00000000eb500000,0x00000000eb500000,0x00000000eb780000)
 ParOldGen       total 367616K, used 367255K [0x00000000c0000000, 0x00000000d6700000, 0x00000000eab00000)
  object space 367616K, 99% used [0x00000000c0000000,0x00000000d66a5e80,0x00000000d6700000)
 Metaspace       used 64427K, committed 65984K, reserved 1114112K
  class space    used 6428K, committed 7104K, reserved 1048576K
}

